This file contains any messages produced by compilers while
running configure, to aid debugging if configure makes a mistake.

It was created by ou configure 0, which was
generated by GNU Autoconf 2.68.  Invocation command line was

  $ ./configure --disable-option-checking --prefix=/home/danilo/Downloads/skunks-4.2.0/ODE/local --disable-demos --cache-file=/dev/null --srcdir=.

## --------- ##
## Platform. ##
## --------- ##

hostname = X1Carbon
uname -m = x86_64
uname -r = 4.18.4-arch1-1-ARCH
uname -s = Linux
uname -v = #1 SMP PREEMPT Wed Aug 22 07:33:26 UTC 2018

/usr/bin/uname -p = unknown
/bin/uname -X     = unknown

/bin/arch              = unknown
/usr/bin/arch -k       = unknown
/usr/convex/getsysinfo = unknown
/usr/bin/hostinfo      = unknown
/bin/machine           = unknown
/usr/bin/oslevel       = unknown
/bin/universe          = unknown

PATH: /usr/local/sbin
PATH: /usr/local/bin
PATH: /usr/bin
PATH: /usr/bin/site_perl
PATH: /usr/bin/vendor_perl
PATH: /usr/bin/core_perl


## ----------- ##
## Core tests. ##
## ----------- ##

configure:2537: checking build system type
configure:2551: result: x86_64-unknown-linux-gnu
configure:2571: checking host system type
configure:2584: result: x86_64-unknown-linux-gnu
configure:2652: checking for gcc
configure:2668: found /usr/bin/gcc
configure:2679: result: gcc
configure:2908: checking for C compiler version
configure:2917: gcc --version >&5
gcc (GCC) 8.2.0
Copyright (C) 2018 Free Software Foundation, Inc.
This is free software; see the source for copying conditions.  There is NO
warranty; not even for MERCHANTABILITY or FITNESS FOR A PARTICULAR PURPOSE.

configure:2928: $? = 0
configure:2917: gcc -v >&5
Using built-in specs.
COLLECT_GCC=gcc
COLLECT_LTO_WRAPPER=/usr/lib/gcc/x86_64-pc-linux-gnu/8.2.0/lto-wrapper
Target: x86_64-pc-linux-gnu
Configured with: /build/gcc/src/gcc/configure --prefix=/usr --libdir=/usr/lib --libexecdir=/usr/lib --mandir=/usr/share/man --infodir=/usr/share/info --with-bugurl=https://bugs.archlinux.org/ --enable-languages=c,c++,ada,fortran,go,lto,objc,obj-c++ --enable-shared --enable-threads=posix --enable-libmpx --with-system-zlib --with-isl --enable-__cxa_atexit --disable-libunwind-exceptions --enable-clocale=gnu --disable-libstdcxx-pch --disable-libssp --enable-gnu-unique-object --enable-linker-build-id --enable-lto --enable-plugin --enable-install-libiberty --with-linker-hash-style=gnu --enable-gnu-indirect-function --enable-multilib --disable-werror --enable-checking=release --enable-default-pie --enable-default-ssp --enable-cet=auto
Thread model: posix
gcc version 8.2.0 (GCC) 
configure:2928: $? = 0
configure:2917: gcc -V >&5
gcc: error: unrecognized command line option '-V'
gcc: fatal error: no input files
compilation terminated.
configure:2928: $? = 1
configure:2917: gcc -qversion >&5
gcc: error: unrecognized command line option '-qversion'; did you mean '--version'?
gcc: fatal error: no input files
compilation terminated.
configure:2928: $? = 1
configure:2948: checking whether the C compiler works
configure:2970: gcc    conftest.c  >&5
configure:2974: $? = 0
configure:3022: result: yes
configure:3025: checking for C compiler default output file name
configure:3027: result: a.out
configure:3033: checking for suffix of executables
configure:3040: gcc -o conftest    conftest.c  >&5
configure:3044: $? = 0
configure:3066: result: 
configure:3088: checking whether we are cross compiling
configure:3096: gcc -o conftest    conftest.c  >&5
configure:3100: $? = 0
configure:3107: ./conftest
configure:3111: $? = 0
configure:3126: result: no
configure:3131: checking for suffix of object files
configure:3153: gcc -c   conftest.c >&5
configure:3157: $? = 0
configure:3178: result: o
configure:3182: checking whether we are using the GNU C compiler
configure:3201: gcc -c   conftest.c >&5
configure:3201: $? = 0
configure:3210: result: yes
configure:3219: checking whether gcc accepts -g
configure:3239: gcc -c -g  conftest.c >&5
configure:3239: $? = 0
configure:3280: result: yes
configure:3297: checking for gcc option to accept ISO C89
configure:3361: gcc  -c -g -O2  conftest.c >&5
configure:3361: $? = 0
configure:3374: result: none needed
configure:3400: checking how to run the C preprocessor
configure:3431: gcc -E  conftest.c
configure:3431: $? = 0
configure:3445: gcc -E  conftest.c
conftest.c:9:10: fatal error: ac_nonexistent.h: No such file or directory
 #include <ac_nonexistent.h>
          ^~~~~~~~~~~~~~~~~~
compilation terminated.
configure:3445: $? = 1
configure: failed program was:
| /* confdefs.h */
| #define PACKAGE_NAME "ou"
| #define PACKAGE_TARNAME "ou"
| #define PACKAGE_VERSION "0"
| #define PACKAGE_STRING "ou 0"
| #define PACKAGE_BUGREPORT "oleh_derevenko@users.sourceforge.net"
| #define PACKAGE_URL ""
| /* end confdefs.h.  */
| #include <ac_nonexistent.h>
configure:3470: result: gcc -E
configure:3490: gcc -E  conftest.c
configure:3490: $? = 0
configure:3504: gcc -E  conftest.c
conftest.c:9:10: fatal error: ac_nonexistent.h: No such file or directory
 #include <ac_nonexistent.h>
          ^~~~~~~~~~~~~~~~~~
compilation terminated.
configure:3504: $? = 1
configure: failed program was:
| /* confdefs.h */
| #define PACKAGE_NAME "ou"
| #define PACKAGE_TARNAME "ou"
| #define PACKAGE_VERSION "0"
| #define PACKAGE_STRING "ou 0"
| #define PACKAGE_BUGREPORT "oleh_derevenko@users.sourceforge.net"
| #define PACKAGE_URL ""
| /* end confdefs.h.  */
| #include <ac_nonexistent.h>
configure:3533: checking for grep that handles long lines and -e
configure:3591: result: /usr/bin/grep
configure:3596: checking for egrep
configure:3658: result: /usr/bin/grep -E
configure:3663: checking for ANSI C header files
configure:3683: gcc -c -g -O2  conftest.c >&5
configure:3683: $? = 0
configure:3756: gcc -o conftest -g -O2   conftest.c  >&5
configure:3756: $? = 0
configure:3756: ./conftest
configure:3756: $? = 0
configure:3767: result: yes
configure:3780: checking for sys/types.h
configure:3780: gcc -c -g -O2  conftest.c >&5
configure:3780: $? = 0
configure:3780: result: yes
configure:3780: checking for sys/stat.h
configure:3780: gcc -c -g -O2  conftest.c >&5
configure:3780: $? = 0
configure:3780: result: yes
configure:3780: checking for stdlib.h
configure:3780: gcc -c -g -O2  conftest.c >&5
configure:3780: $? = 0
configure:3780: result: yes
configure:3780: checking for string.h
configure:3780: gcc -c -g -O2  conftest.c >&5
configure:3780: $? = 0
configure:3780: result: yes
configure:3780: checking for memory.h
configure:3780: gcc -c -g -O2  conftest.c >&5
configure:3780: $? = 0
configure:3780: result: yes
configure:3780: checking for strings.h
configure:3780: gcc -c -g -O2  conftest.c >&5
configure:3780: $? = 0
configure:3780: result: yes
configure:3780: checking for inttypes.h
configure:3780: gcc -c -g -O2  conftest.c >&5
configure:3780: $? = 0
configure:3780: result: yes
configure:3780: checking for stdint.h
configure:3780: gcc -c -g -O2  conftest.c >&5
configure:3780: $? = 0
configure:3780: result: yes
configure:3780: checking for unistd.h
configure:3780: gcc -c -g -O2  conftest.c >&5
configure:3780: $? = 0
configure:3780: result: yes
configure:3793: checking minix/config.h usability
configure:3793: gcc -c -g -O2  conftest.c >&5
conftest.c:52:10: fatal error: minix/config.h: No such file or directory
 #include <minix/config.h>
          ^~~~~~~~~~~~~~~~
compilation terminated.
configure:3793: $? = 1
configure: failed program was:
| /* confdefs.h */
| #define PACKAGE_NAME "ou"
| #define PACKAGE_TARNAME "ou"
| #define PACKAGE_VERSION "0"
| #define PACKAGE_STRING "ou 0"
| #define PACKAGE_BUGREPORT "oleh_derevenko@users.sourceforge.net"
| #define PACKAGE_URL ""
| #define STDC_HEADERS 1
| #define HAVE_SYS_TYPES_H 1
| #define HAVE_SYS_STAT_H 1
| #define HAVE_STDLIB_H 1
| #define HAVE_STRING_H 1
| #define HAVE_MEMORY_H 1
| #define HAVE_STRINGS_H 1
| #define HAVE_INTTYPES_H 1
| #define HAVE_STDINT_H 1
| #define HAVE_UNISTD_H 1
| /* end confdefs.h.  */
| #include <stdio.h>
| #ifdef HAVE_SYS_TYPES_H
| # include <sys/types.h>
| #endif
| #ifdef HAVE_SYS_STAT_H
| # include <sys/stat.h>
| #endif
| #ifdef STDC_HEADERS
| # include <stdlib.h>
| # include <stddef.h>
| #else
| # ifdef HAVE_STDLIB_H
| #  include <stdlib.h>
| # endif
| #endif
| #ifdef HAVE_STRING_H
| # if !defined STDC_HEADERS && defined HAVE_MEMORY_H
| #  include <memory.h>
| # endif
| # include <string.h>
| #endif
| #ifdef HAVE_STRINGS_H
| # include <strings.h>
| #endif
| #ifdef HAVE_INTTYPES_H
| # include <inttypes.h>
| #endif
| #ifdef HAVE_STDINT_H
| # include <stdint.h>
| #endif
| #ifdef HAVE_UNISTD_H
| # include <unistd.h>
| #endif
| #include <minix/config.h>
configure:3793: result: no
configure:3793: checking minix/config.h presence
configure:3793: gcc -E  conftest.c
conftest.c:19:10: fatal error: minix/config.h: No such file or directory
 #include <minix/config.h>
          ^~~~~~~~~~~~~~~~
compilation terminated.
configure:3793: $? = 1
configure: failed program was:
| /* confdefs.h */
| #define PACKAGE_NAME "ou"
| #define PACKAGE_TARNAME "ou"
| #define PACKAGE_VERSION "0"
| #define PACKAGE_STRING "ou 0"
| #define PACKAGE_BUGREPORT "oleh_derevenko@users.sourceforge.net"
| #define PACKAGE_URL ""
| #define STDC_HEADERS 1
| #define HAVE_SYS_TYPES_H 1
| #define HAVE_SYS_STAT_H 1
| #define HAVE_STDLIB_H 1
| #define HAVE_STRING_H 1
| #define HAVE_MEMORY_H 1
| #define HAVE_STRINGS_H 1
| #define HAVE_INTTYPES_H 1
| #define HAVE_STDINT_H 1
| #define HAVE_UNISTD_H 1
| /* end confdefs.h.  */
| #include <minix/config.h>
configure:3793: result: no
configure:3793: checking for minix/config.h
configure:3793: result: no
configure:3814: checking whether it is safe to define __EXTENSIONS__
configure:3832: gcc -c -g -O2  conftest.c >&5
configure:3832: $? = 0
configure:3839: result: yes
configure:3869: checking for a BSD-compatible install
configure:3937: result: /usr/bin/install -c
configure:3948: checking whether build environment is sane
configure:3998: result: yes
configure:4139: checking for a thread-safe mkdir -p
configure:4178: result: /usr/bin/mkdir -p
configure:4191: checking for gawk
configure:4207: found /usr/bin/gawk
configure:4218: result: gawk
configure:4229: checking whether make sets $(MAKE)
configure:4251: result: yes
configure:4281: checking for style of include used by make
configure:4309: result: GNU
configure:4394: checking dependency style of gcc
configure:4504: result: gcc3
configure:4521: checking target OS
configure:4552: result: unix
configure:4622: checking for g++
configure:4638: found /usr/bin/g++
configure:4649: result: g++
configure:4676: checking for C++ compiler version
configure:4685: g++ --version >&5
g++ (GCC) 8.2.0
Copyright (C) 2018 Free Software Foundation, Inc.
This is free software; see the source for copying conditions.  There is NO
warranty; not even for MERCHANTABILITY or FITNESS FOR A PARTICULAR PURPOSE.

configure:4696: $? = 0
configure:4685: g++ -v >&5
Using built-in specs.
COLLECT_GCC=g++
COLLECT_LTO_WRAPPER=/usr/lib/gcc/x86_64-pc-linux-gnu/8.2.0/lto-wrapper
Target: x86_64-pc-linux-gnu
Configured with: /build/gcc/src/gcc/configure --prefix=/usr --libdir=/usr/lib --libexecdir=/usr/lib --mandir=/usr/share/man --infodir=/usr/share/info --with-bugurl=https://bugs.archlinux.org/ --enable-languages=c,c++,ada,fortran,go,lto,objc,obj-c++ --enable-shared --enable-threads=posix --enable-libmpx --with-system-zlib --with-isl --enable-__cxa_atexit --disable-libunwind-exceptions --enable-clocale=gnu --disable-libstdcxx-pch --disable-libssp --enable-gnu-unique-object --enable-linker-build-id --enable-lto --enable-plugin --enable-install-libiberty --with-linker-hash-style=gnu --enable-gnu-indirect-function --enable-multilib --disable-werror --enable-checking=release --enable-default-pie --enable-default-ssp --enable-cet=auto
Thread model: posix
gcc version 8.2.0 (GCC) 
configure:4696: $? = 0
configure:4685: g++ -V >&5
g++: error: unrecognized command line option '-V'
g++: fatal error: no input files
compilation terminated.
configure:4696: $? = 1
configure:4685: g++ -qversion >&5
g++: error: unrecognized command line option '-qversion'; did you mean '--version'?
g++: fatal error: no input files
compilation terminated.
configure:4696: $? = 1
configure:4700: checking whether we are using the GNU C++ compiler
configure:4719: g++ -c   conftest.cpp >&5
configure:4719: $? = 0
configure:4728: result: yes
configure:4737: checking whether g++ accepts -g
configure:4757: g++ -c -g  conftest.cpp >&5
configure:4757: $? = 0
configure:4798: result: yes
configure:4823: checking dependency style of g++
configure:4933: result: gcc3
configure:4996: checking for gcc
configure:5023: result: gcc
configure:5252: checking for C compiler version
configure:5261: gcc --version >&5
gcc (GCC) 8.2.0
Copyright (C) 2018 Free Software Foundation, Inc.
This is free software; see the source for copying conditions.  There is NO
warranty; not even for MERCHANTABILITY or FITNESS FOR A PARTICULAR PURPOSE.

configure:5272: $? = 0
configure:5261: gcc -v >&5
Using built-in specs.
COLLECT_GCC=gcc
COLLECT_LTO_WRAPPER=/usr/lib/gcc/x86_64-pc-linux-gnu/8.2.0/lto-wrapper
Target: x86_64-pc-linux-gnu
Configured with: /build/gcc/src/gcc/configure --prefix=/usr --libdir=/usr/lib --libexecdir=/usr/lib --mandir=/usr/share/man --infodir=/usr/share/info --with-bugurl=https://bugs.archlinux.org/ --enable-languages=c,c++,ada,fortran,go,lto,objc,obj-c++ --enable-shared --enable-threads=posix --enable-libmpx --with-system-zlib --with-isl --enable-__cxa_atexit --disable-libunwind-exceptions --enable-clocale=gnu --disable-libstdcxx-pch --disable-libssp --enable-gnu-unique-object --enable-linker-build-id --enable-lto --enable-plugin --enable-install-libiberty --with-linker-hash-style=gnu --enable-gnu-indirect-function --enable-multilib --disable-werror --enable-checking=release --enable-default-pie --enable-default-ssp --enable-cet=auto
Thread model: posix
gcc version 8.2.0 (GCC) 
configure:5272: $? = 0
configure:5261: gcc -V >&5
gcc: error: unrecognized command line option '-V'
gcc: fatal error: no input files
compilation terminated.
configure:5272: $? = 1
configure:5261: gcc -qversion >&5
gcc: error: unrecognized command line option '-qversion'; did you mean '--version'?
gcc: fatal error: no input files
compilation terminated.
configure:5272: $? = 1
configure:5276: checking whether we are using the GNU C compiler
configure:5304: result: yes
configure:5313: checking whether gcc accepts -g
configure:5374: result: yes
configure:5391: checking for gcc option to accept ISO C89
configure:5468: result: none needed
configure:5492: checking for gawk
configure:5519: result: gawk
configure:5574: checking for ranlib
configure:5590: found /usr/bin/ranlib
configure:5601: result: ranlib
configure:5628: checking how to run the C preprocessor
configure:5698: result: gcc -E
configure:5718: gcc -E  conftest.c
configure:5718: $? = 0
configure:5732: gcc -E  conftest.c
conftest.c:26:10: fatal error: ac_nonexistent.h: No such file or directory
 #include <ac_nonexistent.h>
          ^~~~~~~~~~~~~~~~~~
compilation terminated.
configure:5732: $? = 1
configure: failed program was:
| /* confdefs.h */
| #define PACKAGE_NAME "ou"
| #define PACKAGE_TARNAME "ou"
| #define PACKAGE_VERSION "0"
| #define PACKAGE_STRING "ou 0"
| #define PACKAGE_BUGREPORT "oleh_derevenko@users.sourceforge.net"
| #define PACKAGE_URL ""
| #define STDC_HEADERS 1
| #define HAVE_SYS_TYPES_H 1
| #define HAVE_SYS_STAT_H 1
| #define HAVE_STDLIB_H 1
| #define HAVE_STRING_H 1
| #define HAVE_MEMORY_H 1
| #define HAVE_STRINGS_H 1
| #define HAVE_INTTYPES_H 1
| #define HAVE_STDINT_H 1
| #define HAVE_UNISTD_H 1
| #define __EXTENSIONS__ 1
| #define _ALL_SOURCE 1
| #define _GNU_SOURCE 1
| #define _POSIX_PTHREAD_SEMANTICS 1
| #define _TANDEM_SOURCE 1
| #define PACKAGE "ou"
| #define VERSION "0"
| /* end confdefs.h.  */
| #include <ac_nonexistent.h>
configure:6110: checking how to print strings
configure:6137: result: printf
configure:6158: checking for a sed that does not truncate output
configure:6222: result: /usr/bin/sed
configure:6240: checking for fgrep
configure:6302: result: /usr/bin/grep -F
configure:6337: checking for ld used by gcc
configure:6404: result: /usr/bin/ld
configure:6411: checking if the linker (/usr/bin/ld) is GNU ld
configure:6426: result: yes
configure:6438: checking for BSD- or MS-compatible name lister (nm)
configure:6487: result: /usr/bin/nm -B
configure:6617: checking the name lister (/usr/bin/nm -B) interface
configure:6624: gcc -c -g -O2  conftest.c >&5
configure:6627: /usr/bin/nm -B "conftest.o"
configure:6630: output
0000000000000000 B some_variable
configure:6637: result: BSD nm
configure:6640: checking whether ln -s works
configure:6644: result: yes
configure:6652: checking the maximum length of command line arguments
configure:6777: result: 1572864
configure:6794: checking whether the shell understands some XSI constructs
configure:6804: result: yes
configure:6808: checking whether the shell understands "+="
configure:6814: result: yes
configure:6849: checking how to convert x86_64-unknown-linux-gnu file names to x86_64-unknown-linux-gnu format
configure:6889: result: func_convert_file_noop
configure:6896: checking how to convert x86_64-unknown-linux-gnu file names to toolchain format
configure:6916: result: func_convert_file_noop
configure:6923: checking for /usr/bin/ld option to reload object files
configure:6930: result: -r
configure:7004: checking for objdump
configure:7031: result: objdump
configure:7060: checking how to recognize dependent libraries
configure:7262: result: pass_all
configure:7347: checking for dlltool
configure:7374: result: dlltool
configure:7404: checking how to associate runtime and link libraries
configure:7431: result: printf %s\n
configure:7491: checking for ar
configure:7507: found /usr/bin/ar
configure:7518: result: ar
configure:7555: checking for archiver @FILE support
configure:7572: gcc -c -g -O2  conftest.c >&5
configure:7572: $? = 0
configure:7575: ar cru libconftest.a @conftest.lst >&5
ar: `u' modifier ignored since `D' is the default (see `U')
configure:7578: $? = 0
configure:7583: ar cru libconftest.a @conftest.lst >&5
ar: `u' modifier ignored since `D' is the default (see `U')
ar: conftest.o: No such file or directory
configure:7586: $? = 1
configure:7598: result: @
configure:7656: checking for strip
configure:7672: found /usr/bin/strip
configure:7683: result: strip
configure:7755: checking for ranlib
configure:7782: result: ranlib
configure:7884: checking command to parse /usr/bin/nm -B output from gcc object
configure:8003: gcc -c -g -O2  conftest.c >&5
configure:8006: $? = 0
configure:8010: /usr/bin/nm -B conftest.o \| sed -n -e 's/^.*[ ]\([ABCDGIRSTW][ABCDGIRSTW]*\)[ ][ ]*\([_A-Za-z][_A-Za-z0-9]*\)$/\1 \2 \2/p' | sed '/ __gnu_lto/d' \> conftest.nm
configure:8013: $? = 0
configure:8079: gcc -o conftest -g -O2   conftest.c conftstm.o >&5
configure:8082: $? = 0
configure:8120: result: ok
configure:8157: checking for sysroot
configure:8187: result: no
configure:8264: gcc -c -g -O2  conftest.c >&5
configure:8267: $? = 0
configure:8430: checking for mt
configure:8460: result: no
configure:8480: checking if : is a manifest tool
configure:8486: : '-?'
configure:8494: result: no
configure:9123: checking for dlfcn.h
configure:9123: gcc -c -g -O2  conftest.c >&5
configure:9123: $? = 0
configure:9123: result: yes
configure:9319: checking for objdir
configure:9334: result: .libs
configure:9601: checking if gcc supports -fno-rtti -fno-exceptions
configure:9619: gcc -c -g -O2  -fno-rtti -fno-exceptions conftest.c >&5
cc1: warning: command line option '-fno-rtti' is valid for C++/ObjC++ but not for C
configure:9623: $? = 0
configure:9636: result: no
configure:9946: checking for gcc option to produce PIC
configure:9953: result: -fPIC -DPIC
configure:9961: checking if gcc PIC flag -fPIC -DPIC works
configure:9979: gcc -c -g -O2  -fPIC -DPIC -DPIC conftest.c >&5
configure:9983: $? = 0
configure:9996: result: yes
configure:10025: checking if gcc static flag -static works
configure:10053: result: yes
configure:10068: checking if gcc supports -c -o file.o
configure:10089: gcc -c -g -O2  -o out/conftest2.o conftest.c >&5
configure:10093: $? = 0
configure:10115: result: yes
configure:10123: checking if gcc supports -c -o file.o
configure:10170: result: yes
configure:10203: checking whether the gcc linker (/usr/bin/ld -m elf_x86_64) supports shared libraries
configure:11362: result: yes
configure:11399: checking whether -lc should be explicitly linked in
configure:11407: gcc -c -g -O2  conftest.c >&5
configure:11410: $? = 0
configure:11425: gcc -shared  -fPIC -DPIC conftest.o  -v -Wl,-soname -Wl,conftest -o conftest 2\>\&1 \| /usr/bin/grep  -lc  \>/dev/null 2\>\&1
configure:11428: $? = 0
configure:11442: result: no
configure:11607: checking dynamic linker characteristics
configure:12121: gcc -o conftest -g -O2   -Wl,-rpath -Wl,/foo conftest.c  >&5
configure:12121: $? = 0
configure:12145: gcc -c -g -O2  conftest.c >&5
configure:12148: $? = 0
configure:12365: result: GNU/Linux ld.so
configure:12472: checking how to hardcode library paths into programs
configure:12497: result: immediate
configure:13037: checking whether stripping libraries is possible
configure:13042: result: yes
configure:13077: checking if libtool supports shared libraries
configure:13079: result: yes
configure:13082: checking whether to build shared libraries
configure:13103: result: yes
configure:13106: checking whether to build static libraries
configure:13110: result: yes
configure:13133: checking how to run the C++ preprocessor
configure:13160: g++ -E  conftest.cpp
configure:13160: $? = 0
configure:13174: g++ -E  conftest.cpp
conftest.cpp:28:10: fatal error: ac_nonexistent.h: No such file or directory
 #include <ac_nonexistent.h>
          ^~~~~~~~~~~~~~~~~~
compilation terminated.
configure:13174: $? = 1
configure: failed program was:
| /* confdefs.h */
| #define PACKAGE_NAME "ou"
| #define PACKAGE_TARNAME "ou"
| #define PACKAGE_VERSION "0"
| #define PACKAGE_STRING "ou 0"
| #define PACKAGE_BUGREPORT "oleh_derevenko@users.sourceforge.net"
| #define PACKAGE_URL ""
| #define STDC_HEADERS 1
| #define HAVE_SYS_TYPES_H 1
| #define HAVE_SYS_STAT_H 1
| #define HAVE_STDLIB_H 1
| #define HAVE_STRING_H 1
| #define HAVE_MEMORY_H 1
| #define HAVE_STRINGS_H 1
| #define HAVE_INTTYPES_H 1
| #define HAVE_STDINT_H 1
| #define HAVE_UNISTD_H 1
| #define __EXTENSIONS__ 1
| #define _ALL_SOURCE 1
| #define _GNU_SOURCE 1
| #define _POSIX_PTHREAD_SEMANTICS 1
| #define _TANDEM_SOURCE 1
| #define PACKAGE "ou"
| #define VERSION "0"
| #define HAVE_DLFCN_H 1
| #define LT_OBJDIR ".libs/"
| /* end confdefs.h.  */
| #include <ac_nonexistent.h>
configure:13199: result: g++ -E
configure:13219: g++ -E  conftest.cpp
configure:13219: $? = 0
configure:13233: g++ -E  conftest.cpp
conftest.cpp:28:10: fatal error: ac_nonexistent.h: No such file or directory
 #include <ac_nonexistent.h>
          ^~~~~~~~~~~~~~~~~~
compilation terminated.
configure:13233: $? = 1
configure: failed program was:
| /* confdefs.h */
| #define PACKAGE_NAME "ou"
| #define PACKAGE_TARNAME "ou"
| #define PACKAGE_VERSION "0"
| #define PACKAGE_STRING "ou 0"
| #define PACKAGE_BUGREPORT "oleh_derevenko@users.sourceforge.net"
| #define PACKAGE_URL ""
| #define STDC_HEADERS 1
| #define HAVE_SYS_TYPES_H 1
| #define HAVE_SYS_STAT_H 1
| #define HAVE_STDLIB_H 1
| #define HAVE_STRING_H 1
| #define HAVE_MEMORY_H 1
| #define HAVE_STRINGS_H 1
| #define HAVE_INTTYPES_H 1
| #define HAVE_STDINT_H 1
| #define HAVE_UNISTD_H 1
| #define __EXTENSIONS__ 1
| #define _ALL_SOURCE 1
| #define _GNU_SOURCE 1
| #define _POSIX_PTHREAD_SEMANTICS 1
| #define _TANDEM_SOURCE 1
| #define PACKAGE "ou"
| #define VERSION "0"
| #define HAVE_DLFCN_H 1
| #define LT_OBJDIR ".libs/"
| /* end confdefs.h.  */
| #include <ac_nonexistent.h>
configure:13403: checking for ld used by g++
configure:13470: result: /usr/bin/ld -m elf_x86_64
configure:13477: checking if the linker (/usr/bin/ld -m elf_x86_64) is GNU ld
configure:13492: result: yes
configure:13547: checking whether the g++ linker (/usr/bin/ld -m elf_x86_64) supports shared libraries
configure:14552: result: yes
configure:14587: g++ -c -g -O2  conftest.cpp >&5
configure:14590: $? = 0
configure:15110: checking for g++ option to produce PIC
configure:15117: result: -fPIC -DPIC
configure:15125: checking if g++ PIC flag -fPIC -DPIC works
configure:15143: g++ -c -g -O2  -fPIC -DPIC -DPIC conftest.cpp >&5
configure:15147: $? = 0
configure:15160: result: yes
configure:15183: checking if g++ static flag -static works
configure:15211: result: yes
configure:15223: checking if g++ supports -c -o file.o
configure:15244: g++ -c -g -O2  -o out/conftest2.o conftest.cpp >&5
configure:15248: $? = 0
configure:15270: result: yes
configure:15275: checking if g++ supports -c -o file.o
configure:15322: result: yes
configure:15352: checking whether the g++ linker (/usr/bin/ld -m elf_x86_64) supports shared libraries
configure:15389: result: yes
configure:15532: checking dynamic linker characteristics
configure:16004: g++ -c -g -O2  conftest.cpp >&5
configure:16007: $? = 0
configure:16224: result: GNU/Linux ld.so
configure:16277: checking how to hardcode library paths into programs
configure:16302: result: immediate
configure:16364: checking for main in -lc
configure:16383: gcc -o conftest -g -O2   conftest.c -lc   >&5
configure:16383: $? = 0
configure:16392: result: yes
configure:16403: checking for main in -lpthread
configure:16422: gcc -o conftest -g -O2   conftest.c -lpthread  -lc  >&5
configure:16422: $? = 0
configure:16431: result: yes
configure:16449: checking for ANSI C header files
configure:16553: result: yes
configure:16564: checking for inttypes.h
configure:16564: result: yes
configure:16564: checking malloc.h usability
configure:16564: gcc -c -g -O2  conftest.c >&5
configure:16564: $? = 0
configure:16564: result: yes
configure:16564: checking malloc.h presence
configure:16564: gcc -E  conftest.c
configure:16564: $? = 0
configure:16564: result: yes
configure:16564: checking for malloc.h
configure:16564: result: yes
configure:16564: checking stddef.h usability
configure:16564: gcc -c -g -O2  conftest.c >&5
configure:16564: $? = 0
configure:16564: result: yes
configure:16564: checking stddef.h presence
configure:16564: gcc -E  conftest.c
configure:16564: $? = 0
configure:16564: result: yes
configure:16564: checking for stddef.h
configure:16564: result: yes
configure:16564: checking for stdlib.h
configure:16564: result: yes
configure:16564: checking for string.h
configure:16564: result: yes
configure:16576: checking for stdbool.h that conforms to C99
configure:16643: gcc -c -g -O2  conftest.c >&5
configure:16643: $? = 0
configure:16650: result: yes
configure:16652: checking for _Bool
configure:16652: gcc -c -g -O2  conftest.c >&5
configure:16652: $? = 0
configure:16652: gcc -c -g -O2  conftest.c >&5
conftest.c: In function 'main':
conftest.c:73:20: error: expected expression before ')' token
 if (sizeof ((_Bool)))
                    ^
configure:16652: $? = 1
configure: failed program was:
| /* confdefs.h */
| #define PACKAGE_NAME "ou"
| #define PACKAGE_TARNAME "ou"
| #define PACKAGE_VERSION "0"
| #define PACKAGE_STRING "ou 0"
| #define PACKAGE_BUGREPORT "oleh_derevenko@users.sourceforge.net"
| #define PACKAGE_URL ""
| #define STDC_HEADERS 1
| #define HAVE_SYS_TYPES_H 1
| #define HAVE_SYS_STAT_H 1
| #define HAVE_STDLIB_H 1
| #define HAVE_STRING_H 1
| #define HAVE_MEMORY_H 1
| #define HAVE_STRINGS_H 1
| #define HAVE_INTTYPES_H 1
| #define HAVE_STDINT_H 1
| #define HAVE_UNISTD_H 1
| #define __EXTENSIONS__ 1
| #define _ALL_SOURCE 1
| #define _GNU_SOURCE 1
| #define _POSIX_PTHREAD_SEMANTICS 1
| #define _TANDEM_SOURCE 1
| #define PACKAGE "ou"
| #define VERSION "0"
| #define HAVE_DLFCN_H 1
| #define LT_OBJDIR ".libs/"
| #define HAVE_LIBC 1
| #define HAVE_LIBPTHREAD 1
| #define _REENTRANT 1
| #define STDC_HEADERS 1
| #define HAVE_INTTYPES_H 1
| #define HAVE_MALLOC_H 1
| #define HAVE_STDDEF_H 1
| #define HAVE_STDLIB_H 1
| #define HAVE_STRING_H 1
| /* end confdefs.h.  */
| #include <stdio.h>
| #ifdef HAVE_SYS_TYPES_H
| # include <sys/types.h>
| #endif
| #ifdef HAVE_SYS_STAT_H
| # include <sys/stat.h>
| #endif
| #ifdef STDC_HEADERS
| # include <stdlib.h>
| # include <stddef.h>
| #else
| # ifdef HAVE_STDLIB_H
| #  include <stdlib.h>
| # endif
| #endif
| #ifdef HAVE_STRING_H
| # if !defined STDC_HEADERS && defined HAVE_MEMORY_H
| #  include <memory.h>
| # endif
| # include <string.h>
| #endif
| #ifdef HAVE_STRINGS_H
| # include <strings.h>
| #endif
| #ifdef HAVE_INTTYPES_H
| # include <inttypes.h>
| #endif
| #ifdef HAVE_STDINT_H
| # include <stdint.h>
| #endif
| #ifdef HAVE_UNISTD_H
| # include <unistd.h>
| #endif
| int
| main ()
| {
| if (sizeof ((_Bool)))
| 	    return 0;
|   ;
|   return 0;
| }
configure:16652: result: yes
configure:16668: checking for an ANSI C-conforming const
configure:16733: gcc -c -g -O2  conftest.c >&5
configure:16733: $? = 0
configure:16740: result: yes
configure:16748: checking for inline
configure:16764: gcc -c -g -O2  conftest.c >&5
configure:16764: $? = 0
configure:16772: result: inline
configure:16790: checking for int16_t
configure:16790: gcc -c -g -O2  conftest.c >&5
configure:16790: $? = 0
configure:16790: gcc -c -g -O2  conftest.c >&5
conftest.c: In function 'main':
conftest.c:76:12: error: size of array 'test_array' is negative
 static int test_array [1 - 2 * !((int16_t) (((((int16_t) 1 << N) << N) - 1) * 2 + 1)
            ^~~~~~~~~~
configure:16790: $? = 1
configure: failed program was:
| /* confdefs.h */
| #define PACKAGE_NAME "ou"
| #define PACKAGE_TARNAME "ou"
| #define PACKAGE_VERSION "0"
| #define PACKAGE_STRING "ou 0"
| #define PACKAGE_BUGREPORT "oleh_derevenko@users.sourceforge.net"
| #define PACKAGE_URL ""
| #define STDC_HEADERS 1
| #define HAVE_SYS_TYPES_H 1
| #define HAVE_SYS_STAT_H 1
| #define HAVE_STDLIB_H 1
| #define HAVE_STRING_H 1
| #define HAVE_MEMORY_H 1
| #define HAVE_STRINGS_H 1
| #define HAVE_INTTYPES_H 1
| #define HAVE_STDINT_H 1
| #define HAVE_UNISTD_H 1
| #define __EXTENSIONS__ 1
| #define _ALL_SOURCE 1
| #define _GNU_SOURCE 1
| #define _POSIX_PTHREAD_SEMANTICS 1
| #define _TANDEM_SOURCE 1
| #define PACKAGE "ou"
| #define VERSION "0"
| #define HAVE_DLFCN_H 1
| #define LT_OBJDIR ".libs/"
| #define HAVE_LIBC 1
| #define HAVE_LIBPTHREAD 1
| #define _REENTRANT 1
| #define STDC_HEADERS 1
| #define HAVE_INTTYPES_H 1
| #define HAVE_MALLOC_H 1
| #define HAVE_STDDEF_H 1
| #define HAVE_STDLIB_H 1
| #define HAVE_STRING_H 1
| #define HAVE__BOOL 1
| #define HAVE_STDBOOL_H 1
| /* end confdefs.h.  */
| #include <stdio.h>
| #ifdef HAVE_SYS_TYPES_H
| # include <sys/types.h>
| #endif
| #ifdef HAVE_SYS_STAT_H
| # include <sys/stat.h>
| #endif
| #ifdef STDC_HEADERS
| # include <stdlib.h>
| # include <stddef.h>
| #else
| # ifdef HAVE_STDLIB_H
| #  include <stdlib.h>
| # endif
| #endif
| #ifdef HAVE_STRING_H
| # if !defined STDC_HEADERS && defined HAVE_MEMORY_H
| #  include <memory.h>
| # endif
| # include <string.h>
| #endif
| #ifdef HAVE_STRINGS_H
| # include <strings.h>
| #endif
| #ifdef HAVE_INTTYPES_H
| # include <inttypes.h>
| #endif
| #ifdef HAVE_STDINT_H
| # include <stdint.h>
| #endif
| #ifdef HAVE_UNISTD_H
| # include <unistd.h>
| #endif
| 	        enum { N = 16 / 2 - 1 };
| int
| main ()
| {
| static int test_array [1 - 2 * !((int16_t) (((((int16_t) 1 << N) << N) - 1) * 2 + 1)
| 		 < (int16_t) (((((int16_t) 1 << N) << N) - 1) * 2 + 2))];
| test_array [0] = 0
| 
|   ;
|   return 0;
| }
configure:16790: result: yes
configure:16801: checking for int32_t
configure:16801: gcc -c -g -O2  conftest.c >&5
configure:16801: $? = 0
configure:16801: gcc -c -g -O2  conftest.c >&5
conftest.c: In function 'main':
conftest.c:77:53: warning: integer overflow in expression of type 'int' results in '-2147483648' [-Woverflow]
    < (int32_t) (((((int32_t) 1 << N) << N) - 1) * 2 + 2))];
                                                     ^
conftest.c:76:12: error: storage size of 'test_array' isn't constant
 static int test_array [1 - 2 * !((int32_t) (((((int32_t) 1 << N) << N) - 1) * 2 + 1)
            ^~~~~~~~~~
configure:16801: $? = 1
configure: failed program was:
| /* confdefs.h */
| #define PACKAGE_NAME "ou"
| #define PACKAGE_TARNAME "ou"
| #define PACKAGE_VERSION "0"
| #define PACKAGE_STRING "ou 0"
| #define PACKAGE_BUGREPORT "oleh_derevenko@users.sourceforge.net"
| #define PACKAGE_URL ""
| #define STDC_HEADERS 1
| #define HAVE_SYS_TYPES_H 1
| #define HAVE_SYS_STAT_H 1
| #define HAVE_STDLIB_H 1
| #define HAVE_STRING_H 1
| #define HAVE_MEMORY_H 1
| #define HAVE_STRINGS_H 1
| #define HAVE_INTTYPES_H 1
| #define HAVE_STDINT_H 1
| #define HAVE_UNISTD_H 1
| #define __EXTENSIONS__ 1
| #define _ALL_SOURCE 1
| #define _GNU_SOURCE 1
| #define _POSIX_PTHREAD_SEMANTICS 1
| #define _TANDEM_SOURCE 1
| #define PACKAGE "ou"
| #define VERSION "0"
| #define HAVE_DLFCN_H 1
| #define LT_OBJDIR ".libs/"
| #define HAVE_LIBC 1
| #define HAVE_LIBPTHREAD 1
| #define _REENTRANT 1
| #define STDC_HEADERS 1
| #define HAVE_INTTYPES_H 1
| #define HAVE_MALLOC_H 1
| #define HAVE_STDDEF_H 1
| #define HAVE_STDLIB_H 1
| #define HAVE_STRING_H 1
| #define HAVE__BOOL 1
| #define HAVE_STDBOOL_H 1
| /* end confdefs.h.  */
| #include <stdio.h>
| #ifdef HAVE_SYS_TYPES_H
| # include <sys/types.h>
| #endif
| #ifdef HAVE_SYS_STAT_H
| # include <sys/stat.h>
| #endif
| #ifdef STDC_HEADERS
| # include <stdlib.h>
| # include <stddef.h>
| #else
| # ifdef HAVE_STDLIB_H
| #  include <stdlib.h>
| # endif
| #endif
| #ifdef HAVE_STRING_H
| # if !defined STDC_HEADERS && defined HAVE_MEMORY_H
| #  include <memory.h>
| # endif
| # include <string.h>
| #endif
| #ifdef HAVE_STRINGS_H
| # include <strings.h>
| #endif
| #ifdef HAVE_INTTYPES_H
| # include <inttypes.h>
| #endif
| #ifdef HAVE_STDINT_H
| # include <stdint.h>
| #endif
| #ifdef HAVE_UNISTD_H
| # include <unistd.h>
| #endif
| 	        enum { N = 32 / 2 - 1 };
| int
| main ()
| {
| static int test_array [1 - 2 * !((int32_t) (((((int32_t) 1 << N) << N) - 1) * 2 + 1)
| 		 < (int32_t) (((((int32_t) 1 << N) << N) - 1) * 2 + 2))];
| test_array [0] = 0
| 
|   ;
|   return 0;
| }
configure:16801: result: yes
configure:16812: checking for int64_t
configure:16812: gcc -c -g -O2  conftest.c >&5
configure:16812: $? = 0
configure:16812: gcc -c -g -O2  conftest.c >&5
conftest.c: In function 'main':
conftest.c:77:53: warning: integer overflow in expression of type 'long int' results in '-9223372036854775808' [-Woverflow]
    < (int64_t) (((((int64_t) 1 << N) << N) - 1) * 2 + 2))];
                                                     ^
conftest.c:76:12: error: storage size of 'test_array' isn't constant
 static int test_array [1 - 2 * !((int64_t) (((((int64_t) 1 << N) << N) - 1) * 2 + 1)
            ^~~~~~~~~~
configure:16812: $? = 1
configure: failed program was:
| /* confdefs.h */
| #define PACKAGE_NAME "ou"
| #define PACKAGE_TARNAME "ou"
| #define PACKAGE_VERSION "0"
| #define PACKAGE_STRING "ou 0"
| #define PACKAGE_BUGREPORT "oleh_derevenko@users.sourceforge.net"
| #define PACKAGE_URL ""
| #define STDC_HEADERS 1
| #define HAVE_SYS_TYPES_H 1
| #define HAVE_SYS_STAT_H 1
| #define HAVE_STDLIB_H 1
| #define HAVE_STRING_H 1
| #define HAVE_MEMORY_H 1
| #define HAVE_STRINGS_H 1
| #define HAVE_INTTYPES_H 1
| #define HAVE_STDINT_H 1
| #define HAVE_UNISTD_H 1
| #define __EXTENSIONS__ 1
| #define _ALL_SOURCE 1
| #define _GNU_SOURCE 1
| #define _POSIX_PTHREAD_SEMANTICS 1
| #define _TANDEM_SOURCE 1
| #define PACKAGE "ou"
| #define VERSION "0"
| #define HAVE_DLFCN_H 1
| #define LT_OBJDIR ".libs/"
| #define HAVE_LIBC 1
| #define HAVE_LIBPTHREAD 1
| #define _REENTRANT 1
| #define STDC_HEADERS 1
| #define HAVE_INTTYPES_H 1
| #define HAVE_MALLOC_H 1
| #define HAVE_STDDEF_H 1
| #define HAVE_STDLIB_H 1
| #define HAVE_STRING_H 1
| #define HAVE__BOOL 1
| #define HAVE_STDBOOL_H 1
| /* end confdefs.h.  */
| #include <stdio.h>
| #ifdef HAVE_SYS_TYPES_H
| # include <sys/types.h>
| #endif
| #ifdef HAVE_SYS_STAT_H
| # include <sys/stat.h>
| #endif
| #ifdef STDC_HEADERS
| # include <stdlib.h>
| # include <stddef.h>
| #else
| # ifdef HAVE_STDLIB_H
| #  include <stdlib.h>
| # endif
| #endif
| #ifdef HAVE_STRING_H
| # if !defined STDC_HEADERS && defined HAVE_MEMORY_H
| #  include <memory.h>
| # endif
| # include <string.h>
| #endif
| #ifdef HAVE_STRINGS_H
| # include <strings.h>
| #endif
| #ifdef HAVE_INTTYPES_H
| # include <inttypes.h>
| #endif
| #ifdef HAVE_STDINT_H
| # include <stdint.h>
| #endif
| #ifdef HAVE_UNISTD_H
| # include <unistd.h>
| #endif
| 	        enum { N = 64 / 2 - 1 };
| int
| main ()
| {
| static int test_array [1 - 2 * !((int64_t) (((((int64_t) 1 << N) << N) - 1) * 2 + 1)
| 		 < (int64_t) (((((int64_t) 1 << N) << N) - 1) * 2 + 2))];
| test_array [0] = 0
| 
|   ;
|   return 0;
| }
configure:16812: result: yes
configure:16823: checking for int8_t
configure:16823: gcc -c -g -O2  conftest.c >&5
configure:16823: $? = 0
configure:16823: gcc -c -g -O2  conftest.c >&5
conftest.c: In function 'main':
conftest.c:76:12: error: size of array 'test_array' is negative
 static int test_array [1 - 2 * !((int8_t) (((((int8_t) 1 << N) << N) - 1) * 2 + 1)
            ^~~~~~~~~~
configure:16823: $? = 1
configure: failed program was:
| /* confdefs.h */
| #define PACKAGE_NAME "ou"
| #define PACKAGE_TARNAME "ou"
| #define PACKAGE_VERSION "0"
| #define PACKAGE_STRING "ou 0"
| #define PACKAGE_BUGREPORT "oleh_derevenko@users.sourceforge.net"
| #define PACKAGE_URL ""
| #define STDC_HEADERS 1
| #define HAVE_SYS_TYPES_H 1
| #define HAVE_SYS_STAT_H 1
| #define HAVE_STDLIB_H 1
| #define HAVE_STRING_H 1
| #define HAVE_MEMORY_H 1
| #define HAVE_STRINGS_H 1
| #define HAVE_INTTYPES_H 1
| #define HAVE_STDINT_H 1
| #define HAVE_UNISTD_H 1
| #define __EXTENSIONS__ 1
| #define _ALL_SOURCE 1
| #define _GNU_SOURCE 1
| #define _POSIX_PTHREAD_SEMANTICS 1
| #define _TANDEM_SOURCE 1
| #define PACKAGE "ou"
| #define VERSION "0"
| #define HAVE_DLFCN_H 1
| #define LT_OBJDIR ".libs/"
| #define HAVE_LIBC 1
| #define HAVE_LIBPTHREAD 1
| #define _REENTRANT 1
| #define STDC_HEADERS 1
| #define HAVE_INTTYPES_H 1
| #define HAVE_MALLOC_H 1
| #define HAVE_STDDEF_H 1
| #define HAVE_STDLIB_H 1
| #define HAVE_STRING_H 1
| #define HAVE__BOOL 1
| #define HAVE_STDBOOL_H 1
| /* end confdefs.h.  */
| #include <stdio.h>
| #ifdef HAVE_SYS_TYPES_H
| # include <sys/types.h>
| #endif
| #ifdef HAVE_SYS_STAT_H
| # include <sys/stat.h>
| #endif
| #ifdef STDC_HEADERS
| # include <stdlib.h>
| # include <stddef.h>
| #else
| # ifdef HAVE_STDLIB_H
| #  include <stdlib.h>
| # endif
| #endif
| #ifdef HAVE_STRING_H
| # if !defined STDC_HEADERS && defined HAVE_MEMORY_H
| #  include <memory.h>
| # endif
| # include <string.h>
| #endif
| #ifdef HAVE_STRINGS_H
| # include <strings.h>
| #endif
| #ifdef HAVE_INTTYPES_H
| # include <inttypes.h>
| #endif
| #ifdef HAVE_STDINT_H
| # include <stdint.h>
| #endif
| #ifdef HAVE_UNISTD_H
| # include <unistd.h>
| #endif
| 	        enum { N = 8 / 2 - 1 };
| int
| main ()
| {
| static int test_array [1 - 2 * !((int8_t) (((((int8_t) 1 << N) << N) - 1) * 2 + 1)
| 		 < (int8_t) (((((int8_t) 1 << N) << N) - 1) * 2 + 2))];
| test_array [0] = 0
| 
|   ;
|   return 0;
| }
configure:16823: result: yes
configure:16834: checking for size_t
configure:16834: gcc -c -g -O2  conftest.c >&5
configure:16834: $? = 0
configure:16834: gcc -c -g -O2  conftest.c >&5
conftest.c: In function 'main':
conftest.c:75:21: error: expected expression before ')' token
 if (sizeof ((size_t)))
                     ^
configure:16834: $? = 1
configure: failed program was:
| /* confdefs.h */
| #define PACKAGE_NAME "ou"
| #define PACKAGE_TARNAME "ou"
| #define PACKAGE_VERSION "0"
| #define PACKAGE_STRING "ou 0"
| #define PACKAGE_BUGREPORT "oleh_derevenko@users.sourceforge.net"
| #define PACKAGE_URL ""
| #define STDC_HEADERS 1
| #define HAVE_SYS_TYPES_H 1
| #define HAVE_SYS_STAT_H 1
| #define HAVE_STDLIB_H 1
| #define HAVE_STRING_H 1
| #define HAVE_MEMORY_H 1
| #define HAVE_STRINGS_H 1
| #define HAVE_INTTYPES_H 1
| #define HAVE_STDINT_H 1
| #define HAVE_UNISTD_H 1
| #define __EXTENSIONS__ 1
| #define _ALL_SOURCE 1
| #define _GNU_SOURCE 1
| #define _POSIX_PTHREAD_SEMANTICS 1
| #define _TANDEM_SOURCE 1
| #define PACKAGE "ou"
| #define VERSION "0"
| #define HAVE_DLFCN_H 1
| #define LT_OBJDIR ".libs/"
| #define HAVE_LIBC 1
| #define HAVE_LIBPTHREAD 1
| #define _REENTRANT 1
| #define STDC_HEADERS 1
| #define HAVE_INTTYPES_H 1
| #define HAVE_MALLOC_H 1
| #define HAVE_STDDEF_H 1
| #define HAVE_STDLIB_H 1
| #define HAVE_STRING_H 1
| #define HAVE__BOOL 1
| #define HAVE_STDBOOL_H 1
| /* end confdefs.h.  */
| #include <stdio.h>
| #ifdef HAVE_SYS_TYPES_H
| # include <sys/types.h>
| #endif
| #ifdef HAVE_SYS_STAT_H
| # include <sys/stat.h>
| #endif
| #ifdef STDC_HEADERS
| # include <stdlib.h>
| # include <stddef.h>
| #else
| # ifdef HAVE_STDLIB_H
| #  include <stdlib.h>
| # endif
| #endif
| #ifdef HAVE_STRING_H
| # if !defined STDC_HEADERS && defined HAVE_MEMORY_H
| #  include <memory.h>
| # endif
| # include <string.h>
| #endif
| #ifdef HAVE_STRINGS_H
| # include <strings.h>
| #endif
| #ifdef HAVE_INTTYPES_H
| # include <inttypes.h>
| #endif
| #ifdef HAVE_STDINT_H
| # include <stdint.h>
| #endif
| #ifdef HAVE_UNISTD_H
| # include <unistd.h>
| #endif
| int
| main ()
| {
| if (sizeof ((size_t)))
| 	    return 0;
|   ;
|   return 0;
| }
configure:16834: result: yes
configure:16845: checking for uint16_t
configure:16845: gcc -c -g -O2  conftest.c >&5
configure:16845: $? = 0
configure:16845: result: yes
configure:16857: checking for uint32_t
configure:16857: gcc -c -g -O2  conftest.c >&5
configure:16857: $? = 0
configure:16857: result: yes
configure:16871: checking for uint64_t
configure:16871: gcc -c -g -O2  conftest.c >&5
configure:16871: $? = 0
configure:16871: result: yes
configure:16885: checking for uint8_t
configure:16885: gcc -c -g -O2  conftest.c >&5
configure:16885: $? = 0
configure:16885: result: yes
configure:16899: checking for working volatile
configure:16918: gcc -c -g -O2  conftest.c >&5
configure:16918: $? = 0
configure:16925: result: yes
configure:16933: checking for ptrdiff_t
configure:16933: gcc -c -g -O2  conftest.c >&5
configure:16933: $? = 0
configure:16933: gcc -c -g -O2  conftest.c >&5
conftest.c: In function 'main':
conftest.c:75:24: error: expected expression before ')' token
 if (sizeof ((ptrdiff_t)))
                        ^
configure:16933: $? = 1
configure: failed program was:
| /* confdefs.h */
| #define PACKAGE_NAME "ou"
| #define PACKAGE_TARNAME "ou"
| #define PACKAGE_VERSION "0"
| #define PACKAGE_STRING "ou 0"
| #define PACKAGE_BUGREPORT "oleh_derevenko@users.sourceforge.net"
| #define PACKAGE_URL ""
| #define STDC_HEADERS 1
| #define HAVE_SYS_TYPES_H 1
| #define HAVE_SYS_STAT_H 1
| #define HAVE_STDLIB_H 1
| #define HAVE_STRING_H 1
| #define HAVE_MEMORY_H 1
| #define HAVE_STRINGS_H 1
| #define HAVE_INTTYPES_H 1
| #define HAVE_STDINT_H 1
| #define HAVE_UNISTD_H 1
| #define __EXTENSIONS__ 1
| #define _ALL_SOURCE 1
| #define _GNU_SOURCE 1
| #define _POSIX_PTHREAD_SEMANTICS 1
| #define _TANDEM_SOURCE 1
| #define PACKAGE "ou"
| #define VERSION "0"
| #define HAVE_DLFCN_H 1
| #define LT_OBJDIR ".libs/"
| #define HAVE_LIBC 1
| #define HAVE_LIBPTHREAD 1
| #define _REENTRANT 1
| #define STDC_HEADERS 1
| #define HAVE_INTTYPES_H 1
| #define HAVE_MALLOC_H 1
| #define HAVE_STDDEF_H 1
| #define HAVE_STDLIB_H 1
| #define HAVE_STRING_H 1
| #define HAVE__BOOL 1
| #define HAVE_STDBOOL_H 1
| /* end confdefs.h.  */
| #include <stdio.h>
| #ifdef HAVE_SYS_TYPES_H
| # include <sys/types.h>
| #endif
| #ifdef HAVE_SYS_STAT_H
| # include <sys/stat.h>
| #endif
| #ifdef STDC_HEADERS
| # include <stdlib.h>
| # include <stddef.h>
| #else
| # ifdef HAVE_STDLIB_H
| #  include <stdlib.h>
| # endif
| #endif
| #ifdef HAVE_STRING_H
| # if !defined STDC_HEADERS && defined HAVE_MEMORY_H
| #  include <memory.h>
| # endif
| # include <string.h>
| #endif
| #ifdef HAVE_STRINGS_H
| # include <strings.h>
| #endif
| #ifdef HAVE_INTTYPES_H
| # include <inttypes.h>
| #endif
| #ifdef HAVE_STDINT_H
| # include <stdint.h>
| #endif
| #ifdef HAVE_UNISTD_H
| # include <unistd.h>
| #endif
| int
| main ()
| {
| if (sizeof ((ptrdiff_t)))
| 	    return 0;
|   ;
|   return 0;
| }
configure:16933: result: yes
configure:16947: checking for stdlib.h
configure:16947: result: yes
configure:16957: checking for GNU libc compatible malloc
configure:16981: gcc -o conftest -g -O2   conftest.c -lpthread -lc  >&5
configure:16981: $? = 0
configure:16981: ./conftest
configure:16981: $? = 0
configure:16991: result: yes
configure:17014: checking for stdlib.h
configure:17014: result: yes
configure:17024: checking for GNU libc compatible realloc
configure:17048: gcc -o conftest -g -O2   conftest.c -lpthread -lc  >&5
configure:17048: $? = 0
configure:17048: ./conftest
configure:17048: $? = 0
configure:17058: result: yes
configure:17081: checking for memset
configure:17081: gcc -o conftest -g -O2   conftest.c -lpthread -lc  >&5
conftest.c:67:6: warning: conflicting types for built-in function 'memset' [-Wbuiltin-declaration-mismatch]
 char memset ();
      ^~~~~~
configure:17081: $? = 0
configure:17081: result: yes
configure:17325: creating ./config.status

## ---------------------- ##
## Running config.status. ##
## ---------------------- ##

This file was extended by ou config.status 0, which was
generated by GNU Autoconf 2.68.  Invocation command line was

  CONFIG_FILES    = 
  CONFIG_HEADERS  = 
  CONFIG_LINKS    = 
  CONFIG_COMMANDS = 
  $ ./config.status 

on X1Carbon

config.status:1082: creating Makefile
config.status:1082: creating include/ou/Makefile
config.status:1082: creating src/ou/Makefile
config.status:1082: creating test/Makefile
config.status:1254: executing depfiles commands
config.status:1254: executing libtool commands

## ---------------- ##
## Cache variables. ##
## ---------------- ##

ac_cv_build=x86_64-unknown-linux-gnu
ac_cv_c_compiler_gnu=yes
ac_cv_c_const=yes
ac_cv_c_inline=inline
ac_cv_c_int16_t=yes
ac_cv_c_int32_t=yes
ac_cv_c_int64_t=yes
ac_cv_c_int8_t=yes
ac_cv_c_uint16_t=yes
ac_cv_c_uint32_t=yes
ac_cv_c_uint64_t=yes
ac_cv_c_uint8_t=yes
ac_cv_c_volatile=yes
ac_cv_cxx_compiler_gnu=yes
ac_cv_env_CCC_set=
ac_cv_env_CCC_value=
ac_cv_env_CC_set=
ac_cv_env_CC_value=
ac_cv_env_CFLAGS_set=
ac_cv_env_CFLAGS_value=
ac_cv_env_CPPFLAGS_set=
ac_cv_env_CPPFLAGS_value=
ac_cv_env_CPP_set=
ac_cv_env_CPP_value=
ac_cv_env_CXXCPP_set=
ac_cv_env_CXXCPP_value=
ac_cv_env_CXXFLAGS_set=
ac_cv_env_CXXFLAGS_value=
ac_cv_env_CXX_set=
ac_cv_env_CXX_value=
ac_cv_env_LDFLAGS_set=
ac_cv_env_LDFLAGS_value=
ac_cv_env_LIBS_set=
ac_cv_env_LIBS_value=
ac_cv_env_OU_NAMESPACE_set=set
ac_cv_env_OU_NAMESPACE_value=odeou
ac_cv_env_build_alias_set=
ac_cv_env_build_alias_value=
ac_cv_env_host_alias_set=
ac_cv_env_host_alias_value=
ac_cv_env_target_alias_set=
ac_cv_env_target_alias_value=
ac_cv_func_malloc_0_nonnull=yes
ac_cv_func_memset=yes
ac_cv_func_realloc_0_nonnull=yes
ac_cv_header_dlfcn_h=yes
ac_cv_header_inttypes_h=yes
ac_cv_header_malloc_h=yes
ac_cv_header_memory_h=yes
ac_cv_header_minix_config_h=no
ac_cv_header_stdbool_h=yes
ac_cv_header_stdc=yes
ac_cv_header_stddef_h=yes
ac_cv_header_stdint_h=yes
ac_cv_header_stdlib_h=yes
ac_cv_header_string_h=yes
ac_cv_header_strings_h=yes
ac_cv_header_sys_stat_h=yes
ac_cv_header_sys_types_h=yes
ac_cv_header_unistd_h=yes
ac_cv_host=x86_64-unknown-linux-gnu
ac_cv_lib_c_main=yes
ac_cv_lib_pthread_main=yes
ac_cv_objext=o
ac_cv_path_EGREP='/usr/bin/grep -E'
ac_cv_path_FGREP='/usr/bin/grep -F'
ac_cv_path_GREP=/usr/bin/grep
ac_cv_path_SED=/usr/bin/sed
ac_cv_path_install='/usr/bin/install -c'
ac_cv_path_mkdir=/usr/bin/mkdir
ac_cv_prog_AWK=gawk
ac_cv_prog_CPP='gcc -E'
ac_cv_prog_CXXCPP='g++ -E'
ac_cv_prog_ac_ct_AR=ar
ac_cv_prog_ac_ct_CC=gcc
ac_cv_prog_ac_ct_CXX=g++
ac_cv_prog_ac_ct_DLLTOOL=dlltool
ac_cv_prog_ac_ct_OBJDUMP=objdump
ac_cv_prog_ac_ct_RANLIB=ranlib
ac_cv_prog_ac_ct_STRIP=strip
ac_cv_prog_cc_c89=
ac_cv_prog_cc_g=yes
ac_cv_prog_cxx_g=yes
ac_cv_prog_make_make_set=yes
ac_cv_safe_to_define___extensions__=yes
ac_cv_type__Bool=yes
ac_cv_type_ptrdiff_t=yes
ac_cv_type_size_t=yes
am_cv_CC_dependencies_compiler_type=gcc3
am_cv_CXX_dependencies_compiler_type=gcc3
lt_cv_ar_at_file=@
lt_cv_archive_cmds_need_lc=no
lt_cv_deplibs_check_method=pass_all
lt_cv_file_magic_cmd='$MAGIC_CMD'
lt_cv_file_magic_test_file=
lt_cv_ld_reload_flag=-r
lt_cv_nm_interface='BSD nm'
lt_cv_objdir=.libs
lt_cv_path_LD=/usr/bin/ld
lt_cv_path_LDCXX='/usr/bin/ld -m elf_x86_64'
lt_cv_path_NM='/usr/bin/nm -B'
lt_cv_path_mainfest_tool=no
lt_cv_prog_compiler_c_o=yes
lt_cv_prog_compiler_c_o_CXX=yes
lt_cv_prog_compiler_pic='-fPIC -DPIC'
lt_cv_prog_compiler_pic_CXX='-fPIC -DPIC'
lt_cv_prog_compiler_pic_works=yes
lt_cv_prog_compiler_pic_works_CXX=yes
lt_cv_prog_compiler_rtti_exceptions=no
lt_cv_prog_compiler_static_works=yes
lt_cv_prog_compiler_static_works_CXX=yes
lt_cv_prog_gnu_ld=yes
lt_cv_prog_gnu_ldcxx=yes
lt_cv_sharedlib_from_linklib_cmd='printf %s\n'
lt_cv_shlibpath_overrides_runpath=no
lt_cv_sys_global_symbol_pipe='sed -n -e '\''s/^.*[	 ]\([ABCDGIRSTW][ABCDGIRSTW]*\)[	 ][	 ]*\([_A-Za-z][_A-Za-z0-9]*\)$/\1 \2 \2/p'\'' | sed '\''/ __gnu_lto/d'\'''
lt_cv_sys_global_symbol_to_c_name_address='sed -n -e '\''s/^: \([^ ]*\)[ ]*$/  {\"\1\", (void *) 0},/p'\'' -e '\''s/^[ABCDGIRSTW]* \([^ ]*\) \([^ ]*\)$/  {"\2", (void *) \&\2},/p'\'''
lt_cv_sys_global_symbol_to_c_name_address_lib_prefix='sed -n -e '\''s/^: \([^ ]*\)[ ]*$/  {\"\1\", (void *) 0},/p'\'' -e '\''s/^[ABCDGIRSTW]* \([^ ]*\) \(lib[^ ]*\)$/  {"\2", (void *) \&\2},/p'\'' -e '\''s/^[ABCDGIRSTW]* \([^ ]*\) \([^ ]*\)$/  {"lib\2", (void *) \&\2},/p'\'''
lt_cv_sys_global_symbol_to_cdecl='sed -n -e '\''s/^T .* \(.*\)$/extern int \1();/p'\'' -e '\''s/^[ABCDGIRSTW]* .* \(.*\)$/extern char \1;/p'\'''
lt_cv_sys_max_cmd_len=1572864
lt_cv_to_host_file_cmd=func_convert_file_noop
lt_cv_to_tool_file_cmd=func_convert_file_noop

## ----------------- ##
## Output variables. ##
## ----------------- ##

ACLOCAL='${SHELL} /home/danilo/Downloads/skunks-4.2.0/ODE/ode-0.12/missing --run aclocal-1.11'
AMDEPBACKSLASH='\'
AMDEP_FALSE='#'
AMDEP_TRUE=''
AMTAR='${SHELL} /home/danilo/Downloads/skunks-4.2.0/ODE/ode-0.12/missing --run tar'
AR='ar'
AS='as'
AUTOCONF='${SHELL} /home/danilo/Downloads/skunks-4.2.0/ODE/ode-0.12/missing --run autoconf'
AUTOHEADER='${SHELL} /home/danilo/Downloads/skunks-4.2.0/ODE/ode-0.12/missing --run autoheader'
AUTOMAKE='${SHELL} /home/danilo/Downloads/skunks-4.2.0/ODE/ode-0.12/missing --run automake-1.11'
AWK='gawk'
CC='gcc'
CCDEPMODE='depmode=gcc3'
CFLAGS='-g -O2'
CPP='gcc -E'
CPPFLAGS=' -D_OU_NAMESPACE=odeou'
CXX='g++'
CXXCPP='g++ -E'
CXXDEPMODE='depmode=gcc3'
CXXFLAGS='-g -O2'
CYGPATH_W='echo'
DEFS='-DPACKAGE_NAME=\"ou\" -DPACKAGE_TARNAME=\"ou\" -DPACKAGE_VERSION=\"0\" -DPACKAGE_STRING=\"ou\ 0\" -DPACKAGE_BUGREPORT=\"oleh_derevenko@users.sourceforge.net\" -DPACKAGE_URL=\"\" -DSTDC_HEADERS=1 -DHAVE_SYS_TYPES_H=1 -DHAVE_SYS_STAT_H=1 -DHAVE_STDLIB_H=1 -DHAVE_STRING_H=1 -DHAVE_MEMORY_H=1 -DHAVE_STRINGS_H=1 -DHAVE_INTTYPES_H=1 -DHAVE_STDINT_H=1 -DHAVE_UNISTD_H=1 -D__EXTENSIONS__=1 -D_ALL_SOURCE=1 -D_GNU_SOURCE=1 -D_POSIX_PTHREAD_SEMANTICS=1 -D_TANDEM_SOURCE=1 -DPACKAGE=\"ou\" -DVERSION=\"0\" -DHAVE_DLFCN_H=1 -DLT_OBJDIR=\".libs/\" -DHAVE_LIBC=1 -DHAVE_LIBPTHREAD=1 -D_REENTRANT=1 -DSTDC_HEADERS=1 -DHAVE_INTTYPES_H=1 -DHAVE_MALLOC_H=1 -DHAVE_STDDEF_H=1 -DHAVE_STDLIB_H=1 -DHAVE_STRING_H=1 -DHAVE__BOOL=1 -DHAVE_STDBOOL_H=1 -DHAVE_PTRDIFF_T=1 -DHAVE_STDLIB_H=1 -DHAVE_MALLOC=1 -DHAVE_STDLIB_H=1 -DHAVE_REALLOC=1 -DHAVE_MEMSET=1 -D_OU_TARGET_OS=_OU_TARGET_OS_GENUNIX'
DEPDIR='.deps'
DLLTOOL='dlltool'
DSYMUTIL=''
DUMPBIN=''
ECHO_C=''
ECHO_N='-n'
ECHO_T=''
EGREP='/usr/bin/grep -E'
EXEEXT=''
FGREP='/usr/bin/grep -F'
GREP='/usr/bin/grep'
INSTALL_DATA='${INSTALL} -m 644'
INSTALL_PROGRAM='${INSTALL}'
INSTALL_SCRIPT='${INSTALL}'
INSTALL_STRIP_PROGRAM='$(install_sh) -c -s'
LD='/usr/bin/ld -m elf_x86_64'
LDFLAGS=''
LIBOBJS=''
LIBS='-lpthread -lc '
LIBTOOL='$(SHELL) $(top_builddir)/libtool'
LIPO=''
LN_S='ln -s'
LTLIBOBJS=''
MAKEINFO='${SHELL} /home/danilo/Downloads/skunks-4.2.0/ODE/ode-0.12/missing --run makeinfo'
MANIFEST_TOOL=':'
MKDIR_P='/usr/bin/mkdir -p'
NM='/usr/bin/nm -B'
NMEDIT=''
OBJDUMP='objdump'
OBJEXT='o'
OTOOL64=''
OTOOL=''
OU_NAMESPACE='odeou'
PACKAGE='ou'
PACKAGE_BUGREPORT='oleh_derevenko@users.sourceforge.net'
PACKAGE_NAME='ou'
PACKAGE_STRING='ou 0'
PACKAGE_TARNAME='ou'
PACKAGE_URL=''
PACKAGE_VERSION='0'
PATH_SEPARATOR=':'
RANLIB='ranlib'
SED='/usr/bin/sed'
SET_MAKE=''
SHELL='/bin/sh'
STRIP='strip'
VERSION='0'
ac_ct_AR='ar'
ac_ct_CC='gcc'
ac_ct_CXX='g++'
ac_ct_DUMPBIN=''
am__EXEEXT_FALSE=''
am__EXEEXT_TRUE='#'
am__fastdepCC_FALSE='#'
am__fastdepCC_TRUE=''
am__fastdepCXX_FALSE='#'
am__fastdepCXX_TRUE=''
am__include='include'
am__isrc=''
am__leading_dot='.'
am__quote=''
am__tar='${AMTAR} chof - "$$tardir"'
am__untar='${AMTAR} xf -'
bindir='${exec_prefix}/bin'
build='x86_64-unknown-linux-gnu'
build_alias=''
build_cpu='x86_64'
build_os='linux-gnu'
build_vendor='unknown'
datadir='${datarootdir}'
datarootdir='${prefix}/share'
docdir='${datarootdir}/doc/${PACKAGE_TARNAME}'
dvidir='${docdir}'
exec_prefix='${prefix}'
host='x86_64-unknown-linux-gnu'
host_alias=''
host_cpu='x86_64'
host_os='linux-gnu'
host_vendor='unknown'
htmldir='${docdir}'
includedir='${prefix}/include'
infodir='${datarootdir}/info'
install_sh='${SHELL} /home/danilo/Downloads/skunks-4.2.0/ODE/ode-0.12/install-sh'
libdir='${exec_prefix}/lib'
libexecdir='${exec_prefix}/libexec'
localedir='${datarootdir}/locale'
localstatedir='${prefix}/var'
mandir='${datarootdir}/man'
mkdir_p='/usr/bin/mkdir -p'
oldincludedir='/usr/include'
pdfdir='${docdir}'
prefix='/home/danilo/Downloads/skunks-4.2.0/ODE/local'
program_transform_name='s,x,x,'
psdir='${docdir}'
sbindir='${exec_prefix}/sbin'
sharedstatedir='${prefix}/com'
sysconfdir='${prefix}/etc'
target_alias=''

## ----------- ##
## confdefs.h. ##
## ----------- ##

/* confdefs.h */
#define PACKAGE_NAME "ou"
#define PACKAGE_TARNAME "ou"
#define PACKAGE_VERSION "0"
#define PACKAGE_STRING "ou 0"
#define PACKAGE_BUGREPORT "oleh_derevenko@users.sourceforge.net"
#define PACKAGE_URL ""
#define STDC_HEADERS 1
#define HAVE_SYS_TYPES_H 1
#define HAVE_SYS_STAT_H 1
#define HAVE_STDLIB_H 1
#define HAVE_STRING_H 1
#define HAVE_MEMORY_H 1
#define HAVE_STRINGS_H 1
#define HAVE_INTTYPES_H 1
#define HAVE_STDINT_H 1
#define HAVE_UNISTD_H 1
#define __EXTENSIONS__ 1
#define _ALL_SOURCE 1
#define _GNU_SOURCE 1
#define _POSIX_PTHREAD_SEMANTICS 1
#define _TANDEM_SOURCE 1
#define PACKAGE "ou"
#define VERSION "0"
#define HAVE_DLFCN_H 1
#define LT_OBJDIR ".libs/"
#define HAVE_LIBC 1
#define HAVE_LIBPTHREAD 1
#define _REENTRANT 1
#define STDC_HEADERS 1
#define HAVE_INTTYPES_H 1
#define HAVE_MALLOC_H 1
#define HAVE_STDDEF_H 1
#define HAVE_STDLIB_H 1
#define HAVE_STRING_H 1
#define HAVE__BOOL 1
#define HAVE_STDBOOL_H 1
#define HAVE_PTRDIFF_T 1
#define HAVE_STDLIB_H 1
#define HAVE_MALLOC 1
#define HAVE_STDLIB_H 1
#define HAVE_REALLOC 1
#define HAVE_MEMSET 1
#define _OU_TARGET_OS _OU_TARGET_OS_GENUNIX

configure: exit 0
