This file contains any messages produced by compilers while
running configure, to aid debugging if configure makes a mistake.

It was created by ODE configure 0.12, which was
generated by GNU Autoconf 2.68.  Invocation command line was

  $ ./configure --prefix=/home/danilo/Downloads/skunks-4.2.0/ODE/local --disable-demos

## --------- ##
## Platform. ##
## --------- ##

hostname = X1Carbon
uname -m = x86_64
uname -r = 4.18.4-arch1-1-ARCH
uname -s = Linux
uname -v = #1 SMP PREEMPT Wed Aug 22 07:33:26 UTC 2018

/usr/bin/uname -p = unknown
/bin/uname -X     = unknown

/bin/arch              = unknown
/usr/bin/arch -k       = unknown
/usr/convex/getsysinfo = unknown
/usr/bin/hostinfo      = unknown
/bin/machine           = unknown
/usr/bin/oslevel       = unknown
/bin/universe          = unknown

PATH: /usr/local/sbin
PATH: /usr/local/bin
PATH: /usr/bin
PATH: /usr/bin/site_perl
PATH: /usr/bin/vendor_perl
PATH: /usr/bin/core_perl


## ----------- ##
## Core tests. ##
## ----------- ##

configure:2690: checking build system type
configure:2704: result: x86_64-unknown-linux-gnu
configure:2724: checking host system type
configure:2737: result: x86_64-unknown-linux-gnu
configure:2774: checking for a BSD-compatible install
configure:2842: result: /usr/bin/install -c
configure:2853: checking whether build environment is sane
configure:2903: result: yes
configure:3044: checking for a thread-safe mkdir -p
configure:3083: result: /usr/bin/mkdir -p
configure:3096: checking for gawk
configure:3112: found /usr/bin/gawk
configure:3123: result: gawk
configure:3134: checking whether make sets $(MAKE)
configure:3156: result: yes
configure:3239: checking whether make sets $(MAKE)
configure:3261: result: yes
configure:3328: checking for g++
configure:3344: found /usr/bin/g++
configure:3355: result: g++
configure:3382: checking for C++ compiler version
configure:3391: g++ --version >&5
g++ (GCC) 8.2.0
Copyright (C) 2018 Free Software Foundation, Inc.
This is free software; see the source for copying conditions.  There is NO
warranty; not even for MERCHANTABILITY or FITNESS FOR A PARTICULAR PURPOSE.

configure:3402: $? = 0
configure:3391: g++ -v >&5
Using built-in specs.
COLLECT_GCC=g++
COLLECT_LTO_WRAPPER=/usr/lib/gcc/x86_64-pc-linux-gnu/8.2.0/lto-wrapper
Target: x86_64-pc-linux-gnu
Configured with: /build/gcc/src/gcc/configure --prefix=/usr --libdir=/usr/lib --libexecdir=/usr/lib --mandir=/usr/share/man --infodir=/usr/share/info --with-bugurl=https://bugs.archlinux.org/ --enable-languages=c,c++,ada,fortran,go,lto,objc,obj-c++ --enable-shared --enable-threads=posix --enable-libmpx --with-system-zlib --with-isl --enable-__cxa_atexit --disable-libunwind-exceptions --enable-clocale=gnu --disable-libstdcxx-pch --disable-libssp --enable-gnu-unique-object --enable-linker-build-id --enable-lto --enable-plugin --enable-install-libiberty --with-linker-hash-style=gnu --enable-gnu-indirect-function --enable-multilib --disable-werror --enable-checking=release --enable-default-pie --enable-default-ssp --enable-cet=auto
Thread model: posix
gcc version 8.2.0 (GCC) 
configure:3402: $? = 0
configure:3391: g++ -V >&5
g++: error: unrecognized command line option '-V'
g++: fatal error: no input files
compilation terminated.
configure:3402: $? = 1
configure:3391: g++ -qversion >&5
g++: error: unrecognized command line option '-qversion'; did you mean '--version'?
g++: fatal error: no input files
compilation terminated.
configure:3402: $? = 1
configure:3422: checking whether the C++ compiler works
configure:3444: g++    conftest.cpp  >&5
configure:3448: $? = 0
configure:3496: result: yes
configure:3499: checking for C++ compiler default output file name
configure:3501: result: a.out
configure:3507: checking for suffix of executables
configure:3514: g++ -o conftest    conftest.cpp  >&5
configure:3518: $? = 0
configure:3540: result: 
configure:3562: checking whether we are cross compiling
configure:3570: g++ -o conftest    conftest.cpp  >&5
configure:3574: $? = 0
configure:3581: ./conftest
configure:3585: $? = 0
configure:3600: result: no
configure:3605: checking for suffix of object files
configure:3627: g++ -c   conftest.cpp >&5
configure:3631: $? = 0
configure:3652: result: o
configure:3656: checking whether we are using the GNU C++ compiler
configure:3675: g++ -c   conftest.cpp >&5
configure:3675: $? = 0
configure:3684: result: yes
configure:3693: checking whether g++ accepts -g
configure:3713: g++ -c -g  conftest.cpp >&5
configure:3713: $? = 0
configure:3754: result: yes
configure:3788: checking for style of include used by make
configure:3816: result: GNU
configure:3841: checking dependency style of g++
configure:3951: result: gcc3
configure:4014: checking for gcc
configure:4030: found /usr/bin/gcc
configure:4041: result: gcc
configure:4270: checking for C compiler version
configure:4279: gcc --version >&5
gcc (GCC) 8.2.0
Copyright (C) 2018 Free Software Foundation, Inc.
This is free software; see the source for copying conditions.  There is NO
warranty; not even for MERCHANTABILITY or FITNESS FOR A PARTICULAR PURPOSE.

configure:4290: $? = 0
configure:4279: gcc -v >&5
Using built-in specs.
COLLECT_GCC=gcc
COLLECT_LTO_WRAPPER=/usr/lib/gcc/x86_64-pc-linux-gnu/8.2.0/lto-wrapper
Target: x86_64-pc-linux-gnu
Configured with: /build/gcc/src/gcc/configure --prefix=/usr --libdir=/usr/lib --libexecdir=/usr/lib --mandir=/usr/share/man --infodir=/usr/share/info --with-bugurl=https://bugs.archlinux.org/ --enable-languages=c,c++,ada,fortran,go,lto,objc,obj-c++ --enable-shared --enable-threads=posix --enable-libmpx --with-system-zlib --with-isl --enable-__cxa_atexit --disable-libunwind-exceptions --enable-clocale=gnu --disable-libstdcxx-pch --disable-libssp --enable-gnu-unique-object --enable-linker-build-id --enable-lto --enable-plugin --enable-install-libiberty --with-linker-hash-style=gnu --enable-gnu-indirect-function --enable-multilib --disable-werror --enable-checking=release --enable-default-pie --enable-default-ssp --enable-cet=auto
Thread model: posix
gcc version 8.2.0 (GCC) 
configure:4290: $? = 0
configure:4279: gcc -V >&5
gcc: error: unrecognized command line option '-V'
gcc: fatal error: no input files
compilation terminated.
configure:4290: $? = 1
configure:4279: gcc -qversion >&5
gcc: error: unrecognized command line option '-qversion'; did you mean '--version'?
gcc: fatal error: no input files
compilation terminated.
configure:4290: $? = 1
configure:4294: checking whether we are using the GNU C compiler
configure:4313: gcc -c   conftest.c >&5
configure:4313: $? = 0
configure:4322: result: yes
configure:4331: checking whether gcc accepts -g
configure:4351: gcc -c -g  conftest.c >&5
configure:4351: $? = 0
configure:4392: result: yes
configure:4409: checking for gcc option to accept ISO C89
configure:4473: gcc  -c -g -O2  conftest.c >&5
configure:4473: $? = 0
configure:4486: result: none needed
configure:4508: checking dependency style of gcc
configure:4618: result: gcc3
configure:4634: checking whether gcc and cc understand -c and -o together
configure:4665: gcc -c conftest.c -o conftest2.o >&5
configure:4669: $? = 0
configure:4675: gcc -c conftest.c -o conftest2.o >&5
configure:4679: $? = 0
configure:4690: cc -c conftest.c >&5
configure:4694: $? = 0
configure:4702: cc -c conftest.c -o conftest2.o >&5
configure:4706: $? = 0
configure:4712: cc -c conftest.c -o conftest2.o >&5
configure:4716: $? = 0
configure:4734: result: yes
configure:4764: checking how to run the C preprocessor
configure:4795: gcc -E  conftest.c
configure:4795: $? = 0
configure:4809: gcc -E  conftest.c
conftest.c:11:10: fatal error: ac_nonexistent.h: No such file or directory
 #include <ac_nonexistent.h>
          ^~~~~~~~~~~~~~~~~~
compilation terminated.
configure:4809: $? = 1
configure: failed program was:
| /* confdefs.h */
| #define PACKAGE_NAME "ODE"
| #define PACKAGE_TARNAME "ode"
| #define PACKAGE_VERSION "0.12"
| #define PACKAGE_STRING "ODE 0.12"
| #define PACKAGE_BUGREPORT "ode@ode.org"
| #define PACKAGE_URL ""
| #define PACKAGE "ode"
| #define VERSION "0.12"
| /* end confdefs.h.  */
| #include <ac_nonexistent.h>
configure:4834: result: gcc -E
configure:4854: gcc -E  conftest.c
configure:4854: $? = 0
configure:4868: gcc -E  conftest.c
conftest.c:11:10: fatal error: ac_nonexistent.h: No such file or directory
 #include <ac_nonexistent.h>
          ^~~~~~~~~~~~~~~~~~
compilation terminated.
configure:4868: $? = 1
configure: failed program was:
| /* confdefs.h */
| #define PACKAGE_NAME "ODE"
| #define PACKAGE_TARNAME "ode"
| #define PACKAGE_VERSION "0.12"
| #define PACKAGE_STRING "ODE 0.12"
| #define PACKAGE_BUGREPORT "ode@ode.org"
| #define PACKAGE_URL ""
| #define PACKAGE "ode"
| #define VERSION "0.12"
| /* end confdefs.h.  */
| #include <ac_nonexistent.h>
configure:4900: checking for gawk
configure:4927: result: gawk
configure:4939: checking whether ln -s works
configure:4943: result: yes
configure:5028: checking how to print strings
configure:5055: result: printf
configure:5076: checking for a sed that does not truncate output
configure:5140: result: /usr/bin/sed
configure:5158: checking for grep that handles long lines and -e
configure:5216: result: /usr/bin/grep
configure:5221: checking for egrep
configure:5283: result: /usr/bin/grep -E
configure:5288: checking for fgrep
configure:5350: result: /usr/bin/grep -F
configure:5385: checking for ld used by gcc
configure:5452: result: /usr/bin/ld
configure:5459: checking if the linker (/usr/bin/ld) is GNU ld
configure:5474: result: yes
configure:5486: checking for BSD- or MS-compatible name lister (nm)
configure:5535: result: /usr/bin/nm -B
configure:5665: checking the name lister (/usr/bin/nm -B) interface
configure:5672: gcc -c -g -O2  conftest.c >&5
configure:5675: /usr/bin/nm -B "conftest.o"
configure:5678: output
0000000000000000 B some_variable
configure:5685: result: BSD nm
configure:5689: checking the maximum length of command line arguments
configure:5814: result: 1572864
configure:5831: checking whether the shell understands some XSI constructs
configure:5841: result: yes
configure:5845: checking whether the shell understands "+="
configure:5851: result: yes
configure:5886: checking how to convert x86_64-unknown-linux-gnu file names to x86_64-unknown-linux-gnu format
configure:5926: result: func_convert_file_noop
configure:5933: checking how to convert x86_64-unknown-linux-gnu file names to toolchain format
configure:5953: result: func_convert_file_noop
configure:5960: checking for /usr/bin/ld option to reload object files
configure:5967: result: -r
configure:6041: checking for objdump
configure:6057: found /usr/bin/objdump
configure:6068: result: objdump
configure:6097: checking how to recognize dependent libraries
configure:6299: result: pass_all
configure:6384: checking for dlltool
configure:6414: result: no
configure:6441: checking how to associate runtime and link libraries
configure:6468: result: printf %s\n
configure:6529: checking for ar
configure:6545: found /usr/bin/ar
configure:6556: result: ar
configure:6593: checking for archiver @FILE support
configure:6610: gcc -c -g -O2  conftest.c >&5
configure:6610: $? = 0
configure:6613: ar cru libconftest.a @conftest.lst >&5
ar: `u' modifier ignored since `D' is the default (see `U')
configure:6616: $? = 0
configure:6621: ar cru libconftest.a @conftest.lst >&5
ar: `u' modifier ignored since `D' is the default (see `U')
ar: conftest.o: No such file or directory
configure:6624: $? = 1
configure:6636: result: @
configure:6694: checking for strip
configure:6710: found /usr/bin/strip
configure:6721: result: strip
configure:6793: checking for ranlib
configure:6809: found /usr/bin/ranlib
configure:6820: result: ranlib
configure:6922: checking command to parse /usr/bin/nm -B output from gcc object
configure:7041: gcc -c -g -O2  conftest.c >&5
configure:7044: $? = 0
configure:7048: /usr/bin/nm -B conftest.o \| sed -n -e 's/^.*[ ]\([ABCDGIRSTW][ABCDGIRSTW]*\)[ ][ ]*\([_A-Za-z][_A-Za-z0-9]*\)$/\1 \2 \2/p' | sed '/ __gnu_lto/d' \> conftest.nm
configure:7051: $? = 0
configure:7117: gcc -o conftest -g -O2   conftest.c conftstm.o >&5
configure:7120: $? = 0
configure:7158: result: ok
configure:7195: checking for sysroot
configure:7225: result: no
configure:7302: gcc -c -g -O2  conftest.c >&5
configure:7305: $? = 0
configure:7468: checking for mt
configure:7498: result: no
configure:7518: checking if : is a manifest tool
configure:7524: : '-?'
configure:7532: result: no
configure:8160: checking for ANSI C header files
configure:8180: gcc -c -g -O2  conftest.c >&5
configure:8180: $? = 0
configure:8253: gcc -o conftest -g -O2   conftest.c  >&5
configure:8253: $? = 0
configure:8253: ./conftest
configure:8253: $? = 0
configure:8264: result: yes
configure:8277: checking for sys/types.h
configure:8277: gcc -c -g -O2  conftest.c >&5
configure:8277: $? = 0
configure:8277: result: yes
configure:8277: checking for sys/stat.h
configure:8277: gcc -c -g -O2  conftest.c >&5
configure:8277: $? = 0
configure:8277: result: yes
configure:8277: checking for stdlib.h
configure:8277: gcc -c -g -O2  conftest.c >&5
configure:8277: $? = 0
configure:8277: result: yes
configure:8277: checking for string.h
configure:8277: gcc -c -g -O2  conftest.c >&5
configure:8277: $? = 0
configure:8277: result: yes
configure:8277: checking for memory.h
configure:8277: gcc -c -g -O2  conftest.c >&5
configure:8277: $? = 0
configure:8277: result: yes
configure:8277: checking for strings.h
configure:8277: gcc -c -g -O2  conftest.c >&5
configure:8277: $? = 0
configure:8277: result: yes
configure:8277: checking for inttypes.h
configure:8277: gcc -c -g -O2  conftest.c >&5
configure:8277: $? = 0
configure:8277: result: yes
configure:8277: checking for stdint.h
configure:8277: gcc -c -g -O2  conftest.c >&5
configure:8277: $? = 0
configure:8277: result: yes
configure:8277: checking for unistd.h
configure:8277: gcc -c -g -O2  conftest.c >&5
configure:8277: $? = 0
configure:8277: result: yes
configure:8291: checking for dlfcn.h
configure:8291: gcc -c -g -O2  conftest.c >&5
configure:8291: $? = 0
configure:8291: result: yes
configure:8783: checking for objdir
configure:8798: result: .libs
configure:9069: checking if gcc supports -fno-rtti -fno-exceptions
configure:9087: gcc -c -g -O2  -fno-rtti -fno-exceptions conftest.c >&5
cc1: warning: command line option '-fno-rtti' is valid for C++/ObjC++ but not for C
configure:9091: $? = 0
configure:9104: result: no
configure:9414: checking for gcc option to produce PIC
configure:9421: result: -fPIC -DPIC
configure:9429: checking if gcc PIC flag -fPIC -DPIC works
configure:9447: gcc -c -g -O2  -fPIC -DPIC -DPIC conftest.c >&5
configure:9451: $? = 0
configure:9464: result: yes
configure:9493: checking if gcc static flag -static works
configure:9521: result: yes
configure:9536: checking if gcc supports -c -o file.o
configure:9557: gcc -c -g -O2  -o out/conftest2.o conftest.c >&5
configure:9561: $? = 0
configure:9583: result: yes
configure:9591: checking if gcc supports -c -o file.o
configure:9638: result: yes
configure:9671: checking whether the gcc linker (/usr/bin/ld -m elf_x86_64) supports shared libraries
configure:10830: result: yes
configure:11075: checking dynamic linker characteristics
configure:11589: gcc -o conftest -g -O2   -Wl,-rpath -Wl,/foo conftest.c  >&5
configure:11589: $? = 0
configure:11613: gcc -c -g -O2  conftest.c >&5
configure:11616: $? = 0
configure:11833: result: GNU/Linux ld.so
configure:11940: checking how to hardcode library paths into programs
configure:11965: result: immediate
configure:12505: checking whether stripping libraries is possible
configure:12510: result: yes
configure:12545: checking if libtool supports shared libraries
configure:12547: result: yes
configure:12550: checking whether to build shared libraries
configure:12571: result: no
configure:12574: checking whether to build static libraries
configure:12578: result: yes
configure:12601: checking how to run the C++ preprocessor
configure:12628: g++ -E  conftest.cpp
configure:12628: $? = 0
configure:12642: g++ -E  conftest.cpp
conftest.cpp:23:10: fatal error: ac_nonexistent.h: No such file or directory
 #include <ac_nonexistent.h>
          ^~~~~~~~~~~~~~~~~~
compilation terminated.
configure:12642: $? = 1
configure: failed program was:
| /* confdefs.h */
| #define PACKAGE_NAME "ODE"
| #define PACKAGE_TARNAME "ode"
| #define PACKAGE_VERSION "0.12"
| #define PACKAGE_STRING "ODE 0.12"
| #define PACKAGE_BUGREPORT "ode@ode.org"
| #define PACKAGE_URL ""
| #define PACKAGE "ode"
| #define VERSION "0.12"
| #define STDC_HEADERS 1
| #define HAVE_SYS_TYPES_H 1
| #define HAVE_SYS_STAT_H 1
| #define HAVE_STDLIB_H 1
| #define HAVE_STRING_H 1
| #define HAVE_MEMORY_H 1
| #define HAVE_STRINGS_H 1
| #define HAVE_INTTYPES_H 1
| #define HAVE_STDINT_H 1
| #define HAVE_UNISTD_H 1
| #define HAVE_DLFCN_H 1
| #define LT_OBJDIR ".libs/"
| /* end confdefs.h.  */
| #include <ac_nonexistent.h>
configure:12667: result: g++ -E
configure:12687: g++ -E  conftest.cpp
configure:12687: $? = 0
configure:12701: g++ -E  conftest.cpp
conftest.cpp:23:10: fatal error: ac_nonexistent.h: No such file or directory
 #include <ac_nonexistent.h>
          ^~~~~~~~~~~~~~~~~~
compilation terminated.
configure:12701: $? = 1
configure: failed program was:
| /* confdefs.h */
| #define PACKAGE_NAME "ODE"
| #define PACKAGE_TARNAME "ode"
| #define PACKAGE_VERSION "0.12"
| #define PACKAGE_STRING "ODE 0.12"
| #define PACKAGE_BUGREPORT "ode@ode.org"
| #define PACKAGE_URL ""
| #define PACKAGE "ode"
| #define VERSION "0.12"
| #define STDC_HEADERS 1
| #define HAVE_SYS_TYPES_H 1
| #define HAVE_SYS_STAT_H 1
| #define HAVE_STDLIB_H 1
| #define HAVE_STRING_H 1
| #define HAVE_MEMORY_H 1
| #define HAVE_STRINGS_H 1
| #define HAVE_INTTYPES_H 1
| #define HAVE_STDINT_H 1
| #define HAVE_UNISTD_H 1
| #define HAVE_DLFCN_H 1
| #define LT_OBJDIR ".libs/"
| /* end confdefs.h.  */
| #include <ac_nonexistent.h>
configure:12871: checking for ld used by g++
configure:12938: result: /usr/bin/ld -m elf_x86_64
configure:12945: checking if the linker (/usr/bin/ld -m elf_x86_64) is GNU ld
configure:12960: result: yes
configure:13015: checking whether the g++ linker (/usr/bin/ld -m elf_x86_64) supports shared libraries
configure:14020: result: yes
configure:14055: g++ -c -g -O2  conftest.cpp >&5
configure:14058: $? = 0
configure:14578: checking for g++ option to produce PIC
configure:14585: result: -fPIC -DPIC
configure:14593: checking if g++ PIC flag -fPIC -DPIC works
configure:14611: g++ -c -g -O2  -fPIC -DPIC -DPIC conftest.cpp >&5
configure:14615: $? = 0
configure:14628: result: yes
configure:14651: checking if g++ static flag -static works
configure:14679: result: yes
configure:14691: checking if g++ supports -c -o file.o
configure:14712: g++ -c -g -O2  -o out/conftest2.o conftest.cpp >&5
configure:14716: $? = 0
configure:14738: result: yes
configure:14743: checking if g++ supports -c -o file.o
configure:14790: result: yes
configure:14820: checking whether the g++ linker (/usr/bin/ld -m elf_x86_64) supports shared libraries
configure:14857: result: yes
configure:15000: checking dynamic linker characteristics
configure:15472: g++ -c -g -O2  conftest.cpp >&5
configure:15475: $? = 0
configure:15692: result: GNU/Linux ld.so
configure:15745: checking how to hardcode library paths into programs
configure:15770: result: immediate
configure:15878: checking for windres
configure:15908: result: no
configure:15930: checking whether byte ordering is bigendian
configure:15945: gcc -c -g -O2  conftest.c >&5
conftest.c:24:9: error: unknown type name 'not'
         not a universal capable compiler
         ^~~
conftest.c:24:15: error: expected '=', ',', ';', 'asm' or '__attribute__' before 'universal'
         not a universal capable compiler
               ^~~~~~~~~
conftest.c:24:15: error: unknown type name 'universal'
configure:15945: $? = 1
configure: failed program was:
| /* confdefs.h */
| #define PACKAGE_NAME "ODE"
| #define PACKAGE_TARNAME "ode"
| #define PACKAGE_VERSION "0.12"
| #define PACKAGE_STRING "ODE 0.12"
| #define PACKAGE_BUGREPORT "ode@ode.org"
| #define PACKAGE_URL ""
| #define PACKAGE "ode"
| #define VERSION "0.12"
| #define STDC_HEADERS 1
| #define HAVE_SYS_TYPES_H 1
| #define HAVE_SYS_STAT_H 1
| #define HAVE_STDLIB_H 1
| #define HAVE_STRING_H 1
| #define HAVE_MEMORY_H 1
| #define HAVE_STRINGS_H 1
| #define HAVE_INTTYPES_H 1
| #define HAVE_STDINT_H 1
| #define HAVE_UNISTD_H 1
| #define HAVE_DLFCN_H 1
| #define LT_OBJDIR ".libs/"
| /* end confdefs.h.  */
| #ifndef __APPLE_CC__
| 	       not a universal capable compiler
| 	     #endif
| 	     typedef int dummy;
| 
configure:15990: gcc -c -g -O2  conftest.c >&5
configure:15990: $? = 0
configure:16008: gcc -c -g -O2  conftest.c >&5
conftest.c: In function 'main':
conftest.c:30:4: error: unknown type name 'not'; did you mean 'ino_t'?
    not big endian
    ^~~
    ino_t
conftest.c:30:12: error: expected '=', ',', ';', 'asm' or '__attribute__' before 'endian'
    not big endian
            ^~~~~~
configure:16008: $? = 1
configure: failed program was:
| /* confdefs.h */
| #define PACKAGE_NAME "ODE"
| #define PACKAGE_TARNAME "ode"
| #define PACKAGE_VERSION "0.12"
| #define PACKAGE_STRING "ODE 0.12"
| #define PACKAGE_BUGREPORT "ode@ode.org"
| #define PACKAGE_URL ""
| #define PACKAGE "ode"
| #define VERSION "0.12"
| #define STDC_HEADERS 1
| #define HAVE_SYS_TYPES_H 1
| #define HAVE_SYS_STAT_H 1
| #define HAVE_STDLIB_H 1
| #define HAVE_STRING_H 1
| #define HAVE_MEMORY_H 1
| #define HAVE_STRINGS_H 1
| #define HAVE_INTTYPES_H 1
| #define HAVE_STDINT_H 1
| #define HAVE_UNISTD_H 1
| #define HAVE_DLFCN_H 1
| #define LT_OBJDIR ".libs/"
| /* end confdefs.h.  */
| #include <sys/types.h>
| 		#include <sys/param.h>
| 
| int
| main ()
| {
| #if BYTE_ORDER != BIG_ENDIAN
| 		 not big endian
| 		#endif
| 
|   ;
|   return 0;
| }
configure:16136: result: no
configure:16154: checking for inline
configure:16170: gcc -c -g -O2  conftest.c >&5
configure:16170: $? = 0
configure:16178: result: inline
configure:16196: checking for working volatile
configure:16215: gcc -c -g -O2  conftest.c >&5
configure:16215: $? = 0
configure:16222: result: yes
configure:16283: checking for pkg-config
configure:16301: found /usr/bin/pkg-config
configure:16313: result: /usr/bin/pkg-config
configure:16338: checking pkg-config is at least version 0.9.0
configure:16341: result: yes
configure:16388: checking alloca.h usability
configure:16388: gcc -c -g -O2  conftest.c >&5
configure:16388: $? = 0
configure:16388: result: yes
configure:16388: checking alloca.h presence
configure:16388: gcc -E  conftest.c
configure:16388: $? = 0
configure:16388: result: yes
configure:16388: checking for alloca.h
configure:16388: result: yes
configure:16388: checking stdio.h usability
configure:16388: gcc -c -g -O2  conftest.c >&5
configure:16388: $? = 0
configure:16388: result: yes
configure:16388: checking stdio.h presence
configure:16388: gcc -E  conftest.c
configure:16388: $? = 0
configure:16388: result: yes
configure:16388: checking for stdio.h
configure:16388: result: yes
configure:16388: checking for inttypes.h
configure:16388: result: yes
configure:16388: checking for stdint.h
configure:16388: result: yes
configure:16388: checking for stdlib.h
configure:16388: result: yes
configure:16388: checking math.h usability
configure:16388: gcc -c -g -O2  conftest.c >&5
configure:16388: $? = 0
configure:16388: result: yes
configure:16388: checking math.h presence
configure:16388: gcc -E  conftest.c
configure:16388: $? = 0
configure:16388: result: yes
configure:16388: checking for math.h
configure:16388: result: yes
configure:16388: checking for string.h
configure:16388: result: yes
configure:16388: checking stdarg.h usability
configure:16388: gcc -c -g -O2  conftest.c >&5
configure:16388: $? = 0
configure:16388: result: yes
configure:16388: checking stdarg.h presence
configure:16388: gcc -E  conftest.c
configure:16388: $? = 0
configure:16388: result: yes
configure:16388: checking for stdarg.h
configure:16388: result: yes
configure:16388: checking malloc.h usability
configure:16388: gcc -c -g -O2  conftest.c >&5
configure:16388: $? = 0
configure:16388: result: yes
configure:16388: checking malloc.h presence
configure:16388: gcc -E  conftest.c
configure:16388: $? = 0
configure:16388: result: yes
configure:16388: checking for malloc.h
configure:16388: result: yes
configure:16388: checking float.h usability
configure:16388: gcc -c -g -O2  conftest.c >&5
configure:16388: $? = 0
configure:16388: result: yes
configure:16388: checking float.h presence
configure:16388: gcc -E  conftest.c
configure:16388: $? = 0
configure:16388: result: yes
configure:16388: checking for float.h
configure:16388: result: yes
configure:16388: checking time.h usability
configure:16388: gcc -c -g -O2  conftest.c >&5
configure:16388: $? = 0
configure:16388: result: yes
configure:16388: checking time.h presence
configure:16388: gcc -E  conftest.c
configure:16388: $? = 0
configure:16388: result: yes
configure:16388: checking for time.h
configure:16388: result: yes
configure:16388: checking sys/time.h usability
configure:16388: gcc -c -g -O2  conftest.c >&5
configure:16388: $? = 0
configure:16388: result: yes
configure:16388: checking sys/time.h presence
configure:16388: gcc -E  conftest.c
configure:16388: $? = 0
configure:16388: result: yes
configure:16388: checking for sys/time.h
configure:16388: result: yes
configure:16388: checking limits.h usability
configure:16388: gcc -c -g -O2  conftest.c >&5
configure:16388: $? = 0
configure:16388: result: yes
configure:16388: checking limits.h presence
configure:16388: gcc -E  conftest.c
configure:16388: $? = 0
configure:16388: result: yes
configure:16388: checking for limits.h
configure:16388: result: yes
configure:16388: checking stddef.h usability
configure:16388: gcc -c -g -O2  conftest.c >&5
configure:16388: $? = 0
configure:16388: result: yes
configure:16388: checking stddef.h presence
configure:16388: gcc -E  conftest.c
configure:16388: $? = 0
configure:16388: result: yes
configure:16388: checking for stddef.h
configure:16388: result: yes
configure:16446: checking if double precision is requested
configure:16455: result: no
configure:16504: checking which drawstuff lib to build
configure:16506: result: X11
configure:16515: checking for X11
configure:16522: $PKG_CONFIG --exists --print-errors "x11"
configure:16525: $? = 0
configure:16538: $PKG_CONFIG --exists --print-errors "x11"
configure:16541: $? = 0
configure:16578: result: yes
configure:16594: checking for GL/gl.h
configure:16594: gcc -c -g -O2  -DdSINGLE conftest.c >&5
configure:16594: $? = 0
configure:16594: result: yes
configure:16594: checking for GL/glu.h
configure:16594: gcc -c -g -O2  -DdSINGLE conftest.c >&5
conftest.c:50:10: fatal error: GL/glu.h: No such file or directory
 #include <GL/glu.h>
          ^~~~~~~~~~
compilation terminated.
configure:16594: $? = 1
configure: failed program was:
| /* confdefs.h */
| #define PACKAGE_NAME "ODE"
| #define PACKAGE_TARNAME "ode"
| #define PACKAGE_VERSION "0.12"
| #define PACKAGE_STRING "ODE 0.12"
| #define PACKAGE_BUGREPORT "ode@ode.org"
| #define PACKAGE_URL ""
| #define PACKAGE "ode"
| #define VERSION "0.12"
| #define STDC_HEADERS 1
| #define HAVE_SYS_TYPES_H 1
| #define HAVE_SYS_STAT_H 1
| #define HAVE_STDLIB_H 1
| #define HAVE_STRING_H 1
| #define HAVE_MEMORY_H 1
| #define HAVE_STRINGS_H 1
| #define HAVE_INTTYPES_H 1
| #define HAVE_STDINT_H 1
| #define HAVE_UNISTD_H 1
| #define HAVE_DLFCN_H 1
| #define LT_OBJDIR ".libs/"
| #define X86_64_SYSTEM 1
| #define HAVE_ALLOCA_H 1
| #define HAVE_STDIO_H 1
| #define HAVE_INTTYPES_H 1
| #define HAVE_STDINT_H 1
| #define HAVE_STDLIB_H 1
| #define HAVE_MATH_H 1
| #define HAVE_STRING_H 1
| #define HAVE_STDARG_H 1
| #define HAVE_MALLOC_H 1
| #define HAVE_FLOAT_H 1
| #define HAVE_TIME_H 1
| #define HAVE_SYS_TIME_H 1
| #define HAVE_LIMITS_H 1
| #define HAVE_STDDEF_H 1
| #define HAVE_GL_GL_H 1
| /* end confdefs.h.  */
| #ifdef WIN32
|          #include <windows.h>
|          #endif
|          #if HAVE_GL_GL_H
|          #include <GL/gl.h>
|          #endif
|   	     #if HAVE_GL_GLU_H
|          #include <GL/glu.h>
|          #endif
| 
| 
| #include <GL/glu.h>
configure:16594: result: no
configure:16594: checking for GL/glext.h
configure:16594: gcc -c -g -O2  -DdSINGLE conftest.c >&5
configure:16594: $? = 0
configure:16594: result: yes
configure:16619: checking for main in -lGL
configure:16638: gcc -o conftest -g -O2  -DdSINGLE  conftest.c -lGL   >&5
configure:16638: $? = 0
configure:16647: result: yes
configure:16653: checking for main in -lGLU
configure:16672: gcc -o conftest -g -O2  -DdSINGLE  conftest.c -lGLU -lGL  >&5
/usr/bin/ld: cannot find -lGLU
collect2: error: ld returned 1 exit status
configure:16672: $? = 1
configure: failed program was:
| /* confdefs.h */
| #define PACKAGE_NAME "ODE"
| #define PACKAGE_TARNAME "ode"
| #define PACKAGE_VERSION "0.12"
| #define PACKAGE_STRING "ODE 0.12"
| #define PACKAGE_BUGREPORT "ode@ode.org"
| #define PACKAGE_URL ""
| #define PACKAGE "ode"
| #define VERSION "0.12"
| #define STDC_HEADERS 1
| #define HAVE_SYS_TYPES_H 1
| #define HAVE_SYS_STAT_H 1
| #define HAVE_STDLIB_H 1
| #define HAVE_STRING_H 1
| #define HAVE_MEMORY_H 1
| #define HAVE_STRINGS_H 1
| #define HAVE_INTTYPES_H 1
| #define HAVE_STDINT_H 1
| #define HAVE_UNISTD_H 1
| #define HAVE_DLFCN_H 1
| #define LT_OBJDIR ".libs/"
| #define X86_64_SYSTEM 1
| #define HAVE_ALLOCA_H 1
| #define HAVE_STDIO_H 1
| #define HAVE_INTTYPES_H 1
| #define HAVE_STDINT_H 1
| #define HAVE_STDLIB_H 1
| #define HAVE_MATH_H 1
| #define HAVE_STRING_H 1
| #define HAVE_STDARG_H 1
| #define HAVE_MALLOC_H 1
| #define HAVE_FLOAT_H 1
| #define HAVE_TIME_H 1
| #define HAVE_SYS_TIME_H 1
| #define HAVE_LIMITS_H 1
| #define HAVE_STDDEF_H 1
| #define HAVE_GL_GL_H 1
| #define HAVE_GL_GLEXT_H 1
| /* end confdefs.h.  */
| 
| 
| int
| main ()
| {
| return main ();
|   ;
|   return 0;
| }
configure:16681: result: no
configure:16687: checking for main in -lopengl32
configure:16706: gcc -o conftest -g -O2  -DdSINGLE  conftest.c -lopengl32   >&5
/usr/bin/ld: cannot find -lopengl32
collect2: error: ld returned 1 exit status
configure:16706: $? = 1
configure: failed program was:
| /* confdefs.h */
| #define PACKAGE_NAME "ODE"
| #define PACKAGE_TARNAME "ode"
| #define PACKAGE_VERSION "0.12"
| #define PACKAGE_STRING "ODE 0.12"
| #define PACKAGE_BUGREPORT "ode@ode.org"
| #define PACKAGE_URL ""
| #define PACKAGE "ode"
| #define VERSION "0.12"
| #define STDC_HEADERS 1
| #define HAVE_SYS_TYPES_H 1
| #define HAVE_SYS_STAT_H 1
| #define HAVE_STDLIB_H 1
| #define HAVE_STRING_H 1
| #define HAVE_MEMORY_H 1
| #define HAVE_STRINGS_H 1
| #define HAVE_INTTYPES_H 1
| #define HAVE_STDINT_H 1
| #define HAVE_UNISTD_H 1
| #define HAVE_DLFCN_H 1
| #define LT_OBJDIR ".libs/"
| #define X86_64_SYSTEM 1
| #define HAVE_ALLOCA_H 1
| #define HAVE_STDIO_H 1
| #define HAVE_INTTYPES_H 1
| #define HAVE_STDINT_H 1
| #define HAVE_STDLIB_H 1
| #define HAVE_MATH_H 1
| #define HAVE_STRING_H 1
| #define HAVE_STDARG_H 1
| #define HAVE_MALLOC_H 1
| #define HAVE_FLOAT_H 1
| #define HAVE_TIME_H 1
| #define HAVE_SYS_TIME_H 1
| #define HAVE_LIMITS_H 1
| #define HAVE_STDDEF_H 1
| #define HAVE_GL_GL_H 1
| #define HAVE_GL_GLEXT_H 1
| /* end confdefs.h.  */
| 
| 
| int
| main ()
| {
| return main ();
|   ;
|   return 0;
| }
configure:16715: result: no
configure:16721: checking for main in -lglu32
configure:16740: gcc -o conftest -g -O2  -DdSINGLE  conftest.c -lglu32 -lopengl32  >&5
/usr/bin/ld: cannot find -lglu32
/usr/bin/ld: cannot find -lopengl32
collect2: error: ld returned 1 exit status
configure:16740: $? = 1
configure: failed program was:
| /* confdefs.h */
| #define PACKAGE_NAME "ODE"
| #define PACKAGE_TARNAME "ode"
| #define PACKAGE_VERSION "0.12"
| #define PACKAGE_STRING "ODE 0.12"
| #define PACKAGE_BUGREPORT "ode@ode.org"
| #define PACKAGE_URL ""
| #define PACKAGE "ode"
| #define VERSION "0.12"
| #define STDC_HEADERS 1
| #define HAVE_SYS_TYPES_H 1
| #define HAVE_SYS_STAT_H 1
| #define HAVE_STDLIB_H 1
| #define HAVE_STRING_H 1
| #define HAVE_MEMORY_H 1
| #define HAVE_STRINGS_H 1
| #define HAVE_INTTYPES_H 1
| #define HAVE_STDINT_H 1
| #define HAVE_UNISTD_H 1
| #define HAVE_DLFCN_H 1
| #define LT_OBJDIR ".libs/"
| #define X86_64_SYSTEM 1
| #define HAVE_ALLOCA_H 1
| #define HAVE_STDIO_H 1
| #define HAVE_INTTYPES_H 1
| #define HAVE_STDINT_H 1
| #define HAVE_STDLIB_H 1
| #define HAVE_MATH_H 1
| #define HAVE_STRING_H 1
| #define HAVE_STDARG_H 1
| #define HAVE_MALLOC_H 1
| #define HAVE_FLOAT_H 1
| #define HAVE_TIME_H 1
| #define HAVE_SYS_TIME_H 1
| #define HAVE_LIMITS_H 1
| #define HAVE_STDDEF_H 1
| #define HAVE_GL_GL_H 1
| #define HAVE_GL_GLEXT_H 1
| /* end confdefs.h.  */
| 
| 
| int
| main ()
| {
| return main ();
|   ;
|   return 0;
| }
configure:16749: result: no
configure:16795: checking if demos should be built
configure:16811: result: no
configure:16816: checking for main in -lstdc++
configure:16835: gcc -o conftest -g -O2  -DdSINGLE  conftest.c -lstdc++   >&5
configure:16835: $? = 0
configure:16844: result: yes
configure:16853: checking for main in -lpthread
configure:16872: gcc -o conftest -g -O2  -DdSINGLE  conftest.c -lpthread   >&5
configure:16872: $? = 0
configure:16881: result: yes
configure:16915: checking for gprof
configure:16965: result: no
configure:16970: checking for stdbool.h that conforms to C99
configure:17037: gcc -c -g -O2  -DdSINGLE conftest.c >&5
configure:17037: $? = 0
configure:17044: result: yes
configure:17046: checking for _Bool
configure:17046: gcc -c -g -O2  -DdSINGLE conftest.c >&5
configure:17046: $? = 0
configure:17046: gcc -c -g -O2  -DdSINGLE conftest.c >&5
conftest.c: In function 'main':
conftest.c:76:20: error: expected expression before ')' token
 if (sizeof ((_Bool)))
                    ^
configure:17046: $? = 1
configure: failed program was:
| /* confdefs.h */
| #define PACKAGE_NAME "ODE"
| #define PACKAGE_TARNAME "ode"
| #define PACKAGE_VERSION "0.12"
| #define PACKAGE_STRING "ODE 0.12"
| #define PACKAGE_BUGREPORT "ode@ode.org"
| #define PACKAGE_URL ""
| #define PACKAGE "ode"
| #define VERSION "0.12"
| #define STDC_HEADERS 1
| #define HAVE_SYS_TYPES_H 1
| #define HAVE_SYS_STAT_H 1
| #define HAVE_STDLIB_H 1
| #define HAVE_STRING_H 1
| #define HAVE_MEMORY_H 1
| #define HAVE_STRINGS_H 1
| #define HAVE_INTTYPES_H 1
| #define HAVE_STDINT_H 1
| #define HAVE_UNISTD_H 1
| #define HAVE_DLFCN_H 1
| #define LT_OBJDIR ".libs/"
| #define X86_64_SYSTEM 1
| #define HAVE_ALLOCA_H 1
| #define HAVE_STDIO_H 1
| #define HAVE_INTTYPES_H 1
| #define HAVE_STDINT_H 1
| #define HAVE_STDLIB_H 1
| #define HAVE_MATH_H 1
| #define HAVE_STRING_H 1
| #define HAVE_STDARG_H 1
| #define HAVE_MALLOC_H 1
| #define HAVE_FLOAT_H 1
| #define HAVE_TIME_H 1
| #define HAVE_SYS_TIME_H 1
| #define HAVE_LIMITS_H 1
| #define HAVE_STDDEF_H 1
| #define HAVE_GL_GL_H 1
| #define HAVE_GL_GLEXT_H 1
| /* end confdefs.h.  */
| #include <stdio.h>
| #ifdef HAVE_SYS_TYPES_H
| # include <sys/types.h>
| #endif
| #ifdef HAVE_SYS_STAT_H
| # include <sys/stat.h>
| #endif
| #ifdef STDC_HEADERS
| # include <stdlib.h>
| # include <stddef.h>
| #else
| # ifdef HAVE_STDLIB_H
| #  include <stdlib.h>
| # endif
| #endif
| #ifdef HAVE_STRING_H
| # if !defined STDC_HEADERS && defined HAVE_MEMORY_H
| #  include <memory.h>
| # endif
| # include <string.h>
| #endif
| #ifdef HAVE_STRINGS_H
| # include <strings.h>
| #endif
| #ifdef HAVE_INTTYPES_H
| # include <inttypes.h>
| #endif
| #ifdef HAVE_STDINT_H
| # include <stdint.h>
| #endif
| #ifdef HAVE_UNISTD_H
| # include <unistd.h>
| #endif
| int
| main ()
| {
| if (sizeof ((_Bool)))
| 	    return 0;
|   ;
|   return 0;
| }
configure:17046: result: yes
configure:17062: checking for inline
configure:17086: result: inline
configure:17104: checking for int32_t
configure:17104: gcc -c -g -O2  -DdSINGLE conftest.c >&5
configure:17104: $? = 0
configure:17104: gcc -c -g -O2  -DdSINGLE conftest.c >&5
conftest.c: In function 'main':
conftest.c:80:53: warning: integer overflow in expression of type 'int' results in '-2147483648' [-Woverflow]
    < (int32_t) (((((int32_t) 1 << N) << N) - 1) * 2 + 2))];
                                                     ^
conftest.c:79:12: error: storage size of 'test_array' isn't constant
 static int test_array [1 - 2 * !((int32_t) (((((int32_t) 1 << N) << N) - 1) * 2 + 1)
            ^~~~~~~~~~
configure:17104: $? = 1
configure: failed program was:
| /* confdefs.h */
| #define PACKAGE_NAME "ODE"
| #define PACKAGE_TARNAME "ode"
| #define PACKAGE_VERSION "0.12"
| #define PACKAGE_STRING "ODE 0.12"
| #define PACKAGE_BUGREPORT "ode@ode.org"
| #define PACKAGE_URL ""
| #define PACKAGE "ode"
| #define VERSION "0.12"
| #define STDC_HEADERS 1
| #define HAVE_SYS_TYPES_H 1
| #define HAVE_SYS_STAT_H 1
| #define HAVE_STDLIB_H 1
| #define HAVE_STRING_H 1
| #define HAVE_MEMORY_H 1
| #define HAVE_STRINGS_H 1
| #define HAVE_INTTYPES_H 1
| #define HAVE_STDINT_H 1
| #define HAVE_UNISTD_H 1
| #define HAVE_DLFCN_H 1
| #define LT_OBJDIR ".libs/"
| #define X86_64_SYSTEM 1
| #define HAVE_ALLOCA_H 1
| #define HAVE_STDIO_H 1
| #define HAVE_INTTYPES_H 1
| #define HAVE_STDINT_H 1
| #define HAVE_STDLIB_H 1
| #define HAVE_MATH_H 1
| #define HAVE_STRING_H 1
| #define HAVE_STDARG_H 1
| #define HAVE_MALLOC_H 1
| #define HAVE_FLOAT_H 1
| #define HAVE_TIME_H 1
| #define HAVE_SYS_TIME_H 1
| #define HAVE_LIMITS_H 1
| #define HAVE_STDDEF_H 1
| #define HAVE_GL_GL_H 1
| #define HAVE_GL_GLEXT_H 1
| #define HAVE__BOOL 1
| #define HAVE_STDBOOL_H 1
| /* end confdefs.h.  */
| #include <stdio.h>
| #ifdef HAVE_SYS_TYPES_H
| # include <sys/types.h>
| #endif
| #ifdef HAVE_SYS_STAT_H
| # include <sys/stat.h>
| #endif
| #ifdef STDC_HEADERS
| # include <stdlib.h>
| # include <stddef.h>
| #else
| # ifdef HAVE_STDLIB_H
| #  include <stdlib.h>
| # endif
| #endif
| #ifdef HAVE_STRING_H
| # if !defined STDC_HEADERS && defined HAVE_MEMORY_H
| #  include <memory.h>
| # endif
| # include <string.h>
| #endif
| #ifdef HAVE_STRINGS_H
| # include <strings.h>
| #endif
| #ifdef HAVE_INTTYPES_H
| # include <inttypes.h>
| #endif
| #ifdef HAVE_STDINT_H
| # include <stdint.h>
| #endif
| #ifdef HAVE_UNISTD_H
| # include <unistd.h>
| #endif
| 	        enum { N = 32 / 2 - 1 };
| int
| main ()
| {
| static int test_array [1 - 2 * !((int32_t) (((((int32_t) 1 << N) << N) - 1) * 2 + 1)
| 		 < (int32_t) (((((int32_t) 1 << N) << N) - 1) * 2 + 2))];
| test_array [0] = 0
| 
|   ;
|   return 0;
| }
configure:17104: result: yes
configure:17115: checking for obstacks
configure:17136: gcc -o conftest -g -O2  -DdSINGLE  conftest.c  -lpthread >&5
configure:17136: $? = 0
configure:17144: result: yes
configure:17159: checking for size_t
configure:17159: gcc -c -g -O2  -DdSINGLE conftest.c >&5
configure:17159: $? = 0
configure:17159: gcc -c -g -O2  -DdSINGLE conftest.c >&5
conftest.c: In function 'main':
conftest.c:79:21: error: expected expression before ')' token
 if (sizeof ((size_t)))
                     ^
configure:17159: $? = 1
configure: failed program was:
| /* confdefs.h */
| #define PACKAGE_NAME "ODE"
| #define PACKAGE_TARNAME "ode"
| #define PACKAGE_VERSION "0.12"
| #define PACKAGE_STRING "ODE 0.12"
| #define PACKAGE_BUGREPORT "ode@ode.org"
| #define PACKAGE_URL ""
| #define PACKAGE "ode"
| #define VERSION "0.12"
| #define STDC_HEADERS 1
| #define HAVE_SYS_TYPES_H 1
| #define HAVE_SYS_STAT_H 1
| #define HAVE_STDLIB_H 1
| #define HAVE_STRING_H 1
| #define HAVE_MEMORY_H 1
| #define HAVE_STRINGS_H 1
| #define HAVE_INTTYPES_H 1
| #define HAVE_STDINT_H 1
| #define HAVE_UNISTD_H 1
| #define HAVE_DLFCN_H 1
| #define LT_OBJDIR ".libs/"
| #define X86_64_SYSTEM 1
| #define HAVE_ALLOCA_H 1
| #define HAVE_STDIO_H 1
| #define HAVE_INTTYPES_H 1
| #define HAVE_STDINT_H 1
| #define HAVE_STDLIB_H 1
| #define HAVE_MATH_H 1
| #define HAVE_STRING_H 1
| #define HAVE_STDARG_H 1
| #define HAVE_MALLOC_H 1
| #define HAVE_FLOAT_H 1
| #define HAVE_TIME_H 1
| #define HAVE_SYS_TIME_H 1
| #define HAVE_LIMITS_H 1
| #define HAVE_STDDEF_H 1
| #define HAVE_GL_GL_H 1
| #define HAVE_GL_GLEXT_H 1
| #define HAVE__BOOL 1
| #define HAVE_STDBOOL_H 1
| #define HAVE_OBSTACK 1
| /* end confdefs.h.  */
| #include <stdio.h>
| #ifdef HAVE_SYS_TYPES_H
| # include <sys/types.h>
| #endif
| #ifdef HAVE_SYS_STAT_H
| # include <sys/stat.h>
| #endif
| #ifdef STDC_HEADERS
| # include <stdlib.h>
| # include <stddef.h>
| #else
| # ifdef HAVE_STDLIB_H
| #  include <stdlib.h>
| # endif
| #endif
| #ifdef HAVE_STRING_H
| # if !defined STDC_HEADERS && defined HAVE_MEMORY_H
| #  include <memory.h>
| # endif
| # include <string.h>
| #endif
| #ifdef HAVE_STRINGS_H
| # include <strings.h>
| #endif
| #ifdef HAVE_INTTYPES_H
| # include <inttypes.h>
| #endif
| #ifdef HAVE_STDINT_H
| # include <stdint.h>
| #endif
| #ifdef HAVE_UNISTD_H
| # include <unistd.h>
| #endif
| int
| main ()
| {
| if (sizeof ((size_t)))
| 	    return 0;
|   ;
|   return 0;
| }
configure:17159: result: yes
configure:17170: checking for uint32_t
configure:17170: gcc -c -g -O2  -DdSINGLE conftest.c >&5
configure:17170: $? = 0
configure:17170: result: yes
configure:17185: checking for main in -lm
configure:17204: gcc -o conftest -g -O2  -DdSINGLE  conftest.c -lm   -lpthread >&5
configure:17204: $? = 0
configure:17213: result: yes
configure:17224: checking for main in -lsunmath
configure:17243: gcc -o conftest -g -O2  -DdSINGLE  conftest.c -lsunmath  -lm  -lpthread >&5
/usr/bin/ld: cannot find -lsunmath
collect2: error: ld returned 1 exit status
configure:17243: $? = 1
configure: failed program was:
| /* confdefs.h */
| #define PACKAGE_NAME "ODE"
| #define PACKAGE_TARNAME "ode"
| #define PACKAGE_VERSION "0.12"
| #define PACKAGE_STRING "ODE 0.12"
| #define PACKAGE_BUGREPORT "ode@ode.org"
| #define PACKAGE_URL ""
| #define PACKAGE "ode"
| #define VERSION "0.12"
| #define STDC_HEADERS 1
| #define HAVE_SYS_TYPES_H 1
| #define HAVE_SYS_STAT_H 1
| #define HAVE_STDLIB_H 1
| #define HAVE_STRING_H 1
| #define HAVE_MEMORY_H 1
| #define HAVE_STRINGS_H 1
| #define HAVE_INTTYPES_H 1
| #define HAVE_STDINT_H 1
| #define HAVE_UNISTD_H 1
| #define HAVE_DLFCN_H 1
| #define LT_OBJDIR ".libs/"
| #define X86_64_SYSTEM 1
| #define HAVE_ALLOCA_H 1
| #define HAVE_STDIO_H 1
| #define HAVE_INTTYPES_H 1
| #define HAVE_STDINT_H 1
| #define HAVE_STDLIB_H 1
| #define HAVE_MATH_H 1
| #define HAVE_STRING_H 1
| #define HAVE_STDARG_H 1
| #define HAVE_MALLOC_H 1
| #define HAVE_FLOAT_H 1
| #define HAVE_TIME_H 1
| #define HAVE_SYS_TIME_H 1
| #define HAVE_LIMITS_H 1
| #define HAVE_STDDEF_H 1
| #define HAVE_GL_GL_H 1
| #define HAVE_GL_GLEXT_H 1
| #define HAVE__BOOL 1
| #define HAVE_STDBOOL_H 1
| #define HAVE_OBSTACK 1
| #define HAVE_LIBM 1
| /* end confdefs.h.  */
| 
| 
| int
| main ()
| {
| return main ();
|   ;
|   return 0;
| }
configure:17252: result: no
configure:17266: checking for floor
configure:17266: gcc -o conftest -g -O2  -DdSINGLE  conftest.c -lm  -lpthread >&5
conftest.c:67:6: warning: conflicting types for built-in function 'floor' [-Wbuiltin-declaration-mismatch]
 char floor ();
      ^~~~~
configure:17266: $? = 0
configure:17266: result: yes
configure:17266: checking for memmove
configure:17266: gcc -o conftest -g -O2  -DdSINGLE  conftest.c -lm  -lpthread >&5
conftest.c:68:6: warning: conflicting types for built-in function 'memmove' [-Wbuiltin-declaration-mismatch]
 char memmove ();
      ^~~~~~~
configure:17266: $? = 0
configure:17266: result: yes
configure:17266: checking for memset
configure:17266: gcc -o conftest -g -O2  -DdSINGLE  conftest.c -lm  -lpthread >&5
conftest.c:69:6: warning: conflicting types for built-in function 'memset' [-Wbuiltin-declaration-mismatch]
 char memset ();
      ^~~~~~
configure:17266: $? = 0
configure:17266: result: yes
configure:17266: checking for select
configure:17266: gcc -o conftest -g -O2  -DdSINGLE  conftest.c -lm  -lpthread >&5
configure:17266: $? = 0
configure:17266: result: yes
configure:17266: checking for sqrt
configure:17266: gcc -o conftest -g -O2  -DdSINGLE  conftest.c -lm  -lpthread >&5
conftest.c:71:6: warning: conflicting types for built-in function 'sqrt' [-Wbuiltin-declaration-mismatch]
 char sqrt ();
      ^~~~
configure:17266: $? = 0
configure:17266: result: yes
configure:17266: checking for sqrtf
configure:17266: gcc -o conftest -g -O2  -DdSINGLE  conftest.c -lm  -lpthread >&5
conftest.c:72:6: warning: conflicting types for built-in function 'sqrtf' [-Wbuiltin-declaration-mismatch]
 char sqrtf ();
      ^~~~~
configure:17266: $? = 0
configure:17266: result: yes
configure:17266: checking for sinf
configure:17266: gcc -o conftest -g -O2  -DdSINGLE  conftest.c -lm  -lpthread >&5
conftest.c:73:6: warning: conflicting types for built-in function 'sinf' [-Wbuiltin-declaration-mismatch]
 char sinf ();
      ^~~~
configure:17266: $? = 0
configure:17266: result: yes
configure:17266: checking for cosf
configure:17266: gcc -o conftest -g -O2  -DdSINGLE  conftest.c -lm  -lpthread >&5
conftest.c:74:6: warning: conflicting types for built-in function 'cosf' [-Wbuiltin-declaration-mismatch]
 char cosf ();
      ^~~~
configure:17266: $? = 0
configure:17266: result: yes
configure:17266: checking for fabsf
configure:17266: gcc -o conftest -g -O2  -DdSINGLE  conftest.c -lm  -lpthread >&5
conftest.c:75:6: warning: conflicting types for built-in function 'fabsf' [-Wbuiltin-declaration-mismatch]
 char fabsf ();
      ^~~~~
configure:17266: $? = 0
configure:17266: result: yes
configure:17266: checking for atan2f
configure:17266: gcc -o conftest -g -O2  -DdSINGLE  conftest.c -lm  -lpthread >&5
conftest.c:76:6: warning: conflicting types for built-in function 'atan2f' [-Wbuiltin-declaration-mismatch]
 char atan2f ();
      ^~~~~~
configure:17266: $? = 0
configure:17266: result: yes
configure:17266: checking for fmodf
configure:17266: gcc -o conftest -g -O2  -DdSINGLE  conftest.c -lm  -lpthread >&5
conftest.c:77:6: warning: conflicting types for built-in function 'fmodf' [-Wbuiltin-declaration-mismatch]
 char fmodf ();
      ^~~~~
configure:17266: $? = 0
configure:17266: result: yes
configure:17266: checking for copysignf
configure:17266: gcc -o conftest -g -O2  -DdSINGLE  conftest.c -lm  -lpthread >&5
conftest.c:78:6: warning: conflicting types for built-in function 'copysignf' [-Wbuiltin-declaration-mismatch]
 char copysignf ();
      ^~~~~~~~~
configure:17266: $? = 0
configure:17266: result: yes
configure:17266: checking for copysign
configure:17266: gcc -o conftest -g -O2  -DdSINGLE  conftest.c -lm  -lpthread >&5
conftest.c:79:6: warning: conflicting types for built-in function 'copysign' [-Wbuiltin-declaration-mismatch]
 char copysign ();
      ^~~~~~~~
configure:17266: $? = 0
configure:17266: result: yes
configure:17266: checking for snprintf
configure:17266: gcc -o conftest -g -O2  -DdSINGLE  conftest.c -lm  -lpthread >&5
conftest.c:80:6: warning: conflicting types for built-in function 'snprintf' [-Wbuiltin-declaration-mismatch]
 char snprintf ();
      ^~~~~~~~
configure:17266: $? = 0
configure:17266: result: yes
configure:17266: checking for vsnprintf
configure:17266: gcc -o conftest -g -O2  -DdSINGLE  conftest.c -lm  -lpthread >&5
conftest.c:81:6: warning: conflicting types for built-in function 'vsnprintf' [-Wbuiltin-declaration-mismatch]
 char vsnprintf ();
      ^~~~~~~~~
configure:17266: $? = 0
configure:17266: result: yes
configure:17266: checking for gettimeofday
configure:17266: gcc -o conftest -g -O2  -DdSINGLE  conftest.c -lm  -lpthread >&5
configure:17266: $? = 0
configure:17266: result: yes
configure:17266: checking for isnan
configure:17266: gcc -o conftest -g -O2  -DdSINGLE  conftest.c -lm  -lpthread >&5
conftest.c:83:6: warning: conflicting types for built-in function 'isnan' [-Wbuiltin-declaration-mismatch]
 char isnan ();
      ^~~~~
configure:17266: $? = 0
configure:17266: result: yes
configure:17266: checking for isnanf
configure:17266: gcc -o conftest -g -O2  -DdSINGLE  conftest.c -lm  -lpthread >&5
conftest.c:84:6: warning: conflicting types for built-in function 'isnanf' [-Wbuiltin-declaration-mismatch]
 char isnanf ();
      ^~~~~~
configure:17266: $? = 0
configure:17266: result: yes
configure:17266: checking for _isnan
configure:17266: gcc -o conftest -g -O2  -DdSINGLE  conftest.c -lm  -lpthread >&5
/usr/bin/ld: /tmp/ccZx31Rx.o: in function `main':
/home/danilo/Downloads/skunks-4.2.0/ODE/ode-0.12/conftest.c:96: undefined reference to `_isnan'
collect2: error: ld returned 1 exit status
configure:17266: $? = 1
configure: failed program was:
| /* confdefs.h */
| #define PACKAGE_NAME "ODE"
| #define PACKAGE_TARNAME "ode"
| #define PACKAGE_VERSION "0.12"
| #define PACKAGE_STRING "ODE 0.12"
| #define PACKAGE_BUGREPORT "ode@ode.org"
| #define PACKAGE_URL ""
| #define PACKAGE "ode"
| #define VERSION "0.12"
| #define STDC_HEADERS 1
| #define HAVE_SYS_TYPES_H 1
| #define HAVE_SYS_STAT_H 1
| #define HAVE_STDLIB_H 1
| #define HAVE_STRING_H 1
| #define HAVE_MEMORY_H 1
| #define HAVE_STRINGS_H 1
| #define HAVE_INTTYPES_H 1
| #define HAVE_STDINT_H 1
| #define HAVE_UNISTD_H 1
| #define HAVE_DLFCN_H 1
| #define LT_OBJDIR ".libs/"
| #define X86_64_SYSTEM 1
| #define HAVE_ALLOCA_H 1
| #define HAVE_STDIO_H 1
| #define HAVE_INTTYPES_H 1
| #define HAVE_STDINT_H 1
| #define HAVE_STDLIB_H 1
| #define HAVE_MATH_H 1
| #define HAVE_STRING_H 1
| #define HAVE_STDARG_H 1
| #define HAVE_MALLOC_H 1
| #define HAVE_FLOAT_H 1
| #define HAVE_TIME_H 1
| #define HAVE_SYS_TIME_H 1
| #define HAVE_LIMITS_H 1
| #define HAVE_STDDEF_H 1
| #define HAVE_GL_GL_H 1
| #define HAVE_GL_GLEXT_H 1
| #define HAVE__BOOL 1
| #define HAVE_STDBOOL_H 1
| #define HAVE_OBSTACK 1
| #define HAVE_LIBM 1
| #define HAVE_FLOOR 1
| #define HAVE_MEMMOVE 1
| #define HAVE_MEMSET 1
| #define HAVE_SELECT 1
| #define HAVE_SQRT 1
| #define HAVE_SQRTF 1
| #define HAVE_SINF 1
| #define HAVE_COSF 1
| #define HAVE_FABSF 1
| #define HAVE_ATAN2F 1
| #define HAVE_FMODF 1
| #define HAVE_COPYSIGNF 1
| #define HAVE_COPYSIGN 1
| #define HAVE_SNPRINTF 1
| #define HAVE_VSNPRINTF 1
| #define HAVE_GETTIMEOFDAY 1
| #define HAVE_ISNAN 1
| #define HAVE_ISNANF 1
| /* end confdefs.h.  */
| /* Define _isnan to an innocuous variant, in case <limits.h> declares _isnan.
|    For example, HP-UX 11i <limits.h> declares gettimeofday.  */
| #define _isnan innocuous__isnan
| 
| /* System header to define __stub macros and hopefully few prototypes,
|     which can conflict with char _isnan (); below.
|     Prefer <limits.h> to <assert.h> if __STDC__ is defined, since
|     <limits.h> exists even on freestanding compilers.  */
| 
| #ifdef __STDC__
| # include <limits.h>
| #else
| # include <assert.h>
| #endif
| 
| #undef _isnan
| 
| /* Override any GCC internal prototype to avoid an error.
|    Use char because int might match the return type of a GCC
|    builtin and then its argument prototype would still apply.  */
| #ifdef __cplusplus
| extern "C"
| #endif
| char _isnan ();
| /* The GNU C library defines this for functions which it implements
|     to always fail with ENOSYS.  Some functions are actually named
|     something starting with __ and the normal name is an alias.  */
| #if defined __stub__isnan || defined __stub____isnan
| choke me
| #endif
| 
| int
| main ()
| {
| return _isnan ();
|   ;
|   return 0;
| }
configure:17266: result: no
configure:17266: checking for _isnanf
configure:17266: gcc -o conftest -g -O2  -DdSINGLE  conftest.c -lm  -lpthread >&5
/usr/bin/ld: /tmp/ccpU68GF.o: in function `main':
/home/danilo/Downloads/skunks-4.2.0/ODE/ode-0.12/conftest.c:96: undefined reference to `_isnanf'
collect2: error: ld returned 1 exit status
configure:17266: $? = 1
configure: failed program was:
| /* confdefs.h */
| #define PACKAGE_NAME "ODE"
| #define PACKAGE_TARNAME "ode"
| #define PACKAGE_VERSION "0.12"
| #define PACKAGE_STRING "ODE 0.12"
| #define PACKAGE_BUGREPORT "ode@ode.org"
| #define PACKAGE_URL ""
| #define PACKAGE "ode"
| #define VERSION "0.12"
| #define STDC_HEADERS 1
| #define HAVE_SYS_TYPES_H 1
| #define HAVE_SYS_STAT_H 1
| #define HAVE_STDLIB_H 1
| #define HAVE_STRING_H 1
| #define HAVE_MEMORY_H 1
| #define HAVE_STRINGS_H 1
| #define HAVE_INTTYPES_H 1
| #define HAVE_STDINT_H 1
| #define HAVE_UNISTD_H 1
| #define HAVE_DLFCN_H 1
| #define LT_OBJDIR ".libs/"
| #define X86_64_SYSTEM 1
| #define HAVE_ALLOCA_H 1
| #define HAVE_STDIO_H 1
| #define HAVE_INTTYPES_H 1
| #define HAVE_STDINT_H 1
| #define HAVE_STDLIB_H 1
| #define HAVE_MATH_H 1
| #define HAVE_STRING_H 1
| #define HAVE_STDARG_H 1
| #define HAVE_MALLOC_H 1
| #define HAVE_FLOAT_H 1
| #define HAVE_TIME_H 1
| #define HAVE_SYS_TIME_H 1
| #define HAVE_LIMITS_H 1
| #define HAVE_STDDEF_H 1
| #define HAVE_GL_GL_H 1
| #define HAVE_GL_GLEXT_H 1
| #define HAVE__BOOL 1
| #define HAVE_STDBOOL_H 1
| #define HAVE_OBSTACK 1
| #define HAVE_LIBM 1
| #define HAVE_FLOOR 1
| #define HAVE_MEMMOVE 1
| #define HAVE_MEMSET 1
| #define HAVE_SELECT 1
| #define HAVE_SQRT 1
| #define HAVE_SQRTF 1
| #define HAVE_SINF 1
| #define HAVE_COSF 1
| #define HAVE_FABSF 1
| #define HAVE_ATAN2F 1
| #define HAVE_FMODF 1
| #define HAVE_COPYSIGNF 1
| #define HAVE_COPYSIGN 1
| #define HAVE_SNPRINTF 1
| #define HAVE_VSNPRINTF 1
| #define HAVE_GETTIMEOFDAY 1
| #define HAVE_ISNAN 1
| #define HAVE_ISNANF 1
| /* end confdefs.h.  */
| /* Define _isnanf to an innocuous variant, in case <limits.h> declares _isnanf.
|    For example, HP-UX 11i <limits.h> declares gettimeofday.  */
| #define _isnanf innocuous__isnanf
| 
| /* System header to define __stub macros and hopefully few prototypes,
|     which can conflict with char _isnanf (); below.
|     Prefer <limits.h> to <assert.h> if __STDC__ is defined, since
|     <limits.h> exists even on freestanding compilers.  */
| 
| #ifdef __STDC__
| # include <limits.h>
| #else
| # include <assert.h>
| #endif
| 
| #undef _isnanf
| 
| /* Override any GCC internal prototype to avoid an error.
|    Use char because int might match the return type of a GCC
|    builtin and then its argument prototype would still apply.  */
| #ifdef __cplusplus
| extern "C"
| #endif
| char _isnanf ();
| /* The GNU C library defines this for functions which it implements
|     to always fail with ENOSYS.  Some functions are actually named
|     something starting with __ and the normal name is an alias.  */
| #if defined __stub__isnanf || defined __stub____isnanf
| choke me
| #endif
| 
| int
| main ()
| {
| return _isnanf ();
|   ;
|   return 0;
| }
configure:17266: result: no
configure:17266: checking for __isnan
configure:17266: gcc -o conftest -g -O2  -DdSINGLE  conftest.c -lm  -lpthread >&5
configure:17266: $? = 0
configure:17266: result: yes
configure:17266: checking for __isnanf
configure:17266: gcc -o conftest -g -O2  -DdSINGLE  conftest.c -lm  -lpthread >&5
configure:17266: $? = 0
configure:17266: result: yes
configure:17266: checking for strchr
configure:17266: gcc -o conftest -g -O2  -DdSINGLE  conftest.c -lm  -lpthread >&5
conftest.c:87:6: warning: conflicting types for built-in function 'strchr' [-Wbuiltin-declaration-mismatch]
 char strchr ();
      ^~~~~~
configure:17266: $? = 0
configure:17266: result: yes
configure:17266: checking for strstr
configure:17266: gcc -o conftest -g -O2  -DdSINGLE  conftest.c -lm  -lpthread >&5
conftest.c:88:6: warning: conflicting types for built-in function 'strstr' [-Wbuiltin-declaration-mismatch]
 char strstr ();
      ^~~~~~
configure:17266: $? = 0
configure:17266: result: yes
configure:17277: checking for working alloca.h
configure:17294: gcc -o conftest -g -O2  -DdSINGLE  conftest.c -lm  -lpthread >&5
configure:17294: $? = 0
configure:17302: result: yes
configure:17310: checking for alloca
configure:17347: gcc -o conftest -g -O2  -DdSINGLE  conftest.c -lm  -lpthread >&5
configure:17347: $? = 0
configure:17355: result: yes
configure:17466: checking for stdlib.h
configure:17466: result: yes
configure:17476: checking for GNU libc compatible malloc
configure:17500: gcc -o conftest -g -O2  -DdSINGLE  conftest.c -lm  -lpthread >&5
configure:17500: $? = 0
configure:17500: ./conftest
configure:17500: $? = 0
configure:17510: result: yes
configure:17531: checking for obstacks
configure:17560: result: yes
configure:17577: checking for stdlib.h
configure:17577: result: yes
configure:17587: checking for GNU libc compatible realloc
configure:17611: gcc -o conftest -g -O2  -DdSINGLE  conftest.c -lm  -lpthread >&5
configure:17611: $? = 0
configure:17611: ./conftest
configure:17611: $? = 0
configure:17621: result: yes
configure:17645: checking sys/select.h usability
configure:17645: gcc -c -g -O2  -DdSINGLE conftest.c >&5
configure:17645: $? = 0
configure:17645: result: yes
configure:17645: checking sys/select.h presence
configure:17645: gcc -E  -DdSINGLE conftest.c
configure:17645: $? = 0
configure:17645: result: yes
configure:17645: checking for sys/select.h
configure:17645: result: yes
configure:17645: checking sys/socket.h usability
configure:17645: gcc -c -g -O2  -DdSINGLE conftest.c >&5
configure:17645: $? = 0
configure:17645: result: yes
configure:17645: checking sys/socket.h presence
configure:17645: gcc -E  -DdSINGLE conftest.c
configure:17645: $? = 0
configure:17645: result: yes
configure:17645: checking for sys/socket.h
configure:17645: result: yes
configure:17655: checking types of arguments for select
configure:17683: gcc -c -g -O2  -DdSINGLE conftest.c >&5
configure:17683: $? = 0
configure:17694: result: int,fd_set *,struct timeval *
configure:17719: checking for vprintf
configure:17719: gcc -o conftest -g -O2  -DdSINGLE  conftest.c -lm  -lpthread >&5
conftest.c:101:6: warning: conflicting types for built-in function 'vprintf' [-Wbuiltin-declaration-mismatch]
 char vprintf ();
      ^~~~~~~
configure:17719: $? = 0
configure:17719: result: yes
configure:17725: checking for _doprnt
configure:17725: gcc -o conftest -g -O2  -DdSINGLE  conftest.c -lm  -lpthread >&5
/usr/bin/ld: /tmp/ccUZyUeP.o: in function `main':
/home/danilo/Downloads/skunks-4.2.0/ODE/ode-0.12/conftest.c:113: undefined reference to `_doprnt'
collect2: error: ld returned 1 exit status
configure:17725: $? = 1
configure: failed program was:
| /* confdefs.h */
| #define PACKAGE_NAME "ODE"
| #define PACKAGE_TARNAME "ode"
| #define PACKAGE_VERSION "0.12"
| #define PACKAGE_STRING "ODE 0.12"
| #define PACKAGE_BUGREPORT "ode@ode.org"
| #define PACKAGE_URL ""
| #define PACKAGE "ode"
| #define VERSION "0.12"
| #define STDC_HEADERS 1
| #define HAVE_SYS_TYPES_H 1
| #define HAVE_SYS_STAT_H 1
| #define HAVE_STDLIB_H 1
| #define HAVE_STRING_H 1
| #define HAVE_MEMORY_H 1
| #define HAVE_STRINGS_H 1
| #define HAVE_INTTYPES_H 1
| #define HAVE_STDINT_H 1
| #define HAVE_UNISTD_H 1
| #define HAVE_DLFCN_H 1
| #define LT_OBJDIR ".libs/"
| #define X86_64_SYSTEM 1
| #define HAVE_ALLOCA_H 1
| #define HAVE_STDIO_H 1
| #define HAVE_INTTYPES_H 1
| #define HAVE_STDINT_H 1
| #define HAVE_STDLIB_H 1
| #define HAVE_MATH_H 1
| #define HAVE_STRING_H 1
| #define HAVE_STDARG_H 1
| #define HAVE_MALLOC_H 1
| #define HAVE_FLOAT_H 1
| #define HAVE_TIME_H 1
| #define HAVE_SYS_TIME_H 1
| #define HAVE_LIMITS_H 1
| #define HAVE_STDDEF_H 1
| #define HAVE_GL_GL_H 1
| #define HAVE_GL_GLEXT_H 1
| #define HAVE__BOOL 1
| #define HAVE_STDBOOL_H 1
| #define HAVE_OBSTACK 1
| #define HAVE_LIBM 1
| #define HAVE_FLOOR 1
| #define HAVE_MEMMOVE 1
| #define HAVE_MEMSET 1
| #define HAVE_SELECT 1
| #define HAVE_SQRT 1
| #define HAVE_SQRTF 1
| #define HAVE_SINF 1
| #define HAVE_COSF 1
| #define HAVE_FABSF 1
| #define HAVE_ATAN2F 1
| #define HAVE_FMODF 1
| #define HAVE_COPYSIGNF 1
| #define HAVE_COPYSIGN 1
| #define HAVE_SNPRINTF 1
| #define HAVE_VSNPRINTF 1
| #define HAVE_GETTIMEOFDAY 1
| #define HAVE_ISNAN 1
| #define HAVE_ISNANF 1
| #define HAVE___ISNAN 1
| #define HAVE___ISNANF 1
| #define HAVE_STRCHR 1
| #define HAVE_STRSTR 1
| #define HAVE_ALLOCA_H 1
| #define HAVE_ALLOCA 1
| #define HAVE_STDLIB_H 1
| #define HAVE_MALLOC 1
| #define HAVE_OBSTACK 1
| #define HAVE_STDLIB_H 1
| #define HAVE_REALLOC 1
| #define HAVE_SYS_SELECT_H 1
| #define HAVE_SYS_SOCKET_H 1
| #define SELECT_TYPE_ARG1 int
| #define SELECT_TYPE_ARG234 (fd_set *)
| #define SELECT_TYPE_ARG5 (struct timeval *)
| #define HAVE_VPRINTF 1
| /* end confdefs.h.  */
| /* Define _doprnt to an innocuous variant, in case <limits.h> declares _doprnt.
|    For example, HP-UX 11i <limits.h> declares gettimeofday.  */
| #define _doprnt innocuous__doprnt
| 
| /* System header to define __stub macros and hopefully few prototypes,
|     which can conflict with char _doprnt (); below.
|     Prefer <limits.h> to <assert.h> if __STDC__ is defined, since
|     <limits.h> exists even on freestanding compilers.  */
| 
| #ifdef __STDC__
| # include <limits.h>
| #else
| # include <assert.h>
| #endif
| 
| #undef _doprnt
| 
| /* Override any GCC internal prototype to avoid an error.
|    Use char because int might match the return type of a GCC
|    builtin and then its argument prototype would still apply.  */
| #ifdef __cplusplus
| extern "C"
| #endif
| char _doprnt ();
| /* The GNU C library defines this for functions which it implements
|     to always fail with ENOSYS.  Some functions are actually named
|     something starting with __ and the normal name is an alias.  */
| #if defined __stub__doprnt || defined __stub____doprnt
| choke me
| #endif
| 
| int
| main ()
| {
| return _doprnt ();
|   ;
|   return 0;
| }
configure:17725: result: no
configure:18242: creating ./config.status

## ---------------------- ##
## Running config.status. ##
## ---------------------- ##

This file was extended by ODE config.status 0.12, which was
generated by GNU Autoconf 2.68.  Invocation command line was

  CONFIG_FILES    = 
  CONFIG_HEADERS  = 
  CONFIG_LINKS    = 
  CONFIG_COMMANDS = 
  $ ./config.status 

on X1Carbon

config.status:1285: creating Makefile
config.status:1285: creating include/Makefile
config.status:1285: creating include/ode/Makefile
config.status:1285: creating include/drawstuff/Makefile
config.status:1285: creating ode/Makefile
config.status:1285: creating ode/src/Makefile
config.status:1285: creating ode/src/joints/Makefile
config.status:1285: creating drawstuff/Makefile
config.status:1285: creating drawstuff/src/Makefile
config.status:1285: creating drawstuff/dstest/Makefile
config.status:1285: creating ode/demo/Makefile
config.status:1285: creating OPCODE/Makefile
config.status:1285: creating OPCODE/Ice/Makefile
config.status:1285: creating GIMPACT/Makefile
config.status:1285: creating GIMPACT/include/Makefile
config.status:1285: creating GIMPACT/include/GIMPACT/Makefile
config.status:1285: creating GIMPACT/src/Makefile
config.status:1285: creating tests/Makefile
config.status:1285: creating tests/UnitTest++/Makefile
config.status:1285: creating tests/UnitTest++/src/Makefile
config.status:1285: creating tests/UnitTest++/src/Posix/Makefile
config.status:1285: creating tests/UnitTest++/src/Win32/Makefile
config.status:1285: creating ode-config
config.status:1285: creating ode.pc
config.status:1285: creating ode/src/config.h
config.status:1514: executing depfiles commands
config.status:1514: executing libtool commands
configure:20847: === configuring in ou (/home/danilo/Downloads/skunks-4.2.0/ODE/ode-0.12/ou)
configure:20910: running /bin/sh ./configure --disable-option-checking '--prefix=/home/danilo/Downloads/skunks-4.2.0/ODE/local'  '--disable-demos' --cache-file=/dev/null --srcdir=.
configure:20847: === configuring in libccd (/home/danilo/Downloads/skunks-4.2.0/ODE/ode-0.12/libccd)
configure:20910: running /bin/sh ./configure --disable-option-checking '--prefix=/home/danilo/Downloads/skunks-4.2.0/ODE/local'  '--disable-demos' --cache-file=/dev/null --srcdir=.

## ---------------- ##
## Cache variables. ##
## ---------------- ##

ac_cv_build=x86_64-unknown-linux-gnu
ac_cv_c_bigendian=no
ac_cv_c_compiler_gnu=yes
ac_cv_c_inline=inline
ac_cv_c_int32_t=yes
ac_cv_c_uint32_t=yes
ac_cv_c_volatile=yes
ac_cv_cxx_compiler_gnu=yes
ac_cv_env_CCC_set=
ac_cv_env_CCC_value=
ac_cv_env_CC_set=
ac_cv_env_CC_value=
ac_cv_env_CFLAGS_set=
ac_cv_env_CFLAGS_value=
ac_cv_env_CPPFLAGS_set=
ac_cv_env_CPPFLAGS_value=
ac_cv_env_CPP_set=
ac_cv_env_CPP_value=
ac_cv_env_CXXCPP_set=
ac_cv_env_CXXCPP_value=
ac_cv_env_CXXFLAGS_set=
ac_cv_env_CXXFLAGS_value=
ac_cv_env_CXX_set=
ac_cv_env_CXX_value=
ac_cv_env_LDFLAGS_set=
ac_cv_env_LDFLAGS_value=
ac_cv_env_LIBS_set=
ac_cv_env_LIBS_value=
ac_cv_env_PKG_CONFIG_LIBDIR_set=
ac_cv_env_PKG_CONFIG_LIBDIR_value=
ac_cv_env_PKG_CONFIG_PATH_set=
ac_cv_env_PKG_CONFIG_PATH_value=
ac_cv_env_PKG_CONFIG_set=
ac_cv_env_PKG_CONFIG_value=
ac_cv_env_X11_CFLAGS_set=
ac_cv_env_X11_CFLAGS_value=
ac_cv_env_X11_LIBS_set=
ac_cv_env_X11_LIBS_value=
ac_cv_env_build_alias_set=
ac_cv_env_build_alias_value=
ac_cv_env_host_alias_set=
ac_cv_env_host_alias_value=
ac_cv_env_target_alias_set=
ac_cv_env_target_alias_value=
ac_cv_func___isnan=yes
ac_cv_func___isnanf=yes
ac_cv_func__doprnt=no
ac_cv_func__isnan=no
ac_cv_func__isnanf=no
ac_cv_func_alloca_works=yes
ac_cv_func_atan2f=yes
ac_cv_func_copysign=yes
ac_cv_func_copysignf=yes
ac_cv_func_cosf=yes
ac_cv_func_fabsf=yes
ac_cv_func_floor=yes
ac_cv_func_fmodf=yes
ac_cv_func_gettimeofday=yes
ac_cv_func_isnan=yes
ac_cv_func_isnanf=yes
ac_cv_func_malloc_0_nonnull=yes
ac_cv_func_memmove=yes
ac_cv_func_memset=yes
ac_cv_func_obstack=yes
ac_cv_func_realloc_0_nonnull=yes
ac_cv_func_select=yes
ac_cv_func_select_args='int,fd_set *,struct timeval *'
ac_cv_func_sinf=yes
ac_cv_func_snprintf=yes
ac_cv_func_sqrt=yes
ac_cv_func_sqrtf=yes
ac_cv_func_strchr=yes
ac_cv_func_strstr=yes
ac_cv_func_vprintf=yes
ac_cv_func_vsnprintf=yes
ac_cv_header_GL_gl_h=yes
ac_cv_header_GL_glext_h=yes
ac_cv_header_GL_glu_h=no
ac_cv_header_alloca_h=yes
ac_cv_header_dlfcn_h=yes
ac_cv_header_float_h=yes
ac_cv_header_inttypes_h=yes
ac_cv_header_limits_h=yes
ac_cv_header_malloc_h=yes
ac_cv_header_math_h=yes
ac_cv_header_memory_h=yes
ac_cv_header_stdarg_h=yes
ac_cv_header_stdbool_h=yes
ac_cv_header_stdc=yes
ac_cv_header_stddef_h=yes
ac_cv_header_stdint_h=yes
ac_cv_header_stdio_h=yes
ac_cv_header_stdlib_h=yes
ac_cv_header_string_h=yes
ac_cv_header_strings_h=yes
ac_cv_header_sys_select_h=yes
ac_cv_header_sys_socket_h=yes
ac_cv_header_sys_stat_h=yes
ac_cv_header_sys_time_h=yes
ac_cv_header_sys_types_h=yes
ac_cv_header_time_h=yes
ac_cv_header_unistd_h=yes
ac_cv_host=x86_64-unknown-linux-gnu
ac_cv_lib_GLU_main=no
ac_cv_lib_GL_main=yes
ac_cv_lib_glu32_main=no
ac_cv_lib_m_main=yes
ac_cv_lib_opengl32_main=no
ac_cv_lib_pthread_main=yes
ac_cv_lib_stdcpp_main=yes
ac_cv_lib_sunmath_main=no
ac_cv_objext=o
ac_cv_path_EGREP='/usr/bin/grep -E'
ac_cv_path_FGREP='/usr/bin/grep -F'
ac_cv_path_GREP=/usr/bin/grep
ac_cv_path_SED=/usr/bin/sed
ac_cv_path_ac_pt_PKG_CONFIG=/usr/bin/pkg-config
ac_cv_path_install='/usr/bin/install -c'
ac_cv_path_mkdir=/usr/bin/mkdir
ac_cv_prog_AWK=gawk
ac_cv_prog_CPP='gcc -E'
ac_cv_prog_CXXCPP='g++ -E'
ac_cv_prog_ac_ct_AR=ar
ac_cv_prog_ac_ct_CC=gcc
ac_cv_prog_ac_ct_CXX=g++
ac_cv_prog_ac_ct_OBJDUMP=objdump
ac_cv_prog_ac_ct_RANLIB=ranlib
ac_cv_prog_ac_ct_STRIP=strip
ac_cv_prog_cc_c89=
ac_cv_prog_cc_g=yes
ac_cv_prog_cc_gcc_c_o=yes
ac_cv_prog_cxx_g=yes
ac_cv_prog_make_make_set=yes
ac_cv_type__Bool=yes
ac_cv_type_size_t=yes
ac_cv_working_alloca_h=yes
am_cv_CC_dependencies_compiler_type=gcc3
am_cv_CXX_dependencies_compiler_type=gcc3
lt_cv_ar_at_file=@
lt_cv_deplibs_check_method=pass_all
lt_cv_file_magic_cmd='$MAGIC_CMD'
lt_cv_file_magic_test_file=
lt_cv_ld_reload_flag=-r
lt_cv_nm_interface='BSD nm'
lt_cv_objdir=.libs
lt_cv_path_LD=/usr/bin/ld
lt_cv_path_LDCXX='/usr/bin/ld -m elf_x86_64'
lt_cv_path_NM='/usr/bin/nm -B'
lt_cv_path_mainfest_tool=no
lt_cv_prog_compiler_c_o=yes
lt_cv_prog_compiler_c_o_CXX=yes
lt_cv_prog_compiler_pic='-fPIC -DPIC'
lt_cv_prog_compiler_pic_CXX='-fPIC -DPIC'
lt_cv_prog_compiler_pic_works=yes
lt_cv_prog_compiler_pic_works_CXX=yes
lt_cv_prog_compiler_rtti_exceptions=no
lt_cv_prog_compiler_static_works=yes
lt_cv_prog_compiler_static_works_CXX=yes
lt_cv_prog_gnu_ld=yes
lt_cv_prog_gnu_ldcxx=yes
lt_cv_sharedlib_from_linklib_cmd='printf %s\n'
lt_cv_shlibpath_overrides_runpath=no
lt_cv_sys_global_symbol_pipe='sed -n -e '\''s/^.*[	 ]\([ABCDGIRSTW][ABCDGIRSTW]*\)[	 ][	 ]*\([_A-Za-z][_A-Za-z0-9]*\)$/\1 \2 \2/p'\'' | sed '\''/ __gnu_lto/d'\'''
lt_cv_sys_global_symbol_to_c_name_address='sed -n -e '\''s/^: \([^ ]*\)[ ]*$/  {\"\1\", (void *) 0},/p'\'' -e '\''s/^[ABCDGIRSTW]* \([^ ]*\) \([^ ]*\)$/  {"\2", (void *) \&\2},/p'\'''
lt_cv_sys_global_symbol_to_c_name_address_lib_prefix='sed -n -e '\''s/^: \([^ ]*\)[ ]*$/  {\"\1\", (void *) 0},/p'\'' -e '\''s/^[ABCDGIRSTW]* \([^ ]*\) \(lib[^ ]*\)$/  {"\2", (void *) \&\2},/p'\'' -e '\''s/^[ABCDGIRSTW]* \([^ ]*\) \([^ ]*\)$/  {"lib\2", (void *) \&\2},/p'\'''
lt_cv_sys_global_symbol_to_cdecl='sed -n -e '\''s/^T .* \(.*\)$/extern int \1();/p'\'' -e '\''s/^[ABCDGIRSTW]* .* \(.*\)$/extern char \1;/p'\'''
lt_cv_sys_max_cmd_len=1572864
lt_cv_to_host_file_cmd=func_convert_file_noop
lt_cv_to_tool_file_cmd=func_convert_file_noop
pkg_cv_X11_CFLAGS=
pkg_cv_X11_LIBS='-lX11 '

## ----------------- ##
## Output variables. ##
## ----------------- ##

ACLOCAL='${SHELL} /home/danilo/Downloads/skunks-4.2.0/ODE/ode-0.12/missing --run aclocal-1.11'
ALLOCA=''
AMDEPBACKSLASH='\'
AMDEP_FALSE='#'
AMDEP_TRUE=''
AMTAR='${SHELL} /home/danilo/Downloads/skunks-4.2.0/ODE/ode-0.12/missing --run tar'
AR='ar'
AS='as'
AUTOCONF='${SHELL} /home/danilo/Downloads/skunks-4.2.0/ODE/ode-0.12/missing --run autoconf'
AUTOHEADER='${SHELL} /home/danilo/Downloads/skunks-4.2.0/ODE/ode-0.12/missing --run autoheader'
AUTOMAKE='${SHELL} /home/danilo/Downloads/skunks-4.2.0/ODE/ode-0.12/missing --run automake-1.11'
AWK='gawk'
CC='gcc'
CCDEPMODE='depmode=gcc3'
CFLAGS='-g -O2'
CPP='gcc -E'
CPPFLAGS=' -DdSINGLE'
CXX='g++'
CXXCPP='g++ -E'
CXXDEPMODE='depmode=gcc3'
CXXFLAGS='-g -O2'
CYGPATH_W='echo'
DEFS='-DHAVE_CONFIG_H'
DEPDIR='.deps'
DLLTOOL='false'
DSYMUTIL=''
DUMPBIN=''
ECHO_C=''
ECHO_N='-n'
ECHO_T=''
EGREP='/usr/bin/grep -E'
ENABLE_DEMOS_FALSE=''
ENABLE_DEMOS_TRUE='#'
ENABLE_DRAWSTUFF_FALSE=''
ENABLE_DRAWSTUFF_TRUE='#'
ENABLE_OU_FALSE=''
ENABLE_OU_TRUE='#'
EXEEXT=''
EXTRA_LIBTOOL_LDFLAGS=''
FGREP='/usr/bin/grep -F'
GIMPACT_FALSE=''
GIMPACT_TRUE='#'
GL_LIBS='-lGL'
GREP='/usr/bin/grep'
INSTALL_DATA='${INSTALL} -m 644'
INSTALL_PROGRAM='${INSTALL}'
INSTALL_SCRIPT='${INSTALL}'
INSTALL_STRIP_PROGRAM='$(install_sh) -c -s'
LD='/usr/bin/ld -m elf_x86_64'
LDFLAGS=''
LIBCCD_BOX_CYL_FALSE=''
LIBCCD_BOX_CYL_TRUE='#'
LIBCCD_CAP_CYL_FALSE=''
LIBCCD_CAP_CYL_TRUE='#'
LIBCCD_CONVEX_BOX_FALSE=''
LIBCCD_CONVEX_BOX_TRUE='#'
LIBCCD_CONVEX_CAP_FALSE=''
LIBCCD_CONVEX_CAP_TRUE='#'
LIBCCD_CONVEX_CONVEX_FALSE=''
LIBCCD_CONVEX_CONVEX_TRUE='#'
LIBCCD_CONVEX_CYL_FALSE=''
LIBCCD_CONVEX_CYL_TRUE='#'
LIBCCD_CONVEX_SPHERE_FALSE=''
LIBCCD_CONVEX_SPHERE_TRUE='#'
LIBCCD_CYL_CYL_FALSE=''
LIBCCD_CYL_CYL_TRUE='#'
LIBCCD_FALSE=''
LIBCCD_TRUE='#'
LIBOBJS=''
LIBS='-lm  -lpthread'
LIBSTDCXX='-lstdc++'
LIBTOOL='$(SHELL) $(top_builddir)/libtool'
LIPO=''
LN_S='ln -s'
LTLIBOBJS=''
MAKEINFO='${SHELL} /home/danilo/Downloads/skunks-4.2.0/ODE/ode-0.12/missing --run makeinfo'
MANIFEST_TOOL=':'
MKDIR_P='/usr/bin/mkdir -p'
NM='/usr/bin/nm -B'
NMEDIT=''
OBJDUMP='objdump'
OBJEXT='o'
ODE_PRECISION='-DdSINGLE'
ODE_RELEASE='0.12'
ODE_VERSION_INFO='-version-info 3:0:0'
OPCODE_FALSE='#'
OPCODE_TRUE=''
OSX_FALSE=''
OSX_TRUE='#'
OTOOL64=''
OTOOL=''
PACKAGE='ode'
PACKAGE_BUGREPORT='ode@ode.org'
PACKAGE_NAME='ODE'
PACKAGE_STRING='ODE 0.12'
PACKAGE_TARNAME='ode'
PACKAGE_URL=''
PACKAGE_VERSION='0.12'
PATH_SEPARATOR=':'
PKG_CONFIG='/usr/bin/pkg-config'
PKG_CONFIG_LIBDIR=''
PKG_CONFIG_PATH=''
RANLIB='ranlib'
SED='/usr/bin/sed'
SET_MAKE=''
SHELL='/bin/sh'
STRIP='strip'
TRIMESH_FALSE='#'
TRIMESH_TRUE=''
VERSION='0.12'
WIN32_FALSE=''
WIN32_TRUE='#'
WINDRES=''
X11_CFLAGS=''
X11_FALSE=''
X11_LIBS='-lX11 '
X11_TRUE='#'
X86_64_SYSTEM_FALSE='#'
X86_64_SYSTEM_TRUE=''
ac_ct_AR='ar'
ac_ct_CC='gcc'
ac_ct_CXX='g++'
ac_ct_DUMPBIN=''
ac_ct_WINDRES=''
am__EXEEXT_FALSE=''
am__EXEEXT_TRUE='#'
am__fastdepCC_FALSE='#'
am__fastdepCC_TRUE=''
am__fastdepCXX_FALSE='#'
am__fastdepCXX_TRUE=''
am__include='include'
am__isrc=''
am__leading_dot='.'
am__quote=''
am__tar='${AMTAR} chof - "$$tardir"'
am__untar='${AMTAR} xf -'
bindir='${exec_prefix}/bin'
build='x86_64-unknown-linux-gnu'
build_alias=''
build_cpu='x86_64'
build_os='linux-gnu'
build_vendor='unknown'
datadir='${datarootdir}'
datarootdir='${prefix}/share'
docdir='${datarootdir}/doc/${PACKAGE_TARNAME}'
dvidir='${docdir}'
exec_prefix='${prefix}'
host='x86_64-unknown-linux-gnu'
host_alias=''
host_cpu='x86_64'
host_os='linux-gnu'
host_vendor='unknown'
htmldir='${docdir}'
includedir='${prefix}/include'
infodir='${datarootdir}/info'
install_sh='${SHELL} /home/danilo/Downloads/skunks-4.2.0/ODE/ode-0.12/install-sh'
libdir='${exec_prefix}/lib'
libexecdir='${exec_prefix}/libexec'
localedir='${datarootdir}/locale'
localstatedir='${prefix}/var'
mandir='${datarootdir}/man'
mkdir_p='/usr/bin/mkdir -p'
oldincludedir='/usr/include'
pdfdir='${docdir}'
prefix='/home/danilo/Downloads/skunks-4.2.0/ODE/local'
program_transform_name='s,x,x,'
psdir='${docdir}'
sbindir='${exec_prefix}/sbin'
sharedstatedir='${prefix}/com'
subdirs=' ou libccd'
sysconfdir='${prefix}/etc'
target_alias=''

## ----------- ##
## confdefs.h. ##
## ----------- ##

/* confdefs.h */
#define PACKAGE_NAME "ODE"
#define PACKAGE_TARNAME "ode"
#define PACKAGE_VERSION "0.12"
#define PACKAGE_STRING "ODE 0.12"
#define PACKAGE_BUGREPORT "ode@ode.org"
#define PACKAGE_URL ""
#define PACKAGE "ode"
#define VERSION "0.12"
#define STDC_HEADERS 1
#define HAVE_SYS_TYPES_H 1
#define HAVE_SYS_STAT_H 1
#define HAVE_STDLIB_H 1
#define HAVE_STRING_H 1
#define HAVE_MEMORY_H 1
#define HAVE_STRINGS_H 1
#define HAVE_INTTYPES_H 1
#define HAVE_STDINT_H 1
#define HAVE_UNISTD_H 1
#define HAVE_DLFCN_H 1
#define LT_OBJDIR ".libs/"
#define X86_64_SYSTEM 1
#define HAVE_ALLOCA_H 1
#define HAVE_STDIO_H 1
#define HAVE_INTTYPES_H 1
#define HAVE_STDINT_H 1
#define HAVE_STDLIB_H 1
#define HAVE_MATH_H 1
#define HAVE_STRING_H 1
#define HAVE_STDARG_H 1
#define HAVE_MALLOC_H 1
#define HAVE_FLOAT_H 1
#define HAVE_TIME_H 1
#define HAVE_SYS_TIME_H 1
#define HAVE_LIMITS_H 1
#define HAVE_STDDEF_H 1
#define HAVE_GL_GL_H 1
#define HAVE_GL_GLEXT_H 1
#define HAVE__BOOL 1
#define HAVE_STDBOOL_H 1
#define HAVE_OBSTACK 1
#define HAVE_LIBM 1
#define HAVE_FLOOR 1
#define HAVE_MEMMOVE 1
#define HAVE_MEMSET 1
#define HAVE_SELECT 1
#define HAVE_SQRT 1
#define HAVE_SQRTF 1
#define HAVE_SINF 1
#define HAVE_COSF 1
#define HAVE_FABSF 1
#define HAVE_ATAN2F 1
#define HAVE_FMODF 1
#define HAVE_COPYSIGNF 1
#define HAVE_COPYSIGN 1
#define HAVE_SNPRINTF 1
#define HAVE_VSNPRINTF 1
#define HAVE_GETTIMEOFDAY 1
#define HAVE_ISNAN 1
#define HAVE_ISNANF 1
#define HAVE___ISNAN 1
#define HAVE___ISNANF 1
#define HAVE_STRCHR 1
#define HAVE_STRSTR 1
#define HAVE_ALLOCA_H 1
#define HAVE_ALLOCA 1
#define HAVE_STDLIB_H 1
#define HAVE_MALLOC 1
#define HAVE_OBSTACK 1
#define HAVE_STDLIB_H 1
#define HAVE_REALLOC 1
#define HAVE_SYS_SELECT_H 1
#define HAVE_SYS_SOCKET_H 1
#define SELECT_TYPE_ARG1 int
#define SELECT_TYPE_ARG234 (fd_set *)
#define SELECT_TYPE_ARG5 (struct timeval *)
#define HAVE_VPRINTF 1

configure: exit 0
