This file contains any messages produced by compilers while
running configure, to aid debugging if configure makes a mistake.

It was created by libccd configure 1.0, which was
generated by GNU Autoconf 2.68.  Invocation command line was

  $ ./configure --disable-option-checking --prefix=/home/danilo/Downloads/skunks-4.2.0/ODE/local --disable-demos --cache-file=/dev/null --srcdir=.

## --------- ##
## Platform. ##
## --------- ##

hostname = X1Carbon
uname -m = x86_64
uname -r = 4.18.4-arch1-1-ARCH
uname -s = Linux
uname -v = #1 SMP PREEMPT Wed Aug 22 07:33:26 UTC 2018

/usr/bin/uname -p = unknown
/bin/uname -X     = unknown

/bin/arch              = unknown
/usr/bin/arch -k       = unknown
/usr/convex/getsysinfo = unknown
/usr/bin/hostinfo      = unknown
/bin/machine           = unknown
/usr/bin/oslevel       = unknown
/bin/universe          = unknown

PATH: /usr/local/sbin
PATH: /usr/local/bin
PATH: /usr/bin
PATH: /usr/bin/site_perl
PATH: /usr/bin/vendor_perl
PATH: /usr/bin/core_perl


## ----------- ##
## Core tests. ##
## ----------- ##

configure:2418: checking for a BSD-compatible install
configure:2486: result: /usr/bin/install -c
configure:2497: checking whether build environment is sane
configure:2547: result: yes
configure:2688: checking for a thread-safe mkdir -p
configure:2727: result: /usr/bin/mkdir -p
configure:2740: checking for gawk
configure:2756: found /usr/bin/gawk
configure:2767: result: gawk
configure:2778: checking whether make sets $(MAKE)
configure:2800: result: yes
configure:2940: checking for g++
configure:2956: found /usr/bin/g++
configure:2967: result: g++
configure:2994: checking for C++ compiler version
configure:3003: g++ --version >&5
g++ (GCC) 8.2.0
Copyright (C) 2018 Free Software Foundation, Inc.
This is free software; see the source for copying conditions.  There is NO
warranty; not even for MERCHANTABILITY or FITNESS FOR A PARTICULAR PURPOSE.

configure:3014: $? = 0
configure:3003: g++ -v >&5
Using built-in specs.
COLLECT_GCC=g++
COLLECT_LTO_WRAPPER=/usr/lib/gcc/x86_64-pc-linux-gnu/8.2.0/lto-wrapper
Target: x86_64-pc-linux-gnu
Configured with: /build/gcc/src/gcc/configure --prefix=/usr --libdir=/usr/lib --libexecdir=/usr/lib --mandir=/usr/share/man --infodir=/usr/share/info --with-bugurl=https://bugs.archlinux.org/ --enable-languages=c,c++,ada,fortran,go,lto,objc,obj-c++ --enable-shared --enable-threads=posix --enable-libmpx --with-system-zlib --with-isl --enable-__cxa_atexit --disable-libunwind-exceptions --enable-clocale=gnu --disable-libstdcxx-pch --disable-libssp --enable-gnu-unique-object --enable-linker-build-id --enable-lto --enable-plugin --enable-install-libiberty --with-linker-hash-style=gnu --enable-gnu-indirect-function --enable-multilib --disable-werror --enable-checking=release --enable-default-pie --enable-default-ssp --enable-cet=auto
Thread model: posix
gcc version 8.2.0 (GCC) 
configure:3014: $? = 0
configure:3003: g++ -V >&5
g++: error: unrecognized command line option '-V'
g++: fatal error: no input files
compilation terminated.
configure:3014: $? = 1
configure:3003: g++ -qversion >&5
g++: error: unrecognized command line option '-qversion'; did you mean '--version'?
g++: fatal error: no input files
compilation terminated.
configure:3014: $? = 1
configure:3034: checking whether the C++ compiler works
configure:3056: g++    conftest.cpp  >&5
configure:3060: $? = 0
configure:3108: result: yes
configure:3111: checking for C++ compiler default output file name
configure:3113: result: a.out
configure:3119: checking for suffix of executables
configure:3126: g++ -o conftest    conftest.cpp  >&5
configure:3130: $? = 0
configure:3152: result: 
configure:3174: checking whether we are cross compiling
configure:3182: g++ -o conftest    conftest.cpp  >&5
configure:3186: $? = 0
configure:3193: ./conftest
configure:3197: $? = 0
configure:3212: result: no
configure:3217: checking for suffix of object files
configure:3239: g++ -c   conftest.cpp >&5
configure:3243: $? = 0
configure:3264: result: o
configure:3268: checking whether we are using the GNU C++ compiler
configure:3287: g++ -c   conftest.cpp >&5
configure:3287: $? = 0
configure:3296: result: yes
configure:3305: checking whether g++ accepts -g
configure:3325: g++ -c -g  conftest.cpp >&5
configure:3325: $? = 0
configure:3366: result: yes
configure:3400: checking for style of include used by make
configure:3428: result: GNU
configure:3453: checking dependency style of g++
configure:3563: result: gcc3
configure:3626: checking for gcc
configure:3642: found /usr/bin/gcc
configure:3653: result: gcc
configure:3882: checking for C compiler version
configure:3891: gcc --version >&5
gcc (GCC) 8.2.0
Copyright (C) 2018 Free Software Foundation, Inc.
This is free software; see the source for copying conditions.  There is NO
warranty; not even for MERCHANTABILITY or FITNESS FOR A PARTICULAR PURPOSE.

configure:3902: $? = 0
configure:3891: gcc -v >&5
Using built-in specs.
COLLECT_GCC=gcc
COLLECT_LTO_WRAPPER=/usr/lib/gcc/x86_64-pc-linux-gnu/8.2.0/lto-wrapper
Target: x86_64-pc-linux-gnu
Configured with: /build/gcc/src/gcc/configure --prefix=/usr --libdir=/usr/lib --libexecdir=/usr/lib --mandir=/usr/share/man --infodir=/usr/share/info --with-bugurl=https://bugs.archlinux.org/ --enable-languages=c,c++,ada,fortran,go,lto,objc,obj-c++ --enable-shared --enable-threads=posix --enable-libmpx --with-system-zlib --with-isl --enable-__cxa_atexit --disable-libunwind-exceptions --enable-clocale=gnu --disable-libstdcxx-pch --disable-libssp --enable-gnu-unique-object --enable-linker-build-id --enable-lto --enable-plugin --enable-install-libiberty --with-linker-hash-style=gnu --enable-gnu-indirect-function --enable-multilib --disable-werror --enable-checking=release --enable-default-pie --enable-default-ssp --enable-cet=auto
Thread model: posix
gcc version 8.2.0 (GCC) 
configure:3902: $? = 0
configure:3891: gcc -V >&5
gcc: error: unrecognized command line option '-V'
gcc: fatal error: no input files
compilation terminated.
configure:3902: $? = 1
configure:3891: gcc -qversion >&5
gcc: error: unrecognized command line option '-qversion'; did you mean '--version'?
gcc: fatal error: no input files
compilation terminated.
configure:3902: $? = 1
configure:3906: checking whether we are using the GNU C compiler
configure:3925: gcc -c   conftest.c >&5
configure:3925: $? = 0
configure:3934: result: yes
configure:3943: checking whether gcc accepts -g
configure:3963: gcc -c -g  conftest.c >&5
configure:3963: $? = 0
configure:4004: result: yes
configure:4021: checking for gcc option to accept ISO C89
configure:4085: gcc  -c -g -O2  conftest.c >&5
configure:4085: $? = 0
configure:4098: result: none needed
configure:4120: checking dependency style of gcc
configure:4230: result: gcc3
configure:4306: checking build system type
configure:4320: result: x86_64-unknown-linux-gnu
configure:4340: checking host system type
configure:4353: result: x86_64-unknown-linux-gnu
configure:4394: checking how to print strings
configure:4421: result: printf
configure:4442: checking for a sed that does not truncate output
configure:4506: result: /usr/bin/sed
configure:4524: checking for grep that handles long lines and -e
configure:4582: result: /usr/bin/grep
configure:4587: checking for egrep
configure:4649: result: /usr/bin/grep -E
configure:4654: checking for fgrep
configure:4716: result: /usr/bin/grep -F
configure:4751: checking for ld used by gcc
configure:4818: result: /usr/bin/ld
configure:4825: checking if the linker (/usr/bin/ld) is GNU ld
configure:4840: result: yes
configure:4852: checking for BSD- or MS-compatible name lister (nm)
configure:4901: result: /usr/bin/nm -B
configure:5031: checking the name lister (/usr/bin/nm -B) interface
configure:5038: gcc -c -g -O2  conftest.c >&5
configure:5041: /usr/bin/nm -B "conftest.o"
configure:5044: output
0000000000000000 B some_variable
configure:5051: result: BSD nm
configure:5054: checking whether ln -s works
configure:5058: result: yes
configure:5066: checking the maximum length of command line arguments
configure:5191: result: 1572864
configure:5208: checking whether the shell understands some XSI constructs
configure:5218: result: yes
configure:5222: checking whether the shell understands "+="
configure:5228: result: yes
configure:5263: checking how to convert x86_64-unknown-linux-gnu file names to x86_64-unknown-linux-gnu format
configure:5303: result: func_convert_file_noop
configure:5310: checking how to convert x86_64-unknown-linux-gnu file names to toolchain format
configure:5330: result: func_convert_file_noop
configure:5337: checking for /usr/bin/ld option to reload object files
configure:5344: result: -r
configure:5418: checking for objdump
configure:5434: found /usr/bin/objdump
configure:5445: result: objdump
configure:5477: checking how to recognize dependent libraries
configure:5679: result: pass_all
configure:5764: checking for dlltool
configure:5794: result: no
configure:5824: checking how to associate runtime and link libraries
configure:5851: result: printf %s\n
configure:5912: checking for ar
configure:5928: found /usr/bin/ar
configure:5939: result: ar
configure:5976: checking for archiver @FILE support
configure:5993: gcc -c -g -O2  conftest.c >&5
configure:5993: $? = 0
configure:5996: ar cru libconftest.a @conftest.lst >&5
ar: `u' modifier ignored since `D' is the default (see `U')
configure:5999: $? = 0
configure:6004: ar cru libconftest.a @conftest.lst >&5
ar: `u' modifier ignored since `D' is the default (see `U')
ar: conftest.o: No such file or directory
configure:6007: $? = 1
configure:6019: result: @
configure:6077: checking for strip
configure:6093: found /usr/bin/strip
configure:6104: result: strip
configure:6176: checking for ranlib
configure:6192: found /usr/bin/ranlib
configure:6203: result: ranlib
configure:6305: checking command to parse /usr/bin/nm -B output from gcc object
configure:6424: gcc -c -g -O2  conftest.c >&5
configure:6427: $? = 0
configure:6431: /usr/bin/nm -B conftest.o \| sed -n -e 's/^.*[ ]\([ABCDGIRSTW][ABCDGIRSTW]*\)[ ][ ]*\([_A-Za-z][_A-Za-z0-9]*\)$/\1 \2 \2/p' | sed '/ __gnu_lto/d' \> conftest.nm
configure:6434: $? = 0
configure:6500: gcc -o conftest -g -O2   conftest.c conftstm.o >&5
configure:6503: $? = 0
configure:6541: result: ok
configure:6578: checking for sysroot
configure:6608: result: no
configure:6685: gcc -c -g -O2  conftest.c >&5
configure:6688: $? = 0
configure:6851: checking for mt
configure:6881: result: no
configure:6901: checking if : is a manifest tool
configure:6907: : '-?'
configure:6915: result: no
configure:7547: checking how to run the C preprocessor
configure:7578: gcc -E  conftest.c
configure:7578: $? = 0
configure:7592: gcc -E  conftest.c
conftest.c:11:10: fatal error: ac_nonexistent.h: No such file or directory
 #include <ac_nonexistent.h>
          ^~~~~~~~~~~~~~~~~~
compilation terminated.
configure:7592: $? = 1
configure: failed program was:
| /* confdefs.h */
| #define PACKAGE_NAME "libccd"
| #define PACKAGE_TARNAME "libccd"
| #define PACKAGE_VERSION "1.0"
| #define PACKAGE_STRING "libccd 1.0"
| #define PACKAGE_BUGREPORT "danfis@danfis.cz"
| #define PACKAGE_URL ""
| #define PACKAGE "libccd"
| #define VERSION "1.0"
| /* end confdefs.h.  */
| #include <ac_nonexistent.h>
configure:7617: result: gcc -E
configure:7637: gcc -E  conftest.c
configure:7637: $? = 0
configure:7651: gcc -E  conftest.c
conftest.c:11:10: fatal error: ac_nonexistent.h: No such file or directory
 #include <ac_nonexistent.h>
          ^~~~~~~~~~~~~~~~~~
compilation terminated.
configure:7651: $? = 1
configure: failed program was:
| /* confdefs.h */
| #define PACKAGE_NAME "libccd"
| #define PACKAGE_TARNAME "libccd"
| #define PACKAGE_VERSION "1.0"
| #define PACKAGE_STRING "libccd 1.0"
| #define PACKAGE_BUGREPORT "danfis@danfis.cz"
| #define PACKAGE_URL ""
| #define PACKAGE "libccd"
| #define VERSION "1.0"
| /* end confdefs.h.  */
| #include <ac_nonexistent.h>
configure:7680: checking for ANSI C header files
configure:7700: gcc -c -g -O2  conftest.c >&5
configure:7700: $? = 0
configure:7773: gcc -o conftest -g -O2   conftest.c  >&5
configure:7773: $? = 0
configure:7773: ./conftest
configure:7773: $? = 0
configure:7784: result: yes
configure:7797: checking for sys/types.h
configure:7797: gcc -c -g -O2  conftest.c >&5
configure:7797: $? = 0
configure:7797: result: yes
configure:7797: checking for sys/stat.h
configure:7797: gcc -c -g -O2  conftest.c >&5
configure:7797: $? = 0
configure:7797: result: yes
configure:7797: checking for stdlib.h
configure:7797: gcc -c -g -O2  conftest.c >&5
configure:7797: $? = 0
configure:7797: result: yes
configure:7797: checking for string.h
configure:7797: gcc -c -g -O2  conftest.c >&5
configure:7797: $? = 0
configure:7797: result: yes
configure:7797: checking for memory.h
configure:7797: gcc -c -g -O2  conftest.c >&5
configure:7797: $? = 0
configure:7797: result: yes
configure:7797: checking for strings.h
configure:7797: gcc -c -g -O2  conftest.c >&5
configure:7797: $? = 0
configure:7797: result: yes
configure:7797: checking for inttypes.h
configure:7797: gcc -c -g -O2  conftest.c >&5
configure:7797: $? = 0
configure:7797: result: yes
configure:7797: checking for stdint.h
configure:7797: gcc -c -g -O2  conftest.c >&5
configure:7797: $? = 0
configure:7797: result: yes
configure:7797: checking for unistd.h
configure:7797: gcc -c -g -O2  conftest.c >&5
configure:7797: $? = 0
configure:7797: result: yes
configure:7811: checking for dlfcn.h
configure:7811: gcc -c -g -O2  conftest.c >&5
configure:7811: $? = 0
configure:7811: result: yes
configure:7979: checking for objdir
configure:7994: result: .libs
configure:8261: checking if gcc supports -fno-rtti -fno-exceptions
configure:8279: gcc -c -g -O2  -fno-rtti -fno-exceptions conftest.c >&5
cc1: warning: command line option '-fno-rtti' is valid for C++/ObjC++ but not for C
configure:8283: $? = 0
configure:8296: result: no
configure:8606: checking for gcc option to produce PIC
configure:8613: result: -fPIC -DPIC
configure:8621: checking if gcc PIC flag -fPIC -DPIC works
configure:8639: gcc -c -g -O2  -fPIC -DPIC -DPIC conftest.c >&5
configure:8643: $? = 0
configure:8656: result: yes
configure:8685: checking if gcc static flag -static works
configure:8713: result: yes
configure:8728: checking if gcc supports -c -o file.o
configure:8749: gcc -c -g -O2  -o out/conftest2.o conftest.c >&5
configure:8753: $? = 0
configure:8775: result: yes
configure:8783: checking if gcc supports -c -o file.o
configure:8830: result: yes
configure:8863: checking whether the gcc linker (/usr/bin/ld -m elf_x86_64) supports shared libraries
configure:10022: result: yes
configure:10267: checking dynamic linker characteristics
configure:10781: gcc -o conftest -g -O2   -Wl,-rpath -Wl,/foo conftest.c  >&5
configure:10781: $? = 0
configure:10805: gcc -c -g -O2  conftest.c >&5
configure:10808: $? = 0
configure:11025: result: GNU/Linux ld.so
configure:11132: checking how to hardcode library paths into programs
configure:11157: result: immediate
configure:11697: checking whether stripping libraries is possible
configure:11702: result: yes
configure:11737: checking if libtool supports shared libraries
configure:11739: result: yes
configure:11742: checking whether to build shared libraries
configure:11763: result: no
configure:11766: checking whether to build static libraries
configure:11770: result: yes
configure:11793: checking how to run the C++ preprocessor
configure:11820: g++ -E  conftest.cpp
configure:11820: $? = 0
configure:11834: g++ -E  conftest.cpp
conftest.cpp:23:10: fatal error: ac_nonexistent.h: No such file or directory
 #include <ac_nonexistent.h>
          ^~~~~~~~~~~~~~~~~~
compilation terminated.
configure:11834: $? = 1
configure: failed program was:
| /* confdefs.h */
| #define PACKAGE_NAME "libccd"
| #define PACKAGE_TARNAME "libccd"
| #define PACKAGE_VERSION "1.0"
| #define PACKAGE_STRING "libccd 1.0"
| #define PACKAGE_BUGREPORT "danfis@danfis.cz"
| #define PACKAGE_URL ""
| #define PACKAGE "libccd"
| #define VERSION "1.0"
| #define STDC_HEADERS 1
| #define HAVE_SYS_TYPES_H 1
| #define HAVE_SYS_STAT_H 1
| #define HAVE_STDLIB_H 1
| #define HAVE_STRING_H 1
| #define HAVE_MEMORY_H 1
| #define HAVE_STRINGS_H 1
| #define HAVE_INTTYPES_H 1
| #define HAVE_STDINT_H 1
| #define HAVE_UNISTD_H 1
| #define HAVE_DLFCN_H 1
| #define LT_OBJDIR ".libs/"
| /* end confdefs.h.  */
| #include <ac_nonexistent.h>
configure:11859: result: g++ -E
configure:11879: g++ -E  conftest.cpp
configure:11879: $? = 0
configure:11893: g++ -E  conftest.cpp
conftest.cpp:23:10: fatal error: ac_nonexistent.h: No such file or directory
 #include <ac_nonexistent.h>
          ^~~~~~~~~~~~~~~~~~
compilation terminated.
configure:11893: $? = 1
configure: failed program was:
| /* confdefs.h */
| #define PACKAGE_NAME "libccd"
| #define PACKAGE_TARNAME "libccd"
| #define PACKAGE_VERSION "1.0"
| #define PACKAGE_STRING "libccd 1.0"
| #define PACKAGE_BUGREPORT "danfis@danfis.cz"
| #define PACKAGE_URL ""
| #define PACKAGE "libccd"
| #define VERSION "1.0"
| #define STDC_HEADERS 1
| #define HAVE_SYS_TYPES_H 1
| #define HAVE_SYS_STAT_H 1
| #define HAVE_STDLIB_H 1
| #define HAVE_STRING_H 1
| #define HAVE_MEMORY_H 1
| #define HAVE_STRINGS_H 1
| #define HAVE_INTTYPES_H 1
| #define HAVE_STDINT_H 1
| #define HAVE_UNISTD_H 1
| #define HAVE_DLFCN_H 1
| #define LT_OBJDIR ".libs/"
| /* end confdefs.h.  */
| #include <ac_nonexistent.h>
configure:12063: checking for ld used by g++
configure:12130: result: /usr/bin/ld -m elf_x86_64
configure:12137: checking if the linker (/usr/bin/ld -m elf_x86_64) is GNU ld
configure:12152: result: yes
configure:12207: checking whether the g++ linker (/usr/bin/ld -m elf_x86_64) supports shared libraries
configure:13212: result: yes
configure:13247: g++ -c -g -O2  conftest.cpp >&5
configure:13250: $? = 0
configure:13770: checking for g++ option to produce PIC
configure:13777: result: -fPIC -DPIC
configure:13785: checking if g++ PIC flag -fPIC -DPIC works
configure:13803: g++ -c -g -O2  -fPIC -DPIC -DPIC conftest.cpp >&5
configure:13807: $? = 0
configure:13820: result: yes
configure:13843: checking if g++ static flag -static works
configure:13871: result: yes
configure:13883: checking if g++ supports -c -o file.o
configure:13904: g++ -c -g -O2  -o out/conftest2.o conftest.cpp >&5
configure:13908: $? = 0
configure:13930: result: yes
configure:13935: checking if g++ supports -c -o file.o
configure:13982: result: yes
configure:14012: checking whether the g++ linker (/usr/bin/ld -m elf_x86_64) supports shared libraries
configure:14049: result: yes
configure:14192: checking dynamic linker characteristics
configure:14664: g++ -c -g -O2  conftest.cpp >&5
configure:14667: $? = 0
configure:14884: result: GNU/Linux ld.so
configure:14937: checking how to hardcode library paths into programs
configure:14962: result: immediate
configure:15023: checking for main in -lm
configure:15042: gcc -o conftest -g -O2   conftest.c -lm   >&5
configure:15042: $? = 0
configure:15051: result: yes
configure:15063: checking for main in -lrt
configure:15082: gcc -o conftest -g -O2   conftest.c -lrt  -lm  >&5
configure:15082: $? = 0
configure:15091: result: yes
configure:15107: checking float.h usability
configure:15107: gcc -c -g -O2  conftest.c >&5
configure:15107: $? = 0
configure:15107: result: yes
configure:15107: checking float.h presence
configure:15107: gcc -E  conftest.c
configure:15107: $? = 0
configure:15107: result: yes
configure:15107: checking for float.h
configure:15107: result: yes
configure:15107: checking for stdlib.h
configure:15107: result: yes
configure:15107: checking for string.h
configure:15107: result: yes
configure:15107: checking for unistd.h
configure:15107: result: yes
configure:15119: checking for size_t
configure:15119: gcc -c -g -O2  conftest.c >&5
configure:15119: $? = 0
configure:15119: gcc -c -g -O2  conftest.c >&5
conftest.c: In function 'main':
conftest.c:65:21: error: expected expression before ')' token
 if (sizeof ((size_t)))
                     ^
configure:15119: $? = 1
configure: failed program was:
| /* confdefs.h */
| #define PACKAGE_NAME "libccd"
| #define PACKAGE_TARNAME "libccd"
| #define PACKAGE_VERSION "1.0"
| #define PACKAGE_STRING "libccd 1.0"
| #define PACKAGE_BUGREPORT "danfis@danfis.cz"
| #define PACKAGE_URL ""
| #define PACKAGE "libccd"
| #define VERSION "1.0"
| #define STDC_HEADERS 1
| #define HAVE_SYS_TYPES_H 1
| #define HAVE_SYS_STAT_H 1
| #define HAVE_STDLIB_H 1
| #define HAVE_STRING_H 1
| #define HAVE_MEMORY_H 1
| #define HAVE_STRINGS_H 1
| #define HAVE_INTTYPES_H 1
| #define HAVE_STDINT_H 1
| #define HAVE_UNISTD_H 1
| #define HAVE_DLFCN_H 1
| #define LT_OBJDIR ".libs/"
| #define HAVE_LIBM 1
| #define HAVE_LIBRT 1
| #define HAVE_FLOAT_H 1
| #define HAVE_STDLIB_H 1
| #define HAVE_STRING_H 1
| #define HAVE_UNISTD_H 1
| /* end confdefs.h.  */
| #include <stdio.h>
| #ifdef HAVE_SYS_TYPES_H
| # include <sys/types.h>
| #endif
| #ifdef HAVE_SYS_STAT_H
| # include <sys/stat.h>
| #endif
| #ifdef STDC_HEADERS
| # include <stdlib.h>
| # include <stddef.h>
| #else
| # ifdef HAVE_STDLIB_H
| #  include <stdlib.h>
| # endif
| #endif
| #ifdef HAVE_STRING_H
| # if !defined STDC_HEADERS && defined HAVE_MEMORY_H
| #  include <memory.h>
| # endif
| # include <string.h>
| #endif
| #ifdef HAVE_STRINGS_H
| # include <strings.h>
| #endif
| #ifdef HAVE_INTTYPES_H
| # include <inttypes.h>
| #endif
| #ifdef HAVE_STDINT_H
| # include <stdint.h>
| #endif
| #ifdef HAVE_UNISTD_H
| # include <unistd.h>
| #endif
| int
| main ()
| {
| if (sizeof ((size_t)))
| 	    return 0;
|   ;
|   return 0;
| }
configure:15119: result: yes
configure:15132: checking for pid_t
configure:15132: gcc -c -g -O2  conftest.c >&5
configure:15132: $? = 0
configure:15132: gcc -c -g -O2  conftest.c >&5
conftest.c: In function 'main':
conftest.c:65:20: error: expected expression before ')' token
 if (sizeof ((pid_t)))
                    ^
configure:15132: $? = 1
configure: failed program was:
| /* confdefs.h */
| #define PACKAGE_NAME "libccd"
| #define PACKAGE_TARNAME "libccd"
| #define PACKAGE_VERSION "1.0"
| #define PACKAGE_STRING "libccd 1.0"
| #define PACKAGE_BUGREPORT "danfis@danfis.cz"
| #define PACKAGE_URL ""
| #define PACKAGE "libccd"
| #define VERSION "1.0"
| #define STDC_HEADERS 1
| #define HAVE_SYS_TYPES_H 1
| #define HAVE_SYS_STAT_H 1
| #define HAVE_STDLIB_H 1
| #define HAVE_STRING_H 1
| #define HAVE_MEMORY_H 1
| #define HAVE_STRINGS_H 1
| #define HAVE_INTTYPES_H 1
| #define HAVE_STDINT_H 1
| #define HAVE_UNISTD_H 1
| #define HAVE_DLFCN_H 1
| #define LT_OBJDIR ".libs/"
| #define HAVE_LIBM 1
| #define HAVE_LIBRT 1
| #define HAVE_FLOAT_H 1
| #define HAVE_STDLIB_H 1
| #define HAVE_STRING_H 1
| #define HAVE_UNISTD_H 1
| /* end confdefs.h.  */
| #include <stdio.h>
| #ifdef HAVE_SYS_TYPES_H
| # include <sys/types.h>
| #endif
| #ifdef HAVE_SYS_STAT_H
| # include <sys/stat.h>
| #endif
| #ifdef STDC_HEADERS
| # include <stdlib.h>
| # include <stddef.h>
| #else
| # ifdef HAVE_STDLIB_H
| #  include <stdlib.h>
| # endif
| #endif
| #ifdef HAVE_STRING_H
| # if !defined STDC_HEADERS && defined HAVE_MEMORY_H
| #  include <memory.h>
| # endif
| # include <string.h>
| #endif
| #ifdef HAVE_STRINGS_H
| # include <strings.h>
| #endif
| #ifdef HAVE_INTTYPES_H
| # include <inttypes.h>
| #endif
| #ifdef HAVE_STDINT_H
| # include <stdint.h>
| #endif
| #ifdef HAVE_UNISTD_H
| # include <unistd.h>
| #endif
| int
| main ()
| {
| if (sizeof ((pid_t)))
| 	    return 0;
|   ;
|   return 0;
| }
configure:15132: result: yes
configure:15145: checking vfork.h usability
configure:15145: gcc -c -g -O2  conftest.c >&5
conftest.c:62:10: fatal error: vfork.h: No such file or directory
 #include <vfork.h>
          ^~~~~~~~~
compilation terminated.
configure:15145: $? = 1
configure: failed program was:
| /* confdefs.h */
| #define PACKAGE_NAME "libccd"
| #define PACKAGE_TARNAME "libccd"
| #define PACKAGE_VERSION "1.0"
| #define PACKAGE_STRING "libccd 1.0"
| #define PACKAGE_BUGREPORT "danfis@danfis.cz"
| #define PACKAGE_URL ""
| #define PACKAGE "libccd"
| #define VERSION "1.0"
| #define STDC_HEADERS 1
| #define HAVE_SYS_TYPES_H 1
| #define HAVE_SYS_STAT_H 1
| #define HAVE_STDLIB_H 1
| #define HAVE_STRING_H 1
| #define HAVE_MEMORY_H 1
| #define HAVE_STRINGS_H 1
| #define HAVE_INTTYPES_H 1
| #define HAVE_STDINT_H 1
| #define HAVE_UNISTD_H 1
| #define HAVE_DLFCN_H 1
| #define LT_OBJDIR ".libs/"
| #define HAVE_LIBM 1
| #define HAVE_LIBRT 1
| #define HAVE_FLOAT_H 1
| #define HAVE_STDLIB_H 1
| #define HAVE_STRING_H 1
| #define HAVE_UNISTD_H 1
| /* end confdefs.h.  */
| #include <stdio.h>
| #ifdef HAVE_SYS_TYPES_H
| # include <sys/types.h>
| #endif
| #ifdef HAVE_SYS_STAT_H
| # include <sys/stat.h>
| #endif
| #ifdef STDC_HEADERS
| # include <stdlib.h>
| # include <stddef.h>
| #else
| # ifdef HAVE_STDLIB_H
| #  include <stdlib.h>
| # endif
| #endif
| #ifdef HAVE_STRING_H
| # if !defined STDC_HEADERS && defined HAVE_MEMORY_H
| #  include <memory.h>
| # endif
| # include <string.h>
| #endif
| #ifdef HAVE_STRINGS_H
| # include <strings.h>
| #endif
| #ifdef HAVE_INTTYPES_H
| # include <inttypes.h>
| #endif
| #ifdef HAVE_STDINT_H
| # include <stdint.h>
| #endif
| #ifdef HAVE_UNISTD_H
| # include <unistd.h>
| #endif
| #include <vfork.h>
configure:15145: result: no
configure:15145: checking vfork.h presence
configure:15145: gcc -E  conftest.c
conftest.c:29:10: fatal error: vfork.h: No such file or directory
 #include <vfork.h>
          ^~~~~~~~~
compilation terminated.
configure:15145: $? = 1
configure: failed program was:
| /* confdefs.h */
| #define PACKAGE_NAME "libccd"
| #define PACKAGE_TARNAME "libccd"
| #define PACKAGE_VERSION "1.0"
| #define PACKAGE_STRING "libccd 1.0"
| #define PACKAGE_BUGREPORT "danfis@danfis.cz"
| #define PACKAGE_URL ""
| #define PACKAGE "libccd"
| #define VERSION "1.0"
| #define STDC_HEADERS 1
| #define HAVE_SYS_TYPES_H 1
| #define HAVE_SYS_STAT_H 1
| #define HAVE_STDLIB_H 1
| #define HAVE_STRING_H 1
| #define HAVE_MEMORY_H 1
| #define HAVE_STRINGS_H 1
| #define HAVE_INTTYPES_H 1
| #define HAVE_STDINT_H 1
| #define HAVE_UNISTD_H 1
| #define HAVE_DLFCN_H 1
| #define LT_OBJDIR ".libs/"
| #define HAVE_LIBM 1
| #define HAVE_LIBRT 1
| #define HAVE_FLOAT_H 1
| #define HAVE_STDLIB_H 1
| #define HAVE_STRING_H 1
| #define HAVE_UNISTD_H 1
| /* end confdefs.h.  */
| #include <vfork.h>
configure:15145: result: no
configure:15145: checking for vfork.h
configure:15145: result: no
configure:15158: checking for fork
configure:15158: gcc -o conftest -g -O2   conftest.c -lrt -lm  >&5
conftest.c:52:6: warning: conflicting types for built-in function 'fork' [-Wbuiltin-declaration-mismatch]
 char fork ();
      ^~~~
configure:15158: $? = 0
configure:15158: result: yes
configure:15158: checking for vfork
configure:15158: gcc -o conftest -g -O2   conftest.c -lrt -lm  >&5
configure:15158: $? = 0
configure:15158: result: yes
configure:15168: checking for working fork
configure:15190: gcc -o conftest -g -O2   conftest.c -lrt -lm  >&5
configure:15190: $? = 0
configure:15190: ./conftest
configure:15190: $? = 0
configure:15200: result: yes
configure:15221: checking for working vfork
configure:15331: result: yes
configure:15358: checking for stdlib.h
configure:15358: result: yes
configure:15368: checking for GNU libc compatible realloc
configure:15392: gcc -o conftest -g -O2   conftest.c -lrt -lm  >&5
configure:15392: $? = 0
configure:15392: ./conftest
configure:15392: $? = 0
configure:15402: result: yes
configure:15425: checking for clock_gettime
configure:15425: gcc -o conftest -g -O2   conftest.c -lrt -lm  >&5
configure:15425: $? = 0
configure:15425: result: yes
configure:15589: creating ./config.status

## ---------------------- ##
## Running config.status. ##
## ---------------------- ##

This file was extended by libccd config.status 1.0, which was
generated by GNU Autoconf 2.68.  Invocation command line was

  CONFIG_FILES    = 
  CONFIG_HEADERS  = 
  CONFIG_LINKS    = 
  CONFIG_COMMANDS = 
  $ ./config.status 

on X1Carbon

config.status:1168: creating Makefile
config.status:1168: creating src/Makefile
config.status:1168: creating src/testsuites/Makefile
config.status:1168: creating src/testsuites/cu/Makefile
config.status:1168: creating src/ccd/config.h
config.status:1397: executing depfiles commands
config.status:1397: executing libtool commands

## ---------------- ##
## Cache variables. ##
## ---------------- ##

ac_cv_build=x86_64-unknown-linux-gnu
ac_cv_c_compiler_gnu=yes
ac_cv_cxx_compiler_gnu=yes
ac_cv_env_CCC_set=
ac_cv_env_CCC_value=
ac_cv_env_CC_set=
ac_cv_env_CC_value=
ac_cv_env_CFLAGS_set=
ac_cv_env_CFLAGS_value=
ac_cv_env_CPPFLAGS_set=
ac_cv_env_CPPFLAGS_value=
ac_cv_env_CPP_set=
ac_cv_env_CPP_value=
ac_cv_env_CXXCPP_set=
ac_cv_env_CXXCPP_value=
ac_cv_env_CXXFLAGS_set=
ac_cv_env_CXXFLAGS_value=
ac_cv_env_CXX_set=
ac_cv_env_CXX_value=
ac_cv_env_LDFLAGS_set=
ac_cv_env_LDFLAGS_value=
ac_cv_env_LIBS_set=
ac_cv_env_LIBS_value=
ac_cv_env_build_alias_set=
ac_cv_env_build_alias_value=
ac_cv_env_host_alias_set=
ac_cv_env_host_alias_value=
ac_cv_env_target_alias_set=
ac_cv_env_target_alias_value=
ac_cv_func_clock_gettime=yes
ac_cv_func_fork=yes
ac_cv_func_fork_works=yes
ac_cv_func_realloc_0_nonnull=yes
ac_cv_func_vfork=yes
ac_cv_func_vfork_works=yes
ac_cv_header_dlfcn_h=yes
ac_cv_header_float_h=yes
ac_cv_header_inttypes_h=yes
ac_cv_header_memory_h=yes
ac_cv_header_stdc=yes
ac_cv_header_stdint_h=yes
ac_cv_header_stdlib_h=yes
ac_cv_header_string_h=yes
ac_cv_header_strings_h=yes
ac_cv_header_sys_stat_h=yes
ac_cv_header_sys_types_h=yes
ac_cv_header_unistd_h=yes
ac_cv_header_vfork_h=no
ac_cv_host=x86_64-unknown-linux-gnu
ac_cv_lib_m_main=yes
ac_cv_lib_rt_main=yes
ac_cv_objext=o
ac_cv_path_EGREP='/usr/bin/grep -E'
ac_cv_path_FGREP='/usr/bin/grep -F'
ac_cv_path_GREP=/usr/bin/grep
ac_cv_path_SED=/usr/bin/sed
ac_cv_path_install='/usr/bin/install -c'
ac_cv_path_mkdir=/usr/bin/mkdir
ac_cv_prog_AWK=gawk
ac_cv_prog_CPP='gcc -E'
ac_cv_prog_CXXCPP='g++ -E'
ac_cv_prog_ac_ct_AR=ar
ac_cv_prog_ac_ct_CC=gcc
ac_cv_prog_ac_ct_CXX=g++
ac_cv_prog_ac_ct_OBJDUMP=objdump
ac_cv_prog_ac_ct_RANLIB=ranlib
ac_cv_prog_ac_ct_STRIP=strip
ac_cv_prog_cc_c89=
ac_cv_prog_cc_g=yes
ac_cv_prog_cxx_g=yes
ac_cv_prog_make_make_set=yes
ac_cv_type_pid_t=yes
ac_cv_type_size_t=yes
am_cv_CC_dependencies_compiler_type=gcc3
am_cv_CXX_dependencies_compiler_type=gcc3
lt_cv_ar_at_file=@
lt_cv_deplibs_check_method=pass_all
lt_cv_file_magic_cmd='$MAGIC_CMD'
lt_cv_file_magic_test_file=
lt_cv_ld_reload_flag=-r
lt_cv_nm_interface='BSD nm'
lt_cv_objdir=.libs
lt_cv_path_LD=/usr/bin/ld
lt_cv_path_LDCXX='/usr/bin/ld -m elf_x86_64'
lt_cv_path_NM='/usr/bin/nm -B'
lt_cv_path_mainfest_tool=no
lt_cv_prog_compiler_c_o=yes
lt_cv_prog_compiler_c_o_CXX=yes
lt_cv_prog_compiler_pic='-fPIC -DPIC'
lt_cv_prog_compiler_pic_CXX='-fPIC -DPIC'
lt_cv_prog_compiler_pic_works=yes
lt_cv_prog_compiler_pic_works_CXX=yes
lt_cv_prog_compiler_rtti_exceptions=no
lt_cv_prog_compiler_static_works=yes
lt_cv_prog_compiler_static_works_CXX=yes
lt_cv_prog_gnu_ld=yes
lt_cv_prog_gnu_ldcxx=yes
lt_cv_sharedlib_from_linklib_cmd='printf %s\n'
lt_cv_shlibpath_overrides_runpath=no
lt_cv_sys_global_symbol_pipe='sed -n -e '\''s/^.*[	 ]\([ABCDGIRSTW][ABCDGIRSTW]*\)[	 ][	 ]*\([_A-Za-z][_A-Za-z0-9]*\)$/\1 \2 \2/p'\'' | sed '\''/ __gnu_lto/d'\'''
lt_cv_sys_global_symbol_to_c_name_address='sed -n -e '\''s/^: \([^ ]*\)[ ]*$/  {\"\1\", (void *) 0},/p'\'' -e '\''s/^[ABCDGIRSTW]* \([^ ]*\) \([^ ]*\)$/  {"\2", (void *) \&\2},/p'\'''
lt_cv_sys_global_symbol_to_c_name_address_lib_prefix='sed -n -e '\''s/^: \([^ ]*\)[ ]*$/  {\"\1\", (void *) 0},/p'\'' -e '\''s/^[ABCDGIRSTW]* \([^ ]*\) \(lib[^ ]*\)$/  {"\2", (void *) \&\2},/p'\'' -e '\''s/^[ABCDGIRSTW]* \([^ ]*\) \([^ ]*\)$/  {"lib\2", (void *) \&\2},/p'\'''
lt_cv_sys_global_symbol_to_cdecl='sed -n -e '\''s/^T .* \(.*\)$/extern int \1();/p'\'' -e '\''s/^[ABCDGIRSTW]* .* \(.*\)$/extern char \1;/p'\'''
lt_cv_sys_max_cmd_len=1572864
lt_cv_to_host_file_cmd=func_convert_file_noop
lt_cv_to_tool_file_cmd=func_convert_file_noop

## ----------------- ##
## Output variables. ##
## ----------------- ##

ACLOCAL='${SHELL} /home/danilo/Downloads/skunks-4.2.0/ODE/ode-0.12/missing --run aclocal-1.11'
AMDEPBACKSLASH='\'
AMDEP_FALSE='#'
AMDEP_TRUE=''
AMTAR='${SHELL} /home/danilo/Downloads/skunks-4.2.0/ODE/ode-0.12/missing --run tar'
AR='ar'
AUTOCONF='${SHELL} /home/danilo/Downloads/skunks-4.2.0/ODE/ode-0.12/missing --run autoconf'
AUTOHEADER='${SHELL} /home/danilo/Downloads/skunks-4.2.0/ODE/ode-0.12/missing --run autoheader'
AUTOMAKE='${SHELL} /home/danilo/Downloads/skunks-4.2.0/ODE/ode-0.12/missing --run automake-1.11'
AWK='gawk'
CC='gcc'
CCDEPMODE='depmode=gcc3'
CFLAGS='-g -O2'
CPP='gcc -E'
CPPFLAGS=''
CXX='g++'
CXXCPP='g++ -E'
CXXDEPMODE='depmode=gcc3'
CXXFLAGS='-g -O2'
CYGPATH_W='echo'
DEFS='-DHAVE_CONFIG_H'
DEPDIR='.deps'
DLLTOOL='false'
DSYMUTIL=''
DUMPBIN=''
ECHO_C=''
ECHO_N='-n'
ECHO_T=''
EGREP='/usr/bin/grep -E'
EXEEXT=''
FGREP='/usr/bin/grep -F'
GREP='/usr/bin/grep'
INSTALL_DATA='${INSTALL} -m 644'
INSTALL_PROGRAM='${INSTALL}'
INSTALL_SCRIPT='${INSTALL}'
INSTALL_STRIP_PROGRAM='$(install_sh) -c -s'
LD='/usr/bin/ld -m elf_x86_64'
LDFLAGS=''
LIBOBJS=''
LIBS='-lrt -lm '
LIBTOOL='$(SHELL) $(top_builddir)/libtool'
LIPO=''
LN_S='ln -s'
LTLIBOBJS=''
MAKEINFO='${SHELL} /home/danilo/Downloads/skunks-4.2.0/ODE/ode-0.12/missing --run makeinfo'
MANIFEST_TOOL=':'
MKDIR_P='/usr/bin/mkdir -p'
NM='/usr/bin/nm -B'
NMEDIT=''
OBJDUMP='objdump'
OBJEXT='o'
OTOOL64=''
OTOOL=''
PACKAGE='libccd'
PACKAGE_BUGREPORT='danfis@danfis.cz'
PACKAGE_NAME='libccd'
PACKAGE_STRING='libccd 1.0'
PACKAGE_TARNAME='libccd'
PACKAGE_URL=''
PACKAGE_VERSION='1.0'
PATH_SEPARATOR=':'
RANLIB='ranlib'
SED='/usr/bin/sed'
SET_MAKE=''
SHELL='/bin/sh'
STRIP='strip'
VERSION='1.0'
ac_ct_AR='ar'
ac_ct_CC='gcc'
ac_ct_CXX='g++'
ac_ct_DUMPBIN=''
am__EXEEXT_FALSE=''
am__EXEEXT_TRUE='#'
am__fastdepCC_FALSE='#'
am__fastdepCC_TRUE=''
am__fastdepCXX_FALSE='#'
am__fastdepCXX_TRUE=''
am__include='include'
am__isrc=''
am__leading_dot='.'
am__quote=''
am__tar='${AMTAR} chof - "$$tardir"'
am__untar='${AMTAR} xf -'
bindir='${exec_prefix}/bin'
build='x86_64-unknown-linux-gnu'
build_alias=''
build_cpu='x86_64'
build_os='linux-gnu'
build_vendor='unknown'
datadir='${datarootdir}'
datarootdir='${prefix}/share'
docdir='${datarootdir}/doc/${PACKAGE_TARNAME}'
dvidir='${docdir}'
exec_prefix='${prefix}'
host='x86_64-unknown-linux-gnu'
host_alias=''
host_cpu='x86_64'
host_os='linux-gnu'
host_vendor='unknown'
htmldir='${docdir}'
includedir='${prefix}/include'
infodir='${datarootdir}/info'
install_sh='${SHELL} /home/danilo/Downloads/skunks-4.2.0/ODE/ode-0.12/install-sh'
libdir='${exec_prefix}/lib'
libexecdir='${exec_prefix}/libexec'
localedir='${datarootdir}/locale'
localstatedir='${prefix}/var'
mandir='${datarootdir}/man'
mkdir_p='/usr/bin/mkdir -p'
oldincludedir='/usr/include'
pdfdir='${docdir}'
prefix='/home/danilo/Downloads/skunks-4.2.0/ODE/local'
program_transform_name='s,x,x,'
psdir='${docdir}'
sbindir='${exec_prefix}/sbin'
sharedstatedir='${prefix}/com'
sysconfdir='${prefix}/etc'
target_alias=''

## ----------- ##
## confdefs.h. ##
## ----------- ##

/* confdefs.h */
#define PACKAGE_NAME "libccd"
#define PACKAGE_TARNAME "libccd"
#define PACKAGE_VERSION "1.0"
#define PACKAGE_STRING "libccd 1.0"
#define PACKAGE_BUGREPORT "danfis@danfis.cz"
#define PACKAGE_URL ""
#define PACKAGE "libccd"
#define VERSION "1.0"
#define STDC_HEADERS 1
#define HAVE_SYS_TYPES_H 1
#define HAVE_SYS_STAT_H 1
#define HAVE_STDLIB_H 1
#define HAVE_STRING_H 1
#define HAVE_MEMORY_H 1
#define HAVE_STRINGS_H 1
#define HAVE_INTTYPES_H 1
#define HAVE_STDINT_H 1
#define HAVE_UNISTD_H 1
#define HAVE_DLFCN_H 1
#define LT_OBJDIR ".libs/"
#define HAVE_LIBM 1
#define HAVE_LIBRT 1
#define HAVE_FLOAT_H 1
#define HAVE_STDLIB_H 1
#define HAVE_STRING_H 1
#define HAVE_UNISTD_H 1
#define HAVE_FORK 1
#define HAVE_VFORK 1
#define HAVE_WORKING_VFORK 1
#define HAVE_WORKING_FORK 1
#define HAVE_STDLIB_H 1
#define HAVE_REALLOC 1
#define HAVE_CLOCK_GETTIME 1
#define CCD_SINGLE /**/

configure: exit 0
